--- Available filters and text transformations: colorize, debug, default, direct, hexlify, log2file, nocontrol, printable, send_on_enter, time
--- More details at http://bit.ly/pio-monitor-filters
␀
PRE: 998.15
HUM: 47.19
TEM: 30.35
PRE: 998.14
HUM: 47.23
TEM: 30.35
PRE: 998.14
HUM: 47.20
TEM: 30.35
PRE: 998.13
HUM: 47.08
TEM: 30.35
PRE: 998.12
HUM: 47.06
TEM: 30.35
PRE: 998.12
HUM: 47.04
TEM: 30.35
PRE: 998.11
HUM: 46.90
TEM: 30.35
PRE: 998.10
HUM: 46.90
TEM: 30.36
PRE: 998.10
HUM: 46.87
TEM: 30.36
PRE: 998.09
HUM: 46.83
TEM: 30.36
PRE: 998.09
HUM: 46.79
TEM: 30.36
PRE: 998.09
HUM: 46.77
TEM: 30.36
PRE: 998.09
HUM: 46.81
TEM: 30.36
PRE: 998.08
HUM: 46.64
TEM: 30.37
PRE: 998.08
HUM: 46.58
TEM: 30.37
PRE: 998.08
HUM: 46.54
TEM: 30.37
PRE: 998.07
HUM: 46.54
TEM: 30.37
PRE: 998.08
HUM: 46.36
TEM: 30.38
PRE: 998.08
HUM: 46.34
TEM: 30.38
PRE: 998.08
HUM: 46.34
TEM: 30.38
PRE: 998.08
HUM: 46.29
TEM: 30.39
PRE: 998.08
HUM: 46.24
TEM: 30.39
PRE: 998.08
HUM: 46.25
TEM: 30.39
PRE: 998.09
HUM: 46.21
TEM: 30.40
PRE: 998.09
HUM: 46.19
TEM: 30.40
PRE: 998.09
HUM: 46.20
TEM: 30.40
PRE: 998.09
HUM: 46.28
TEM: 30.40
PRE: 998.09
HUM: 46.13
TEM: 30.41
PRE: 998.09
HUM: 46.10
TEM: 30.41
PRE: 998.09
HUM: 46.05
TEM: 30.41
PRE: 998.09
HUM: 46.07
TEM: 30.41
PRE: 998.09
HUM: 46.08
TEM: 30.41
PRE: 998.09
HUM: 46.03
TEM: 30.41
PRE: 998.09
HUM: 46.04
TEM: 30.41
PRE: 998.09
HUM: 45.99
TEM: 30.41
PRE: 998.09
HUM: 45.99
TEM: 30.42
PRE: 998.08
HUM: 45.99
TEM: 30.42
PRE: 998.08
HUM: 46.00
TEM: 30.42
PRE: 998.07
HUM: 45.97
TEM: 30.42
PRE: 998.07
HUM: 46.03
TEM: 30.42
PRE: 998.07
HUM: 46.04
TEM: 30.42
PRE: 998.07
HUM: 46.08
TEM: 30.42
PRE: 998.06
HUM: 46.12
TEM: 30.42
PRE: 998.07
HUM: 46.16
TEM: 30.42
PRE: 998.06
HUM: 46.19
TEM: 30.42
PRE: 998.06
HUM: 46.19
TEM: 30.42
PRE: 998.05
HUM: 46.16
TEM: 30.42
PRE: 998.05
HUM: 46.17
TEM: 30.42
PRE: 998.06
HUM: 46.18
TEM: 30.42
PRE: 998.06
HUM: 46.13
TEM: 30.41
PRE: 998.06
HUM: 46.10
TEM: 30.41
PRE: 998.06
HUM: 46.08
TEM: 30.41
PRE: 998.06
HUM: 46.06
TEM: 30.41
PRE: 998.05
HUM: 46.05
TEM: 30.41
PRE: 998.06
HUM: 46.00
TEM: 30.42
PRE: 998.06
HUM: 45.92
TEM: 30.42
PRE: 998.06
HUM: 45.93
TEM: 30.42
PRE: 998.06
HUM: 45.94
TEM: 30.42
PRE: 998.06
HUM: 45.85
TEM: 30.42
PRE: 998.05
HUM: 45.91
TEM: 30.42
PRE: 998.04
HUM: 46.05
TEM: 30.42
PRE: 998.04
HUM: 45.77
TEM: 30.42
PRE: 998.03
HUM: 45.79
TEM: 30.42
PRE: 998.03
HUM: 45.75
TEM: 30.42
PRE: 998.03
HUM: 45.74
TEM: 30.42
PRE: 998.03
HUM: 45.67
TEM: 30.42
PRE: 998.03
HUM: 45.68
TEM: 30.42
PRE: 998.02
HUM: 45.68
TEM: 30.42
PRE: 998.02
HUM: 45.58
TEM: 30.42
PRE: 998.02
HUM: 45.61
TEM: 30.42
PRE: 998.02
HUM: 45.56
TEM: 30.42
PRE: 998.02
HUM: 45.66
TEM: 30.42
PRE: 998.02
HUM: 45.54
TEM: 30.42
PRE: 998.02
HUM: 45.56
TEM: 30.42
PRE: 998.02
HUM: 45.38
TEM: 30.42
PRE: 998.02
HUM: 45.36
TEM: 30.42
PRE: 998.01
HUM: 45.32
TEM: 30.42
PRE: 998.00
HUM: 45.27
TEM: 30.42
PRE: 998.00
HUM: 45.21
TEM: 30.42
PRE: 998.00
HUM: 45.21
TEM: 30.42
PRE: 997.99
HUM: 45.18
TEM: 30.42
PRE: 997.99
HUM: 45.13
TEM: 30.43
PRE: 997.99
HUM: 45.03
TEM: 30.43
PRE: 997.99
HUM: 44.91
TEM: 30.44
PRE: 997.98
HUM: 44.87
TEM: 30.44
PRE: 997.98
HUM: 44.90
TEM: 30.45
PRE: 997.98
HUM: 44.84
TEM: 30.45
PRE: 997.97
HUM: 44.82
TEM: 30.46
PRE: 997.97
HUM: 44.78
TEM: 30.46
PRE: 997.97
HUM: 44.73
TEM: 30.47
PRE: 997.97
HUM: 44.69
TEM: 30.47
PRE: 997.97
HUM: 44.70
TEM: 30.48
PRE: 997.97
HUM: 44.68
TEM: 30.48
PRE: 997.96
HUM: 44.74
TEM: 30.48
PRE: 997.96
HUM: 44.74
TEM: 30.49
PRE: 997.96
HUM: 44.76
TEM: 30.49
PRE: 997.95
HUM: 44.78
TEM: 30.49
PRE: 997.95
HUM: 44.78
TEM: 30.49
PRE: 997.95
HUM: 44.78
TEM: 30.48
PRE: 997.95
HUM: 44.69
TEM: 30.48
PRE: 997.95
HUM: 44.76
TEM: 30.48
PRE: 997.96
HUM: 44.75
TEM: 30.48
PRE: 997.95
HUM: 44.76
TEM: 30.48
PRE: 997.95
HUM: 44.73
TEM: 30.48
PRE: 997.96
HUM: 44.74
TEM: 30.48
PRE: 997.96
HUM: 44.69
TEM: 30.48
PRE: 997.95
HUM: 44.65
TEM: 30.48
PRE: 997.95
HUM: 44.64
TEM: 30.48
PRE: 997.95
HUM: 44.68
TEM: 30.48
PRE: 997.95
HUM: 44.71
TEM: 30.48
PRE: 997.95
HUM: 44.64
TEM: 30.48
PRE: 997.96
HUM: 44.61
TEM: 30.48
PRE: 997.96
HUM: 44.57
TEM: 30.48
PRE: 997.97
HUM: 44.58
TEM: 30.48
PRE: 997.97
HUM: 44.52
TEM: 30.48
PRE: 997.97
HUM: 44.49
TEM: 30.48
PRE: 997.97
HUM: 44.45
TEM: 30.48
PRE: 997.97
HUM: 44.45
TEM: 30.49
PRE: 997.98
HUM: 44.36
TEM: 30.49
PRE: 997.98
HUM: 44.34
TEM: 30.49
PRE: 997.99
HUM: 44.32
TEM: 30.50
PRE: 997.98
HUM: 44.24
TEM: 30.50
PRE: 997.99
HUM: 44.23
TEM: 30.50
PRE: 997.98
HUM: 44.20
TEM: 30.50
PRE: 997.99
HUM: 44.21
TEM: 30.51
PRE: 997.98
HUM: 44.14
TEM: 30.51
PRE: 997.98
HUM: 44.12
TEM: 30.51
PRE: 997.98
HUM: 44.02
TEM: 30.52
PRE: 997.97
HUM: 44.02
TEM: 30.52
PRE: 997.97
HUM: 44.05
TEM: 30.52
PRE: 997.96
HUM: 44.01
TEM: 30.53
PRE: 997.96
HUM: 44.02
TEM: 30.53
PRE: 997.95
HUM: 43.94
TEM: 30.53
PRE: 997.95
HUM: 44.00
TEM: 30.53
PRE: 997.95
HUM: 44.01
TEM: 30.53
PRE: 997.94
HUM: 44.00
TEM: 30.53
PRE: 997.94
HUM: 44.01
TEM: 30.53
PRE: 997.94
HUM: 44.03
TEM: 30.53
PRE: 997.94
HUM: 44.05
TEM: 30.53
PRE: 997.94
HUM: 44.01
TEM: 30.53
PRE: 997.93
HUM: 44.01
TEM: 30.53
PRE: 997.93
HUM: 43.99
TEM: 30.53
PRE: 997.93
HUM: 43.94
TEM: 30.53
PRE: 997.92
HUM: 43.93
TEM: 30.53
PRE: 997.92
HUM: 43.93
TEM: 30.53
PRE: 997.92
HUM: 43.94
TEM: 30.53
PRE: 997.92
HUM: 43.88
TEM: 30.53
PRE: 997.92
HUM: 43.89
TEM: 30.53
PRE: 997.92
HUM: 43.82
TEM: 30.53
PRE: 997.92
HUM: 43.70
TEM: 30.53
PRE: 997.92
HUM: 43.72
TEM: 30.53
PRE: 997.92
HUM: 43.72
TEM: 30.53
PRE: 997.91
HUM: 43.69
TEM: 30.53
PRE: 997.91
HUM: 43.65
TEM: 30.53
PRE: 997.92
HUM: 43.64
TEM: 30.54
PRE: 997.92
HUM: 43.58
TEM: 30.54
PRE: 997.91
HUM: 43.56
TEM: 30.54
PRE: 997.91
HUM: 43.62
TEM: 30.54
PRE: 997.91
HUM: 43.62
TEM: 30.54
PRE: 997.91
HUM: 43.62
TEM: 30.55
PRE: 997.91
HUM: 43.63
TEM: 30.55
PRE: 997.91
HUM: 43.63
TEM: 30.55
PRE: 997.90
HUM: 43.62
TEM: 30.55
PRE: 997.90
HUM: 43.56
TEM: 30.55
PRE: 997.90
HUM: 43.52
TEM: 30.55
PRE: 997.90
HUM: 43.51
TEM: 30.55
PRE: 997.90
HUM: 43.50
TEM: 30.55
PRE: 997.90
HUM: 43.49
TEM: 30.55
PRE: 997.90
HUM: 43.43
TEM: 30.55
PRE: 997.90
HUM: 43.39
TEM: 30.55
PRE: 997.90
HUM: 43.40
TEM: 30.56
PRE: 997.90
HUM: 43.38
TEM: 30.56
PRE: 997.90
HUM: 43.34
TEM: 30.56
PRE: 997.90
HUM: 43.42
TEM: 30.57
PRE: 997.89
HUM: 43.21
TEM: 30.57
PRE: 997.88
HUM: 43.26
TEM: 30.58
PRE: 997.88
HUM: 43.17
TEM: 30.58
PRE: 997.88
HUM: 43.10
TEM: 30.59
PRE: 997.87
HUM: 43.12
TEM: 30.60
PRE: 997.87
HUM: 42.99
TEM: 30.60
PRE: 997.87
HUM: 42.87
TEM: 30.61
PRE: 997.86
HUM: 42.89
TEM: 30.61
PRE: 997.86
HUM: 42.80
TEM: 30.62
PRE: 997.86
HUM: 42.74
TEM: 30.63
PRE: 997.85
HUM: 42.58
TEM: 30.63
PRE: 997.85
HUM: 42.43
TEM: 30.64
PRE: 997.83
HUM: 42.39
TEM: 30.64
PRE: 997.83
HUM: 42.32
TEM: 30.64
PRE: 997.82
HUM: 42.31
TEM: 30.64
PRE: 997.82
HUM: 42.23
TEM: 30.65
PRE: 997.82
HUM: 42.08
TEM: 30.65
PRE: 997.81
HUM: 42.08
TEM: 30.65
PRE: 997.81
HUM: 42.01
TEM: 30.65
PRE: 997.79
HUM: 42.02
TEM: 30.65
PRE: 997.78
HUM: 41.94
TEM: 30.65
PRE: 997.77
HUM: 41.84
TEM: 30.65
PRE: 997.77
HUM: 41.83
TEM: 30.65
PRE: 997.77
HUM: 41.78
TEM: 30.65
PRE: 997.77
HUM: 41.71
TEM: 30.65
PRE: 997.76
HUM: 41.67
TEM: 30.65
PRE: 997.77
HUM: 41.66
TEM: 30.65
PRE: 997.76
HUM: 41.66
TEM: 30.64
PRE: 997.76
HUM: 41.70
TEM: 30.64
PRE: 997.76
HUM: 41.69
TEM: 30.64
PRE: 997.75
HUM: 41.73
TEM: 30.64
PRE: 997.74
HUM: 41.73
TEM: 30.63
PRE: 997.74
HUM: 41.78
TEM: 30.63
PRE: 997.74
HUM: 41.80
TEM: 30.62
PRE: 997.74
HUM: 41.83
TEM: 30.61
PRE: 997.73
HUM: 41.85
TEM: 30.61
PRE: 997.73
HUM: 41.89
TEM: 30.60
PRE: 997.73
HUM: 41.88
TEM: 30.60
PRE: 997.73
HUM: 41.86
TEM: 30.59
PRE: 997.73
HUM: 41.85
TEM: 30.59
PRE: 997.73
HUM: 41.90
TEM: 30.58
PRE: 997.73
HUM: 41.90
TEM: 30.58
PRE: 997.73
HUM: 41.90
TEM: 30.58
PRE: 997.72
HUM: 41.87
TEM: 30.57
PRE: 997.71
HUM: 41.91
TEM: 30.57
PRE: 997.70
HUM: 41.99
TEM: 30.57
PRE: 997.70
HUM: 42.00
TEM: 30.56
PRE: 997.71
HUM: 42.03
TEM: 30.56
PRE: 997.71
HUM: 41.99
TEM: 30.56
PRE: 997.71
HUM: 41.94
TEM: 30.56
PRE: 997.71
HUM: 41.93
TEM: 30.55
PRE: 997.70
HUM: 41.95
TEM: 30.55
PRE: 997.70
HUM: 41.91
TEM: 30.55
PRE: 997.69
HUM: 41.95
TEM: 30.55
PRE: 997.68
HUM: 42.02
TEM: 30.54
PRE: 997.68
HUM: 41.98
TEM: 30.54
PRE: 997.68
HUM: 41.96
TEM: 30.54
PRE: 997.68
HUM: 42.04
TEM: 30.54
PRE: 997.67
HUM: 41.96
TEM: 30.54
PRE: 997.68
HUM: 41.93
TEM: 30.54
PRE: 997.67
HUM: 41.87
TEM: 30.53
PRE: 997.66
HUM: 41.94
TEM: 30.53
PRE: 997.65
HUM: 41.88
TEM: 30.53
PRE: 997.65
HUM: 41.89
TEM: 30.53
PRE: 997.65
HUM: 41.87
TEM: 30.53
PRE: 997.65
HUM: 41.87
TEM: 30.53
PRE: 997.65
HUM: 41.88
TEM: 30.53
PRE: 997.64
HUM: 41.87
TEM: 30.53
PRE: 997.63
HUM: 41.87
TEM: 30.53
PRE: 997.64
HUM: 41.82
TEM: 30.53
PRE: 997.64
HUM: 41.79
TEM: 30.53
PRE: 997.64
HUM: 41.77
TEM: 30.53
PRE: 997.63
HUM: 41.75
TEM: 30.53
PRE: 997.62
HUM: 41.75
TEM: 30.53
PRE: 997.62
HUM: 41.72
TEM: 30.53
PRE: 997.62
HUM: 41.78
TEM: 30.53
PRE: 997.62
HUM: 41.76
TEM: 30.53
PRE: 997.61
HUM: 41.75
TEM: 30.53
PRE: 997.61
HUM: 41.77
TEM: 30.53
PRE: 997.61
HUM: 41.75
TEM: 30.53
PRE: 997.60
HUM: 41.77
TEM: 30.53
PRE: 997.59
HUM: 41.75
TEM: 30.52
PRE: 997.59
HUM: 41.70
TEM: 30.52
PRE: 997.58
HUM: 41.73
TEM: 30.52
PRE: 997.58
HUM: 41.70
TEM: 30.52
PRE: 997.58
HUM: 41.71
TEM: 30.52
PRE: 997.57
HUM: 41.71
TEM: 30.52
PRE: 997.57
HUM: 41.71
TEM: 30.52
PRE: 997.56
HUM: 41.69
TEM: 30.51
PRE: 997.56
HUM: 41.71
TEM: 30.51
PRE: 997.56
HUM: 41.71
TEM: 30.51
PRE: 997.56
HUM: 41.69
TEM: 30.51
PRE: 997.56
HUM: 41.70
TEM: 30.51
PRE: 997.55
HUM: 41.67
TEM: 30.51
PRE: 997.55
HUM: 41.64
TEM: 30.51
PRE: 997.55
HUM: 41.66
TEM: 30.51
PRE: 997.55
HUM: 41.64
TEM: 30.51
PRE: 997.54
HUM: 41.63
TEM: 30.51
PRE: 997.54
HUM: 41.69
TEM: 30.51
PRE: 997.54
HUM: 41.69
TEM: 30.51
PRE: 997.53
HUM: 41.72
TEM: 30.51
PRE: 997.53
HUM: 41.68
TEM: 30.51
PRE: 997.52
HUM: 41.68
TEM: 30.51
PRE: 997.51
HUM: 41.67
TEM: 30.50
PRE: 997.51
HUM: 41.71
TEM: 30.50
PRE: 997.51
HUM: 41.71
TEM: 30.50
PRE: 997.50
HUM: 41.77
TEM: 30.50
PRE: 997.49
HUM: 41.79
TEM: 30.50
PRE: 997.49
HUM: 41.79
TEM: 30.50
PRE: 997.48
HUM: 41.79
TEM: 30.50
PRE: 997.48
HUM: 41.80
TEM: 30.50
PRE: 997.47
HUM: 41.79
TEM: 30.50
PRE: 997.48
HUM: 41.78
TEM: 30.50
PRE: 997.48
HUM: 41.80
TEM: 30.49
PRE: 997.48
HUM: 41.79
TEM: 30.49
PRE: 997.48
HUM: 41.80
TEM: 30.49
PRE: 997.47
HUM: 41.83
TEM: 30.48
PRE: 997.47
HUM: 41.80
TEM: 30.48
PRE: 997.46
HUM: 41.84
TEM: 30.48
PRE: 997.46
HUM: 41.82
TEM: 30.48
PRE: 997.46
HUM: 41.84
TEM: 30.48
PRE: 997.46
HUM: 41.86
TEM: 30.48
PRE: 997.46
HUM: 41.89
TEM: 30.48
PRE: 997.46
HUM: 41.85
TEM: 30.48
PRE: 997.46
HUM: 41.89
TEM: 30.48
PRE: 997.46
HUM: 41.87
TEM: 30.47
PRE: 997.47
HUM: 41.85
TEM: 30.47
PRE: 997.47
HUM: 41.85
TEM: 30.47
PRE: 997.47
HUM: 41.83
TEM: 30.47
PRE: 997.47
HUM: 41.85
TEM: 30.47
PRE: 997.47
HUM: 41.81
TEM: 30.47
PRE: 997.47
HUM: 41.84
TEM: 30.47
PRE: 997.47
HUM: 41.85
TEM: 30.47
PRE: 997.47
HUM: 41.84
TEM: 30.47
PRE: 997.47
HUM: 41.84
TEM: 30.47
PRE: 997.46
HUM: 41.84
TEM: 30.47
PRE: 997.46
HUM: 41.84
TEM: 30.47
PRE: 997.46
HUM: 41.83
TEM: 30.48
PRE: 997.46
HUM: 41.83
TEM: 30.48
PRE: 997.46
HUM: 41.85
TEM: 30.48
PRE: 997.46
HUM: 41.82
TEM: 30.48
PRE: 997.45
HUM: 41.83
TEM: 30.48
PRE: 997.45
HUM: 41.83
TEM: 30.49
PRE: 997.45
HUM: 41.84
TEM: 30.49
PRE: 997.45
HUM: 41.84
TEM: 30.49
PRE: 997.45
HUM: 41.84
TEM: 30.49
PRE: 997.45
HUM: 41.83
TEM: 30.50
PRE: 997.45
HUM: 41.83
TEM: 30.50
PRE: 997.45
HUM: 41.84
TEM: 30.50
PRE: 997.45
HUM: 41.84
TEM: 30.50
PRE: 997.45
HUM: 41.87
TEM: 30.50
PRE: 997.45
HUM: 41.84
TEM: 30.51
PRE: 997.44
HUM: 41.84
TEM: 30.51
PRE: 997.44
HUM: 41.89
TEM: 30.51
PRE: 997.43
HUM: 41.88
TEM: 30.51
PRE: 997.43
HUM: 41.93
TEM: 30.51
PRE: 997.42
HUM: 42.02
TEM: 30.51
PRE: 997.42
HUM: 42.50
TEM: 30.52
PRE: 997.41
HUM: 42.14
TEM: 30.52
PRE: 997.41
HUM: 42.19
TEM: 30.52
PRE: 997.40
HUM: 42.15
TEM: 30.52
PRE: 997.41
HUM: 42.14
TEM: 30.52
PRE: 997.40
HUM: 42.25
TEM: 30.52
PRE: 997.40
HUM: 42.27
TEM: 30.52
PRE: 997.39
HUM: 42.48
TEM: 30.53
PRE: 997.38
HUM: 42.50
TEM: 30.53
PRE: 997.38
HUM: 42.41
TEM: 30.53
PRE: 997.38
HUM: 42.47
TEM: 30.54
PRE: 997.38
HUM: 42.35
TEM: 30.54
PRE: 997.38
HUM: 42.28
TEM: 30.54
PRE: 997.37
HUM: 42.26
TEM: 30.55
PRE: 997.37
HUM: 42.29
TEM: 30.55
PRE: 997.36
HUM: 42.30
TEM: 30.55
PRE: 997.37
HUM: 42.29
TEM: 30.56
PRE: 997.37
HUM: 42.34
TEM: 30.56
PRE: 997.36
HUM: 42.35
TEM: 30.56
PRE: 997.36
HUM: 42.37
TEM: 30.57
PRE: 997.36
HUM: 42.36
TEM: 30.57
PRE: 997.36
HUM: 42.39
TEM: 30.57
PRE: 997.36
HUM: 42.40
TEM: 30.57
PRE: 997.36
HUM: 42.39
TEM: 30.58
PRE: 997.36
HUM: 42.36
TEM: 30.58
PRE: 997.36
HUM: 42.36
TEM: 30.58
PRE: 997.36
HUM: 42.39
TEM: 30.58
PRE: 997.36
HUM: 42.45
TEM: 30.58
PRE: 997.35
HUM: 42.42
TEM: 30.59
PRE: 997.35
HUM: 42.51
TEM: 30.59
PRE: 997.35
HUM: 42.53
TEM: 30.59
PRE: 997.35
HUM: 42.52
TEM: 30.59
PRE: 997.35
HUM: 42.53
TEM: 30.60
PRE: 997.34
HUM: 42.57
TEM: 30.60
PRE: 997.34
HUM: 42.62
TEM: 30.60
PRE: 997.33
HUM: 42.61
TEM: 30.60
PRE: 997.33
HUM: 42.71
TEM: 30.61
PRE: 997.33
HUM: 42.64
TEM: 30.61
PRE: 997.33
HUM: 42.67
TEM: 30.61
PRE: 997.33
HUM: 42.77
TEM: 30.61
PRE: 997.33
HUM: 42.75
TEM: 30.61
PRE: 997.33
HUM: 42.76
TEM: 30.61
PRE: 997.33
HUM: 42.77
TEM: 30.62
PRE: 997.33
HUM: 42.79
TEM: 30.62
PRE: 997.33
HUM: 42.82
TEM: 30.62
PRE: 997.33
HUM: 42.94
TEM: 30.63
PRE: 997.32
HUM: 42.89
TEM: 30.63
PRE: 997.32
HUM: 42.88
TEM: 30.63
PRE: 997.33
HUM: 42.88
TEM: 30.63
PRE: 997.33
HUM: 42.90
TEM: 30.64
PRE: 997.33
HUM: 42.94
TEM: 30.64
PRE: 997.32
HUM: 42.95
TEM: 30.64
PRE: 997.32
HUM: 42.95
TEM: 30.64
PRE: 997.32
HUM: 42.95
TEM: 30.65
PRE: 997.32
HUM: 42.92
TEM: 30.65
PRE: 997.31
HUM: 42.96
TEM: 30.66
PRE: 997.32
HUM: 42.93
TEM: 30.67
PRE: 997.31
HUM: 42.92
TEM: 30.67
