********************************************************************************
Obsolete PIO Core v5.1.0 is used (previous was 5.1.1)
Please remove multiple PIO Cores from a system:
https://docs.platformio.org/page/faq.html#multiple-platformio-cores-in-a-system
********************************************************************************
--- Available filters and text transformations: colorize, debug, default, direct, hexlify, log2file, nocontrol, printable, send_on_enter, time
--- More details at http://bit.ly/pio-monitor-filters
␀␀PRE: 994.98
HUM: 48.32
TEM: 31.73
PRE: 994.98
HUM: 48.38
TEM: 31.73
PRE: 994.98
HUM: 48.40
TEM: 31.73
PRE: 994.98
HUM: 48.44
TEM: 31.73
PRE: 994.97
HUM: 48.49
TEM: 31.73
PRE: 994.97
HUM: 48.53
TEM: 31.73
PRE: 994.97
HUM: 48.57
TEM: 31.73
PRE: 994.97
HUM: 48.58
TEM: 31.73
PRE: 994.97
HUM: 48.67
TEM: 31.73
PRE: 994.98
HUM: 48.77
TEM: 31.73
PRE: 994.98
HUM: 48.75
TEM: 31.73
PRE: 994.97
HUM: 48.76
TEM: 31.73
PRE: 994.98
HUM: 48.76
TEM: 31.73
PRE: 994.98
HUM: 48.85
TEM: 31.73
PRE: 994.98
HUM: 48.88
TEM: 31.72
PRE: 994.98
HUM: 48.95
TEM: 31.72
PRE: 994.98
HUM: 49.00
TEM: 31.72
PRE: 994.98
HUM: 49.05
TEM: 31.72
PRE: 994.98
HUM: 49.06
TEM: 31.72
PRE: 994.99
HUM: 49.08
TEM: 31.72
PRE: 994.99
HUM: 49.13
TEM: 31.72
PRE: 994.98
HUM: 49.16
TEM: 31.72
PRE: 994.98
HUM: 49.20
TEM: 31.72
PRE: 994.98
HUM: 49.24
TEM: 31.72
PRE: 994.98
HUM: 49.29
TEM: 31.72
PRE: 994.98
HUM: 49.34
TEM: 31.72
PRE: 994.99
HUM: 49.35
TEM: 31.72
PRE: 994.99
HUM: 49.34
TEM: 31.72
PRE: 994.99
HUM: 49.40
TEM: 31.72
PRE: 994.99
HUM: 49.42
TEM: 31.72
PRE: 994.99
HUM: 49.48
TEM: 31.72
PRE: 994.99
HUM: 49.47
TEM: 31.72
PRE: 994.99
HUM: 49.50
TEM: 31.72
PRE: 994.99
HUM: 49.59
TEM: 31.72
PRE: 995.00
HUM: 49.66
TEM: 31.72
PRE: 994.99
HUM: 49.72
TEM: 31.72
PRE: 994.99
HUM: 49.74
TEM: 31.72
PRE: 994.99
HUM: 49.78
TEM: 31.72
PRE: 994.99
HUM: 49.83
TEM: 31.72
PRE: 995.00
HUM: 49.84
TEM: 31.72
PRE: 994.99
HUM: 49.87
TEM: 31.72
PRE: 994.99
HUM: 49.90
TEM: 31.72
PRE: 995.00
HUM: 49.94
TEM: 31.72
PRE: 995.00
HUM: 49.98
TEM: 31.72
PRE: 995.00
HUM: 50.02
TEM: 31.72
PRE: 995.00
HUM: 50.08
TEM: 31.72
PRE: 995.00
HUM: 50.09
TEM: 31.72
PRE: 995.00
HUM: 50.12
TEM: 31.72
PRE: 995.00
HUM: 50.13
TEM: 31.72
PRE: 995.00
HUM: 50.18
TEM: 31.72
PRE: 995.00
HUM: 50.21
TEM: 31.73
PRE: 995.00
HUM: 50.25
TEM: 31.73
PRE: 995.00
HUM: 50.30
TEM: 31.73
PRE: 995.00
HUM: 50.32
TEM: 31.73
PRE: 995.00
HUM: 50.36
TEM: 31.72
PRE: 995.00
HUM: 50.38
TEM: 31.72
PRE: 995.00
HUM: 50.40
TEM: 31.72
PRE: 995.00
HUM: 50.45
TEM: 31.72
PRE: 995.00
HUM: 50.48
TEM: 31.72
PRE: 995.00
HUM: 50.50
TEM: 31.72
PRE: 995.00
HUM: 50.54
TEM: 31.72
PRE: 995.00
HUM: 50.57
TEM: 31.72
PRE: 995.00
HUM: 50.57
TEM: 31.72
PRE: 995.00
HUM: 50.62
TEM: 31.72
PRE: 995.00
HUM: 50.61
TEM: 31.72
PRE: 995.00
HUM: 50.61
TEM: 31.72
PRE: 995.00
HUM: 50.63
TEM: 31.72
PRE: 995.00
HUM: 50.65
TEM: 31.73
PRE: 995.01
HUM: 50.66
TEM: 31.73
PRE: 995.01
HUM: 50.69
TEM: 31.73
PRE: 995.01
HUM: 50.68
TEM: 31.73
PRE: 995.02
HUM: 50.69
TEM: 31.74
PRE: 995.01
HUM: 50.69
TEM: 31.74
PRE: 995.01
HUM: 50.74
TEM: 31.75
PRE: 995.02
HUM: 50.75
TEM: 31.75
PRE: 995.02
HUM: 50.77
TEM: 31.75
PRE: 995.02
HUM: 50.75
TEM: 31.75
PRE: 995.02
HUM: 50.74
TEM: 31.76
PRE: 995.02
HUM: 50.73
TEM: 31.76
PRE: 995.01
HUM: 50.72
TEM: 31.76
PRE: 995.01
HUM: 50.73
TEM: 31.77
PRE: 995.00
HUM: 50.72
TEM: 31.77
PRE: 995.00
HUM: 50.72
TEM: 31.77
PRE: 995.01
HUM: 50.76
TEM: 31.77
PRE: 995.01
HUM: 50.77
TEM: 31.78
PRE: 995.01
HUM: 50.77
TEM: 31.78
PRE: 995.01
HUM: 50.78
TEM: 31.78
PRE: 995.00
HUM: 50.75
TEM: 31.78
PRE: 994.99
HUM: 50.77
TEM: 31.78
PRE: 995.00
HUM: 50.79
TEM: 31.79
PRE: 995.01
HUM: 50.86
TEM: 31.79
PRE: 995.01
HUM: 50.87
TEM: 31.79
PRE: 995.01
HUM: 50.83
TEM: 31.79
PRE: 995.01
HUM: 50.81
TEM: 31.79
PRE: 995.00
HUM: 50.83
TEM: 31.79
PRE: 995.00
HUM: 50.83
TEM: 31.79
PRE: 995.00
HUM: 50.86
TEM: 31.79
PRE: 995.00
HUM: 50.88
TEM: 31.79
PRE: 994.99
HUM: 50.93
TEM: 31.79
PRE: 995.00
HUM: 50.98
TEM: 31.79
PRE: 995.00
HUM: 50.98
TEM: 31.79
PRE: 995.01
HUM: 50.98
TEM: 31.79
PRE: 995.01
HUM: 51.02
TEM: 31.79
PRE: 995.02
HUM: 50.99
TEM: 31.79
PRE: 995.02
HUM: 51.00
TEM: 31.79
PRE: 995.02
HUM: 51.02
TEM: 31.79
PRE: 995.02
HUM: 51.02
TEM: 31.79
PRE: 995.02
HUM: 51.02
TEM: 31.79
PRE: 995.02
HUM: 51.05
TEM: 31.79
PRE: 995.02
HUM: 51.06
TEM: 31.79
PRE: 995.03
HUM: 51.05
TEM: 31.79
PRE: 995.03
HUM: 51.05
TEM: 31.79
PRE: 995.03
HUM: 51.07
TEM: 31.79
PRE: 995.03
HUM: 51.11
TEM: 31.79
PRE: 995.04
HUM: 51.11
TEM: 31.79
PRE: 995.04
HUM: 51.12
TEM: 31.79
PRE: 995.04
HUM: 51.11
TEM: 31.78
PRE: 995.04
HUM: 51.13
TEM: 31.78
PRE: 995.04
HUM: 51.13
TEM: 31.78
PRE: 995.04
HUM: 51.15
TEM: 31.77
PRE: 995.04
HUM: 51.15
TEM: 31.77
PRE: 995.04
HUM: 51.17
TEM: 31.77
PRE: 995.04
HUM: 51.18
TEM: 31.76
PRE: 995.04
HUM: 51.21
TEM: 31.76
PRE: 995.04
HUM: 51.19
TEM: 31.76
PRE: 995.04
HUM: 51.20
TEM: 31.76
PRE: 995.04
HUM: 51.19
TEM: 31.76
PRE: 995.04
HUM: 51.20
TEM: 31.75
PRE: 995.05
HUM: 51.17
TEM: 31.75
PRE: 995.05
HUM: 51.19
TEM: 31.75
PRE: 995.05
HUM: 51.19
TEM: 31.75
PRE: 995.05
HUM: 51.20
TEM: 31.75
PRE: 995.05
HUM: 51.17
TEM: 31.75
PRE: 995.05
HUM: 51.19
TEM: 31.75
PRE: 995.05
HUM: 51.20
TEM: 31.75
PRE: 995.05
HUM: 51.20
TEM: 31.75
PRE: 995.05
HUM: 51.19
TEM: 31.75
PRE: 995.05
HUM: 51.20
TEM: 31.75
PRE: 995.05
HUM: 51.25
TEM: 31.75
PRE: 995.05
HUM: 51.26
TEM: 31.75
PRE: 995.05
HUM: 51.29
TEM: 31.75
PRE: 995.05
HUM: 51.29
TEM: 31.75
PRE: 995.05
HUM: 51.31
TEM: 31.74
PRE: 995.05
HUM: 51.34
TEM: 31.74
PRE: 995.05
HUM: 51.32
TEM: 31.74
PRE: 995.05
HUM: 51.33
TEM: 31.74
PRE: 995.05
HUM: 51.34
TEM: 31.74
PRE: 995.06
HUM: 51.33
TEM: 31.74
PRE: 995.05
HUM: 51.32
TEM: 31.74
PRE: 995.06
HUM: 51.33
TEM: 31.74
PRE: 995.06
HUM: 51.37
TEM: 31.74
PRE: 995.06
HUM: 51.37
TEM: 31.74
PRE: 995.06
HUM: 51.34
TEM: 31.74
PRE: 995.06
HUM: 51.34
TEM: 31.74
PRE: 995.06
HUM: 51.39
TEM: 31.75
PRE: 995.06
HUM: 51.37
TEM: 31.75
PRE: 995.05
HUM: 51.39
TEM: 31.75
PRE: 995.05
HUM: 51.38
TEM: 31.75
PRE: 995.05
HUM: 51.38
TEM: 31.75
PRE: 995.05
HUM: 51.40
TEM: 31.75
PRE: 995.05
HUM: 51.44
TEM: 31.75
PRE: 995.05
HUM: 51.44
TEM: 31.75
PRE: 995.05
HUM: 51.45
TEM: 31.75
PRE: 995.06
HUM: 51.45
TEM: 31.75
PRE: 995.06
HUM: 51.46
TEM: 31.75
PRE: 995.05
HUM: 51.45
TEM: 31.75
PRE: 995.05
HUM: 51.47
TEM: 31.75
PRE: 995.06
HUM: 51.52
TEM: 31.75
PRE: 995.06
HUM: 51.50
TEM: 31.75
PRE: 995.05
HUM: 51.50
TEM: 31.75
PRE: 995.05
HUM: 51.51
TEM: 31.75
PRE: 995.05
HUM: 51.55
TEM: 31.75
PRE: 995.06
HUM: 51.55
TEM: 31.75
PRE: 995.05
HUM: 51.55
TEM: 31.75
PRE: 995.06
HUM: 51.56
TEM: 31.75
PRE: 995.06
HUM: 51.55
TEM: 31.75
PRE: 995.05
HUM: 51.53
TEM: 31.75
PRE: 995.06
HUM: 51.57
TEM: 31.75
PRE: 995.06
HUM: 51.57
TEM: 31.75
PRE: 995.06
HUM: 51.59
TEM: 31.75
PRE: 995.06
HUM: 51.58
TEM: 31.75
PRE: 995.06
HUM: 51.58
TEM: 31.75
PRE: 995.06
HUM: 51.59
TEM: 31.74
PRE: 995.06
HUM: 51.61
TEM: 31.74
PRE: 995.06
HUM: 51.62
TEM: 31.74
PRE: 995.07
HUM: 51.61
TEM: 31.74
PRE: 995.07
HUM: 51.63
TEM: 31.74
PRE: 995.08
HUM: 51.63
TEM: 31.74
PRE: 995.08
HUM: 51.64
TEM: 31.74
PRE: 995.08
HUM: 51.64
TEM: 31.74
PRE: 995.08
HUM: 51.65
TEM: 31.74
PRE: 995.07
HUM: 51.65
TEM: 31.73
PRE: 995.08
HUM: 51.67
TEM: 31.73
PRE: 995.07
HUM: 51.69
TEM: 31.73
PRE: 995.07
HUM: 51.68
TEM: 31.73
PRE: 995.07
HUM: 51.70
TEM: 31.73
PRE: 995.07
HUM: 51.68
TEM: 31.73
PRE: 995.07
HUM: 51.72
TEM: 31.73
PRE: 995.07
HUM: 51.71
TEM: 31.73
PRE: 995.08
HUM: 51.75
TEM: 31.72
PRE: 995.08
HUM: 51.77
TEM: 31.72
PRE: 995.08
HUM: 51.77
TEM: 31.72
PRE: 995.08
HUM: 51.78
TEM: 31.72
PRE: 995.08
HUM: 51.77
TEM: 31.72
PRE: 995.08
HUM: 51.79
TEM: 31.72
PRE: 995.07
HUM: 51.78
TEM: 31.72
PRE: 995.07
HUM: 51.82
TEM: 31.72
PRE: 995.07
HUM: 51.82
TEM: 31.71
PRE: 995.07
HUM: 51.83
TEM: 31.71
PRE: 995.06
HUM: 51.87
TEM: 31.71
PRE: 995.06
HUM: 51.88
TEM: 31.71
PRE: 995.06
HUM: 51.89
TEM: 31.70
PRE: 995.06
HUM: 51.92
TEM: 31.70
PRE: 995.06
HUM: 51.92
TEM: 31.70
PRE: 995.06
HUM: 51.95
TEM: 31.70
PRE: 995.06
HUM: 51.92
TEM: 31.70
PRE: 995.05
HUM: 51.94
TEM: 31.69
PRE: 995.06
HUM: 51.97
TEM: 31.69
PRE: 995.06
HUM: 51.96
TEM: 31.69
PRE: 995.06
HUM: 51.97
TEM: 31.69
PRE: 995.06
HUM: 52.00
TEM: 31.69
PRE: 995.06
HUM: 51.98
TEM: 31.69
PRE: 995.05
HUM: 52.00
TEM: 31.69
PRE: 995.06
HUM: 52.00
TEM: 31.69
PRE: 995.06
HUM: 51.98
TEM: 31.69
PRE: 995.06
HUM: 52.00
TEM: 31.69
PRE: 995.06
HUM: 51.97
TEM: 31.69
PRE: 995.07
HUM: 52.07
TEM: 31.69
PRE: 995.06
HUM: 52.07
TEM: 31.69
PRE: 995.06
HUM: 52.21
TEM: 31.69
PRE: 995.06
HUM: 52.14
TEM: 31.69
PRE: 995.07
HUM: 52.22
TEM: 31.69
PRE: 995.07
HUM: 52.23
TEM: 31.69
PRE: 995.07
HUM: 52.23
TEM: 31.69
PRE: 995.07
HUM: 52.26
TEM: 31.69
PRE: 995.07
HUM: 52.31
TEM: 31.69
PRE: 995.07
HUM: 52.31
TEM: 31.68
PRE: 995.08
HUM: 52.33
TEM: 31.68
PRE: 995.07
HUM: 52.37
TEM: 31.68
PRE: 995.07
HUM: 52.41
TEM: 31.68
PRE: 995.08
HUM: 52.42
TEM: 31.67
PRE: 995.07
HUM: 52.39
TEM: 31.67
PRE: 995.08
HUM: 52.42
TEM: 31.67
PRE: 995.08
HUM: 52.45
TEM: 31.67
PRE: 995.08
HUM: 52.44
TEM: 31.67
PRE: 995.08
HUM: 52.45
TEM: 31.67
PRE: 995.08
HUM: 52.46
TEM: 31.67
PRE: 995.08
HUM: 52.45
TEM: 31.67
PRE: 995.08
HUM: 52.45
TEM: 31.67
PRE: 995.09
HUM: 52.47
TEM: 31.67
PRE: 995.09
HUM: 52.50
TEM: 31.67
PRE: 995.08
HUM: 52.51
TEM: 31.67
PRE: 995.08
HUM: 52.51
TEM: 31.67
PRE: 995.08
HUM: 52.53
TEM: 31.66
PRE: 995.08
HUM: 52.52
TEM: 31.67
PRE: 995.08
HUM: 52.57
TEM: 31.67
PRE: 995.09
HUM: 52.59
TEM: 31.67
PRE: 995.08
HUM: 52.60
TEM: 31.67
PRE: 995.08
HUM: 52.62
TEM: 31.67
PRE: 995.08
HUM: 52.62
TEM: 31.67
PRE: 995.09
HUM: 52.63
TEM: 31.67
PRE: 995.08
HUM: 52.64
TEM: 31.67
PRE: 995.09
HUM: 52.65
TEM: 31.67
PRE: 995.09
HUM: 52.68
TEM: 31.67
PRE: 995.08
HUM: 52.70
TEM: 31.67
PRE: 995.09
HUM: 52.68
TEM: 31.67
PRE: 995.08
HUM: 52.72
TEM: 31.67
PRE: 995.08
HUM: 52.72
TEM: 31.67
PRE: 995.09
HUM: 52.78
TEM: 31.67
PRE: 995.09
HUM: 52.77
TEM: 31.67
PRE: 995.08
HUM: 52.77
TEM: 31.67
PRE: 995.08
HUM: 52.79
TEM: 31.66
PRE: 995.08
HUM: 52.79
TEM: 31.66
PRE: 995.08
HUM: 52.84
TEM: 31.66
PRE: 995.09
HUM: 52.88
TEM: 31.66
PRE: 995.09
HUM: 52.89
TEM: 31.66
PRE: 995.09
HUM: 52.90
TEM: 31.66
PRE: 995.09
HUM: 52.88
TEM: 31.66
PRE: 995.09
HUM: 52.88
TEM: 31.66
PRE: 995.09
HUM: 52.90
TEM: 31.66
PRE: 995.09
HUM: 52.89
TEM: 31.66
PRE: 995.08
HUM: 52.90
TEM: 31.66
PRE: 995.08
HUM: 52.90
TEM: 31.66
PRE: 995.08
HUM: 52.91
TEM: 31.66
PRE: 995.09
HUM: 52.95
TEM: 31.66
PRE: 995.09
HUM: 52.94
TEM: 31.66
PRE: 995.09
HUM: 52.94
TEM: 31.66
PRE: 995.09
HUM: 52.95
TEM: 31.66
PRE: 995.09
HUM: 52.96
TEM: 31.66
PRE: 995.10
HUM: 52.97
TEM: 31.66
PRE: 995.10
HUM: 52.96
TEM: 31.66
PRE: 995.10
HUM: 53.02
TEM: 31.66
PRE: 995.10
HUM: 52.97
TEM: 31.66
PRE: 995.11
HUM: 53.01
TEM: 31.66
PRE: 995.11
HUM: 53.05
TEM: 31.66
PRE: 995.12
HUM: 53.08
TEM: 31.66
PRE: 995.12
HUM: 53.06
TEM: 31.66
PRE: 995.12
HUM: 53.07
TEM: 31.67
PRE: 995.12
HUM: 53.06
TEM: 31.67
PRE: 995.12
HUM: 53.07
TEM: 31.67
PRE: 995.13
HUM: 53.07
TEM: 31.67
PRE: 995.13
HUM: 53.09
TEM: 31.67
PRE: 995.13
HUM: 53.08
TEM: 31.67
PRE: 995.13
HUM: 53.07
TEM: 31.67
PRE: 995.13
HUM: 53.08
TEM: 31.67
PRE: 995.14
HUM: 53.12
TEM: 31.68
PRE: 995.14
HUM: 53.11
TEM: 31.68
PRE: 995.15
HUM: 53.12
TEM: 31.68
PRE: 995.14
HUM: 53.13
TEM: 31.68
PRE: 995.14
HUM: 53.16
TEM: 31.68
PRE: 995.13
HUM: 53.17
TEM: 31.68
PRE: 995.13
HUM: 53.20
TEM: 31.68
PRE: 995.13
HUM: 53.22
TEM: 31.68
PRE: 995.13
HUM: 53.22
TEM: 31.68
PRE: 995.13
HUM: 53.24
TEM: 31.67
PRE: 995.13
HUM: 53.27
TEM: 31.67
PRE: 995.13
HUM: 53.30
TEM: 31.67
PRE: 995.13
HUM: 53.31
TEM: 31.67
PRE: 995.14
HUM: 53.33
TEM: 31.67
PRE: 995.14
HUM: 53.31
TEM: 31.67
PRE: 995.14
HUM: 53.35
TEM: 31.67
PRE: 995.14
HUM: 53.37
TEM: 31.67
PRE: 995.15
HUM: 53.36
TEM: 31.67
PRE: 995.15
HUM: 53.42
TEM: 31.67
PRE: 995.15
HUM: 53.37
TEM: 31.67
PRE: 995.15
HUM: 53.41
TEM: 31.67
PRE: 995.15
HUM: 53.41
TEM: 31.67
PRE: 995.16
HUM: 53.37
TEM: 31.68
PRE: 995.16
HUM: 53.37
TEM: 31.68
PRE: 995.15
HUM: 53.37
TEM: 31.68
PRE: 995.15
HUM: 53.42
TEM: 31.68
PRE: 995.16
HUM: 53.47
TEM: 31.68
PRE: 995.16
HUM: 53.48
TEM: 31.68
PRE: 995.17
HUM: 53.46
TEM: 31.68
PRE: 995.17
HUM: 53.49
TEM: 31.68
PRE: 995.18
HUM: 53.48
TEM: 31.68
PRE: 995.18
HUM: 53.48
TEM: 31.68
PRE: 995.17
HUM: 53.49
TEM: 31.68
PRE: 995.18
HUM: 53.52
TEM: 31.68
PRE: 995.18
HUM: 53.52
TEM: 31.68
PRE: 995.18
HUM: 53.53
TEM: 31.67
PRE: 995.18
HUM: 53.50
TEM: 31.67
PRE: 995.18
HUM: 53.50
TEM: 31.67
PRE: 995.18
HUM: 53.53
TEM: 31.67
PRE: 995.19
HUM: 53.54
TEM: 31.67
PRE: 995.19
HUM: 53.55
TEM: 31.67
PRE: 995.19
HUM: 53.56
TEM: 31.67
PRE: 995.19
HUM: 53.55
TEM: 31.67
PRE: 995.19
HUM: 53.57
TEM: 31.67
PRE: 995.19
HUM: 53.56
TEM: 31.67
PRE: 995.20
HUM: 53.59
TEM: 31.67
PRE: 995.20
HUM: 53.58
TEM: 31.68
PRE: 995.21
HUM: 53.58
TEM: 31.68
PRE: 995.21
HUM: 53.59
TEM: 31.68
PRE: 995.20
HUM: 53.66
TEM: 31.67
PRE: 995.21
HUM: 53.65
TEM: 31.67
PRE: 995.21
HUM: 53.69
TEM: 31.67
PRE: 995.21
HUM: 53.71
TEM: 31.67
PRE: 995.22
HUM: 53.71
TEM: 31.67
PRE: 995.22
HUM: 53.72
TEM: 31.67
PRE: 995.22
HUM: 53.73
TEM: 31.67
PRE: 995.22
HUM: 53.77
TEM: 31.67
PRE: 995.22
HUM: 53.73
TEM: 31.67
PRE: 995.22
HUM: 53.77
TEM: 31.67
PRE: 995.23
HUM: 53.79
TEM: 31.67
PRE: 995.23
HUM: 53.81
TEM: 31.67
PRE: 995.24
HUM: 53.80
TEM: 31.67
PRE: 995.24
HUM: 53.84
TEM: 31.67
PRE: 995.24
HUM: 53.84
TEM: 31.67
PRE: 995.24
HUM: 53.85
TEM: 31.67
PRE: 995.24
HUM: 53.89
TEM: 31.67
PRE: 995.24
HUM: 53.89
TEM: 31.68
PRE: 995.24
HUM: 53.90
TEM: 31.68
PRE: 995.24
HUM: 53.89
TEM: 31.68
PRE: 995.24
HUM: 53.90
TEM: 31.68
PRE: 995.24
HUM: 53.88
TEM: 31.68
PRE: 995.25
HUM: 53.90
TEM: 31.68
PRE: 995.25
HUM: 53.91
TEM: 31.68
PRE: 995.26
HUM: 53.93
TEM: 31.68
PRE: 995.26
HUM: 53.97
TEM: 31.68
PRE: 995.27
HUM: 53.93
TEM: 31.68
PRE: 995.26
HUM: 53.99
TEM: 31.68
PRE: 995.26
HUM: 54.00
TEM: 31.68
PRE: 995.26
HUM: 54.01
TEM: 31.68
PRE: 995.27
HUM: 54.02
TEM: 31.68
PRE: 995.26
HUM: 54.01
TEM: 31.68
PRE: 995.27
HUM: 54.04
TEM: 31.68
PRE: 995.27
HUM: 54.12
TEM: 31.68
PRE: 995.28
HUM: 54.08
TEM: 31.68
PRE: 995.27
HUM: 54.13
TEM: 31.68
PRE: 995.27
HUM: 54.16
TEM: 31.68
PRE: 995.28
HUM: 54.17
TEM: 31.69
PRE: 995.28
HUM: 54.16
TEM: 31.69
PRE: 995.28
HUM: 54.10
TEM: 31.69
PRE: 995.29
HUM: 54.07
TEM: 31.69
PRE: 995.29
HUM: 54.10
TEM: 31.69
PRE: 995.29
HUM: 54.10
TEM: 31.69
PRE: 995.28
HUM: 54.13
TEM: 31.69
PRE: 995.28
HUM: 54.12
TEM: 31.69
PRE: 995.28
HUM: 54.12
TEM: 31.69
PRE: 995.29
HUM: 54.13
TEM: 31.69
PRE: 995.29
HUM: 54.19
TEM: 31.69
PRE: 995.29
HUM: 54.20
TEM: 31.69
PRE: 995.29
HUM: 54.17
TEM: 31.69
PRE: 995.29
HUM: 54.17
TEM: 31.69
PRE: 995.29
HUM: 54.17
TEM: 31.69
PRE: 995.29
HUM: 54.19
TEM: 31.69
PRE: 995.30
HUM: 54.30
TEM: 31.69
PRE: 995.30
HUM: 54.30
TEM: 31.70
PRE: 995.31
HUM: 54.32
TEM: 31.70
PRE: 995.31
HUM: 54.29
TEM: 31.70
PRE: 995.31
HUM: 54.24
TEM: 31.70
PRE: 995.31
HUM: 54.29
TEM: 31.70
PRE: 995.31
HUM: 54.27
TEM: 31.70
PRE: 995.31
HUM: 54.31
TEM: 31.70
PRE: 995.32
HUM: 54.31
TEM: 31.70
PRE: 995.32
HUM: 54.37
TEM: 31.70
PRE: 995.32
HUM: 54.38
TEM: 31.70
PRE: 995.32
HUM: 54.38
TEM: 31.70
PRE: 995.32
HUM: 54.46
TEM: 31.70
PRE: 995.32
HUM: 54.43
TEM: 31.70
PRE: 995.32
HUM: 54.44
TEM: 31.70
PRE: 995.31
HUM: 54.57
TEM: 31.70
PRE: 995.31
HUM: 54.56
TEM: 31.70
PRE: 995.31
HUM: 54.52
TEM: 31.70
PRE: 995.31
HUM: 54.50
TEM: 31.70
PRE: 995.32
HUM: 54.56
TEM: 31.70
PRE: 995.32
HUM: 54.60
TEM: 31.70
PRE: 995.32
HUM: 54.63
TEM: 31.70
PRE: 995.32
HUM: 54.66
TEM: 31.70
PRE: 995.33
HUM: 54.67
TEM: 31.69
PRE: 995.32
HUM: 54.68
TEM: 31.69
PRE: 995.33
HUM: 54.68
TEM: 31.69
PRE: 995.34
HUM: 54.71
TEM: 31.69
PRE: 995.34
HUM: 54.86
TEM: 31.68
PRE: 995.34
HUM: 54.75
TEM: 31.68
PRE: 995.34
HUM: 54.79
TEM: 31.68
PRE: 995.35
HUM: 54.87
TEM: 31.67
PRE: 995.35
HUM: 54.76
TEM: 31.67
PRE: 995.35
HUM: 54.81
TEM: 31.67
PRE: 995.35
HUM: 54.82
TEM: 31.67
PRE: 995.36
HUM: 54.83
TEM: 31.67
PRE: 995.36
HUM: 54.88
TEM: 31.67
PRE: 995.36
HUM: 54.84
TEM: 31.66
PRE: 995.35
HUM: 54.95
TEM: 31.66
PRE: 995.36
HUM: 54.91
TEM: 31.66
PRE: 995.36
HUM: 54.93
TEM: 31.66
PRE: 995.36
HUM: 55.00
TEM: 31.66
PRE: 995.36
HUM: 54.95
TEM: 31.66
PRE: 995.36
HUM: 54.94
TEM: 31.66
PRE: 995.36
HUM: 54.91
TEM: 31.66
PRE: 995.36
HUM: 54.91
TEM: 31.66
PRE: 995.36
HUM: 54.93
TEM: 31.66
PRE: 995.36
HUM: 54.96
TEM: 31.66
PRE: 995.37
HUM: 54.93
TEM: 31.66
PRE: 995.37
HUM: 54.93
TEM: 31.66
PRE: 995.37
HUM: 54.93
TEM: 31.66
PRE: 995.37
HUM: 54.93
TEM: 31.66
PRE: 995.37
HUM: 54.93
TEM: 31.66
PRE: 995.37
HUM: 54.91
TEM: 31.66
PRE: 995.37
HUM: 54.96
TEM: 31.66
PRE: 995.37
HUM: 54.97
TEM: 31.66
PRE: 995.38
HUM: 55.00
TEM: 31.66
PRE: 995.38
HUM: 55.02
TEM: 31.66
PRE: 995.38
HUM: 55.00
TEM: 31.66
PRE: 995.39
HUM: 55.02
TEM: 31.66
PRE: 995.39
HUM: 55.03
TEM: 31.66
PRE: 995.39
HUM: 55.08
TEM: 31.66
PRE: 995.39
HUM: 55.03
TEM: 31.66
PRE: 995.39
HUM: 55.02
TEM: 31.66
PRE: 995.39
HUM: 55.05
TEM: 31.66
PRE: 995.39
HUM: 55.03
TEM: 31.66
PRE: 995.40
HUM: 55.03
TEM: 31.66
PRE: 995.40
HUM: 55.08
TEM: 31.66
PRE: 995.40
HUM: 55.07
TEM: 31.66
PRE: 995.40
HUM: 55.13
TEM: 31.66
PRE: 995.40
HUM: 55.08
TEM: 31.66
PRE: 995.40
HUM: 55.08
TEM: 31.66
PRE: 995.40
HUM: 55.09
TEM: 31.66
PRE: 995.40
HUM: 55.09
TEM: 31.66
PRE: 995.40
HUM: 55.14
TEM: 31.66
PRE: 995.40
HUM: 55.12
TEM: 31.66
PRE: 995.41
HUM: 55.12
TEM: 31.66
PRE: 995.41
HUM: 55.12
TEM: 31.66
PRE: 995.41
HUM: 55.11
TEM: 31.66
PRE: 995.41
HUM: 55.20
TEM: 31.66
PRE: 995.41
HUM: 55.19
TEM: 31.66
PRE: 995.41
HUM: 55.19
TEM: 31.66
PRE: 995.41
HUM: 55.24
TEM: 31.66
PRE: 995.41
HUM: 55.21
TEM: 31.66
PRE: 995.41
HUM: 55.20
TEM: 31.66
PRE: 995.41
HUM: 55.23
TEM: 31.66
PRE: 995.42
HUM: 55.23
TEM: 31.66
PRE: 995.42
HUM: 55.20
TEM: 31.66
PRE: 995.42
HUM: 55.25
TEM: 31.66
PRE: 995.42
HUM: 55.20
TEM: 31.66
PRE: 995.42
HUM: 55.19
TEM: 31.66
PRE: 995.42
HUM: 55.21
TEM: 31.66
PRE: 995.43
HUM: 55.18
TEM: 31.66
PRE: 995.43
HUM: 55.21
TEM: 31.66
PRE: 995.43
HUM: 55.20
TEM: 31.66
PRE: 995.43
HUM: 55.21
TEM: 31.66
PRE: 995.43
HUM: 55.23
TEM: 31.67
PRE: 995.44
HUM: 55.21
TEM: 31.67
PRE: 995.44
HUM: 55.20
TEM: 31.67
PRE: 995.45
HUM: 55.21
TEM: 31.67
PRE: 995.45
HUM: 55.19
TEM: 31.67
PRE: 995.45
HUM: 55.22
TEM: 31.67
PRE: 995.46
HUM: 55.23
TEM: 31.67
PRE: 995.46
HUM: 55.22
TEM: 31.67
PRE: 995.46
HUM: 55.22
TEM: 31.68
PRE: 995.46
HUM: 55.23
TEM: 31.68
PRE: 995.47
HUM: 55.22
TEM: 31.68
PRE: 995.48
HUM: 55.22
TEM: 31.68
PRE: 995.48
HUM: 55.21
TEM: 31.68
PRE: 995.48
HUM: 55.24
TEM: 31.68
PRE: 995.48
HUM: 55.21
TEM: 31.68
PRE: 995.49
HUM: 55.21
TEM: 31.69
PRE: 995.49
HUM: 55.23
TEM: 31.69
PRE: 995.48
HUM: 55.22
TEM: 31.69
PRE: 995.48
HUM: 55.22
TEM: 31.69
PRE: 995.48
HUM: 55.22
TEM: 31.69
PRE: 995.48
HUM: 55.23
TEM: 31.69
PRE: 995.48
HUM: 55.18
TEM: 31.69
PRE: 995.48
HUM: 55.27
TEM: 31.70
PRE: 995.48
HUM: 55.21
TEM: 31.70
PRE: 995.48
HUM: 55.20
TEM: 31.70
PRE: 995.49
HUM: 55.21
TEM: 31.71
PRE: 995.49
HUM: 55.22
TEM: 31.71
PRE: 995.49
HUM: 55.20
TEM: 31.71
PRE: 995.49
HUM: 55.20
TEM: 31.71
PRE: 995.49
HUM: 55.21
TEM: 31.71
PRE: 995.49
HUM: 55.21
TEM: 31.71
PRE: 995.50
HUM: 55.23
TEM: 31.72
PRE: 995.50
HUM: 55.22
TEM: 31.72
PRE: 995.50
HUM: 55.23
TEM: 31.72
PRE: 995.50
HUM: 55.22
TEM: 31.72
PRE: 995.50
HUM: 55.23
TEM: 31.72
PRE: 995.51
HUM: 55.27
TEM: 31.72
PRE: 995.51
HUM: 55.26
TEM: 31.72
PRE: 995.51
HUM: 55.27
TEM: 31.72
PRE: 995.51
HUM: 55.26
TEM: 31.72
PRE: 995.52
HUM: 55.28
TEM: 31.72
PRE: 995.52
HUM: 55.30
TEM: 31.72
PRE: 995.53
HUM: 55.29
TEM: 31.72
PRE: 995.53
HUM: 55.32
TEM: 31.72
PRE: 995.53
HUM: 55.33
TEM: 31.72
PRE: 995.53
HUM: 55.35
TEM: 31.72
PRE: 995.52
HUM: 55.38
TEM: 31.72
PRE: 995.52
HUM: 55.35
TEM: 31.72
PRE: 995.52
HUM: 55.34
TEM: 31.72
PRE: 995.51
HUM: 55.38
TEM: 31.72
PRE: 995.52
HUM: 55.38
TEM: 31.72
PRE: 995.52
HUM: 55.34
TEM: 31.72
PRE: 995.53
HUM: 55.38
TEM: 31.72
PRE: 995.52
HUM: 55.35
TEM: 31.72
PRE: 995.52
HUM: 55.39
TEM: 31.72
PRE: 995.52
HUM: 55.41
TEM: 31.72
PRE: 995.52
HUM: 55.39
TEM: 31.72
PRE: 995.52
HUM: 55.40
TEM: 31.72
PRE: 995.52
HUM: 55.40
TEM: 31.72
PRE: 995.53
HUM: 55.41
TEM: 31.73
PRE: 995.53
HUM: 55.40
TEM: 31.73
PRE: 995.53
HUM: 55.45
TEM: 31.73
PRE: 995.54
HUM: 55.40
TEM: 31.73
PRE: 995.54
HUM: 55.43
TEM: 31.73
PRE: 995.55
HUM: 55.44
TEM: 31.73
PRE: 995.55
HUM: 55.44
TEM: 31.73
PRE: 995.55
HUM: 55.49
TEM: 31.73
PRE: 995.55
HUM: 55.50
TEM: 31.73
PRE: 995.54
HUM: 55.49
TEM: 31.73
PRE: 995.54
HUM: 55.52
TEM: 31.73
PRE: 995.54
HUM: 55.51
TEM: 31.73
PRE: 995.54
HUM: 55.53
TEM: 31.73
PRE: 995.54
HUM: 55.56
TEM: 31.73
PRE: 995.55
HUM: 55.53
TEM: 31.73
PRE: 995.54
HUM: 55.61
TEM: 31.73
PRE: 995.54
HUM: 55.58
TEM: 31.73
PRE: 995.54
HUM: 55.58
TEM: 31.73
PRE: 995.54
HUM: 55.57
TEM: 31.72
PRE: 995.54
HUM: 55.57
TEM: 31.72
PRE: 995.53
HUM: 55.58
TEM: 31.72
PRE: 995.54
HUM: 55.57
TEM: 31.72
PRE: 995.55
HUM: 55.58
TEM: 31.73
PRE: 995.55
HUM: 55.57
TEM: 31.73
PRE: 995.55
HUM: 55.59
TEM: 31.73
PRE: 995.54
HUM: 55.59
TEM: 31.73
PRE: 995.55
HUM: 55.57
TEM: 31.73
PRE: 995.56
HUM: 55.61
TEM: 31.73
PRE: 995.56
HUM: 55.63
TEM: 31.73
PRE: 995.56
HUM: 55.64
TEM: 31.73
PRE: 995.56
HUM: 55.64
TEM: 31.74
PRE: 995.57
HUM: 55.64
TEM: 31.74
PRE: 995.56
HUM: 55.64
TEM: 31.74
PRE: 995.57
HUM: 55.65
TEM: 31.74
PRE: 995.57
HUM: 55.63
TEM: 31.75
PRE: 995.57
HUM: 55.62
TEM: 31.75
PRE: 995.57
HUM: 55.62
TEM: 31.75
PRE: 995.57
HUM: 55.62
TEM: 31.75
PRE: 995.57
HUM: 55.61
TEM: 31.76
PRE: 995.57
HUM: 55.66
TEM: 31.76
PRE: 995.58
HUM: 55.73
TEM: 31.76
PRE: 995.58
HUM: 55.72
TEM: 31.76
PRE: 995.59
HUM: 55.68
TEM: 31.76
PRE: 995.59
HUM: 55.73
TEM: 31.76
PRE: 995.59
HUM: 55.73
TEM: 31.76
PRE: 995.60
HUM: 55.75
TEM: 31.77
PRE: 995.60
HUM: 55.85
TEM: 31.77
PRE: 995.60
HUM: 55.84
TEM: 31.77
PRE: 995.61
HUM: 55.80
TEM: 31.77
PRE: 995.61
HUM: 55.80
TEM: 31.77
PRE: 995.62
HUM: 55.80
TEM: 31.77
PRE: 995.62
HUM: 55.79
TEM: 31.77
PRE: 995.63
HUM: 55.80
TEM: 31.77
PRE: 995.63
HUM: 55.84
TEM: 31.77
PRE: 995.63
HUM: 55.85
TEM: 31.77
PRE: 995.63
HUM: 55.79
TEM: 31.77
PRE: 995.63
HUM: 55.84
TEM: 31.77
PRE: 995.63
HUM: 55.79
TEM: 31.77
PRE: 995.63
HUM: 55.83
TEM: 31.77
PRE: 995.63
HUM: 55.86
TEM: 31.77
PRE: 995.63
HUM: 55.85
TEM: 31.77
PRE: 995.63
HUM: 55.86
TEM: 31.77
PRE: 995.63
HUM: 55.86
TEM: 31.77
PRE: 995.64
HUM: 55.92
TEM: 31.77
PRE: 995.64
HUM: 55.92
TEM: 31.77
PRE: 995.64
HUM: 55.92
TEM: 31.77
PRE: 995.64
HUM: 55.93
TEM: 31.77
PRE: 995.64
HUM: 55.87
TEM: 31.77
PRE: 995.64
HUM: 55.90
TEM: 31.77
PRE: 995.65
HUM: 55.90
TEM: 31.77
PRE: 995.65
HUM: 55.92
TEM: 31.77
PRE: 995.65
HUM: 55.86
TEM: 31.77
PRE: 995.66
HUM: 55.90
TEM: 31.78
PRE: 995.66
HUM: 55.90
TEM: 31.78
PRE: 995.66
HUM: 55.92
TEM: 31.78
PRE: 995.66
HUM: 55.91
TEM: 31.78
PRE: 995.66
HUM: 55.92
TEM: 31.78
PRE: 995.66
HUM: 55.95
TEM: 31.78
PRE: 995.66
HUM: 55.96
TEM: 31.78
PRE: 995.66
HUM: 56.02
TEM: 31.78
PRE: 995.66
HUM: 56.02
TEM: 31.78
PRE: 995.66
HUM: 56.03
TEM: 31.78
PRE: 995.66
HUM: 56.03
TEM: 31.78
PRE: 995.67
HUM: 56.10
TEM: 31.78
PRE: 995.67
HUM: 56.10
TEM: 31.77
PRE: 995.67
HUM: 56.09
TEM: 31.77
PRE: 995.67
HUM: 56.11
TEM: 31.77
PRE: 995.67
HUM: 56.06
TEM: 31.77
PRE: 995.68
HUM: 56.06
TEM: 31.77
PRE: 995.67
HUM: 56.04
TEM: 31.78
PRE: 995.68
HUM: 56.03
TEM: 31.78
PRE: 995.68
HUM: 56.07
TEM: 31.78
PRE: 995.68
HUM: 56.07
TEM: 31.78
PRE: 995.69
HUM: 56.08
TEM: 31.78
PRE: 995.69
HUM: 56.09
TEM: 31.79
PRE: 995.69
HUM: 56.09
TEM: 31.79
PRE: 995.69
HUM: 56.20
TEM: 31.79
PRE: 995.69
HUM: 56.20
TEM: 31.78
PRE: 995.69
HUM: 56.19
TEM: 31.78
PRE: 995.70
HUM: 56.20
TEM: 31.78
PRE: 995.69
HUM: 56.23
TEM: 31.78
PRE: 995.70
HUM: 56.21
TEM: 31.78
PRE: 995.70
HUM: 56.20
TEM: 31.78
PRE: 995.70
HUM: 56.22
TEM: 31.78
PRE: 995.71
HUM: 56.27
TEM: 31.78
PRE: 995.71
HUM: 56.25
TEM: 31.78
PRE: 995.71
HUM: 56.28
TEM: 31.78
PRE: 995.71
HUM: 56.22
TEM: 31.79
PRE: 995.71
HUM: 56.22
TEM: 31.79
PRE: 995.71
HUM: 56.26
TEM: 31.78
PRE: 995.72
HUM: 56.27
TEM: 31.78
PRE: 995.72
HUM: 56.28
TEM: 31.78
PRE: 995.71
HUM: 56.29
TEM: 31.78
PRE: 995.71
HUM: 56.31
TEM: 31.78
PRE: 995.72
HUM: 56.29
TEM: 31.78
PRE: 995.71
HUM: 56.29
TEM: 31.78
PRE: 995.71
HUM: 56.33
TEM: 31.78
PRE: 995.71
HUM: 56.33
TEM: 31.78
PRE: 995.72
HUM: 56.31
TEM: 31.78
PRE: 995.72
HUM: 56.32
TEM: 31.78
PRE: 995.73
HUM: 56.32
TEM: 31.79
PRE: 995.72
HUM: 56.39
TEM: 31.79
PRE: 995.73
HUM: 56.44
TEM: 31.79
PRE: 995.73
HUM: 56.41
TEM: 31.79
PRE: 995.73
HUM: 56.39
TEM: 31.78
PRE: 995.73
HUM: 56.39
TEM: 31.78
PRE: 995.73
HUM: 56.39
TEM: 31.78
PRE: 995.75
HUM: 56.41
TEM: 31.79
PRE: 995.74
HUM: 56.44
TEM: 31.78
PRE: 995.73
HUM: 56.43
TEM: 31.78
PRE: 995.74
HUM: 56.45
TEM: 31.78
PRE: 995.74
HUM: 56.43
TEM: 31.78
PRE: 995.75
HUM: 56.45
TEM: 31.79
PRE: 995.75
HUM: 56.45
TEM: 31.79
PRE: 995.75
HUM: 56.49
TEM: 31.79
PRE: 995.75
HUM: 56.49
TEM: 31.79
PRE: 995.75
HUM: 56.46
TEM: 31.79
PRE: 995.75
HUM: 56.45
TEM: 31.79
PRE: 995.75
HUM: 56.46
TEM: 31.79
PRE: 995.75
HUM: 56.49
TEM: 31.79
PRE: 995.75
HUM: 56.57
TEM: 31.79
PRE: 995.75
HUM: 56.56
TEM: 31.79
PRE: 995.76
HUM: 56.50
TEM: 31.79
PRE: 995.76
HUM: 56.54
TEM: 31.80
PRE: 995.76
HUM: 56.55
TEM: 31.80
PRE: 995.75
HUM: 56.56
TEM: 31.80
PRE: 995.75
HUM: 56.54
TEM: 31.80
PRE: 995.76
HUM: 56.55
TEM: 31.80
PRE: 995.76
HUM: 56.55
TEM: 31.80
PRE: 995.76
HUM: 56.52
TEM: 31.80
PRE: 995.76
HUM: 56.52
TEM: 31.80
PRE: 995.76
HUM: 56.55
TEM: 31.80
PRE: 995.77
HUM: 56.57
TEM: 31.80
PRE: 995.77
HUM: 56.57
TEM: 31.80
PRE: 995.77
HUM: 56.58
TEM: 31.79
PRE: 995.77
HUM: 56.61
TEM: 31.79
PRE: 995.77
HUM: 56.61
TEM: 31.79
PRE: 995.76
HUM: 56.62
TEM: 31.79
PRE: 995.77
HUM: 56.65
TEM: 31.79
PRE: 995.77
HUM: 56.67
TEM: 31.79
PRE: 995.77
HUM: 56.64
TEM: 31.79
PRE: 995.77
HUM: 56.67
TEM: 31.79
PRE: 995.77
HUM: 56.65
TEM: 31.79
PRE: 995.77
HUM: 56.67
TEM: 31.79
PRE: 995.76
HUM: 56.68
TEM: 31.79
PRE: 995.77
HUM: 56.67
TEM: 31.79
PRE: 995.78
HUM: 56.63
TEM: 31.79
PRE: 995.78
HUM: 56.73
TEM: 31.79
PRE: 995.78
HUM: 56.67
TEM: 31.80
PRE: 995.78
HUM: 56.74
TEM: 31.80
PRE: 995.78
HUM: 56.71
TEM: 31.80
PRE: 995.77
HUM: 56.73
TEM: 31.80
PRE: 995.78
HUM: 56.81
TEM: 31.80
PRE: 995.77
HUM: 56.76
TEM: 31.80
PRE: 995.77
HUM: 56.72
TEM: 31.80
PRE: 995.77
HUM: 56.74
TEM: 31.80
PRE: 995.77
HUM: 56.72
TEM: 31.81
PRE: 995.77
HUM: 56.78
TEM: 31.81
PRE: 995.78
HUM: 56.79
TEM: 31.81
PRE: 995.78
HUM: 56.76
TEM: 31.81
PRE: 995.78
HUM: 56.73
TEM: 31.81
PRE: 995.79
HUM: 56.78
TEM: 31.81
PRE: 995.79
HUM: 56.79
TEM: 31.81
PRE: 995.80
HUM: 56.78
TEM: 31.81
PRE: 995.80
HUM: 56.81
TEM: 31.80
PRE: 995.80
HUM: 56.81
TEM: 31.80
PRE: 995.80
HUM: 56.86
TEM: 31.80
PRE: 995.80
HUM: 56.82
TEM: 31.80
PRE: 995.81
HUM: 56.85
TEM: 31.80
PRE: 995.81
HUM: 56.86
TEM: 31.80
PRE: 995.81
HUM: 56.88
TEM: 31.80
PRE: 995.82
HUM: 56.88
TEM: 31.79
PRE: 995.81
HUM: 56.88
TEM: 31.79
PRE: 995.81
HUM: 56.89
TEM: 31.79
PRE: 995.81
HUM: 56.94
TEM: 31.79
PRE: 995.82
HUM: 56.97
TEM: 31.79
PRE: 995.82
HUM: 56.99
TEM: 31.79
PRE: 995.82
HUM: 57.07
TEM: 31.79
PRE: 995.82
HUM: 57.10
TEM: 31.79
PRE: 995.82
HUM: 57.06
TEM: 31.79
PRE: 995.82
HUM: 56.97
TEM: 31.79
PRE: 995.82
HUM: 57.00
TEM: 31.79
PRE: 995.82
HUM: 56.98
TEM: 31.79
PRE: 995.82
HUM: 57.03
TEM: 31.79
PRE: 995.82
HUM: 57.03
TEM: 31.79
PRE: 995.82
HUM: 57.04
TEM: 31.79
PRE: 995.82
HUM: 57.06
TEM: 31.79
PRE: 995.82
HUM: 57.02
TEM: 31.79
PRE: 995.82
HUM: 57.06
TEM: 31.78
PRE: 995.82
HUM: 57.07
TEM: 31.78
PRE: 995.82
HUM: 57.05
TEM: 31.78
PRE: 995.83
HUM: 57.07
TEM: 31.78
PRE: 995.83
HUM: 57.07
TEM: 31.78
PRE: 995.83
HUM: 57.10
TEM: 31.78
PRE: 995.82
HUM: 57.10
TEM: 31.78
PRE: 995.83
HUM: 57.10
TEM: 31.78
PRE: 995.83
HUM: 57.08
TEM: 31.78
PRE: 995.83
HUM: 57.11
TEM: 31.78
PRE: 995.83
HUM: 57.13
TEM: 31.78
PRE: 995.83
HUM: 57.14
TEM: 31.78
PRE: 995.83
HUM: 57.16
TEM: 31.78
PRE: 995.83
HUM: 57.18
TEM: 31.78
PRE: 995.83
HUM: 57.16
TEM: 31.78
PRE: 995.83
HUM: 57.22
TEM: 31.78
PRE: 995.84
HUM: 57.19
TEM: 31.78
PRE: 995.84
HUM: 57.14
TEM: 31.78
PRE: 995.84
HUM: 57.17
TEM: 31.78
PRE: 995.85
HUM: 57.16
TEM: 31.78
PRE: 995.85
HUM: 57.18
TEM: 31.79
PRE: 995.85
HUM: 57.17
TEM: 31.79
PRE: 995.85
HUM: 57.16
TEM: 31.79
PRE: 995.85
HUM: 57.21
TEM: 31.79
PRE: 995.85
HUM: 57.19
TEM: 31.79
PRE: 995.85
HUM: 57.18
TEM: 31.79
PRE: 995.85
HUM: 57.15
TEM: 31.79
PRE: 995.85
HUM: 57.16
TEM: 31.79
PRE: 995.85
HUM: 57.18
TEM: 31.79
PRE: 995.85
HUM: 57.17
TEM: 31.79
PRE: 995.86
HUM: 57.17
TEM: 31.80
PRE: 995.86
HUM: 57.26
TEM: 31.80
PRE: 995.85
HUM: 57.23
TEM: 31.79
PRE: 995.85
HUM: 57.24
TEM: 31.79
PRE: 995.85
HUM: 57.24
TEM: 31.79
PRE: 995.85
HUM: 57.25
TEM: 31.79
PRE: 995.86
HUM: 57.29
TEM: 31.79
PRE: 995.86
HUM: 57.24
TEM: 31.79
PRE: 995.87
HUM: 57.26
TEM: 31.79
PRE: 995.87
HUM: 57.28
TEM: 31.80
PRE: 995.87
HUM: 57.24
TEM: 31.80
PRE: 995.87
HUM: 57.22
TEM: 31.80
PRE: 995.86
HUM: 57.25
TEM: 31.80
PRE: 995.88
HUM: 57.25
TEM: 31.80
PRE: 995.88
HUM: 57.30
TEM: 31.80
PRE: 995.88
HUM: 57.25
TEM: 31.80
PRE: 995.87
HUM: 57.29
TEM: 31.80
PRE: 995.88
HUM: 57.25
TEM: 31.80
PRE: 995.89
HUM: 57.24
TEM: 31.80
PRE: 995.88
HUM: 57.29
TEM: 31.80
PRE: 995.90
HUM: 57.29
TEM: 31.80
PRE: 995.90
HUM: 57.29
TEM: 31.80
PRE: 995.90
HUM: 57.29
TEM: 31.80
PRE: 995.90
HUM: 57.31
TEM: 31.80
PRE: 995.91
HUM: 57.35
TEM: 31.80
PRE: 995.91
HUM: 57.31
TEM: 31.80
PRE: 995.91
HUM: 57.31
TEM: 31.80
PRE: 995.92
HUM: 57.33
TEM: 31.80
PRE: 995.92
HUM: 57.35
TEM: 31.80
PRE: 995.92
HUM: 57.37
TEM: 31.80
PRE: 995.91
HUM: 57.40
TEM: 31.80
PRE: 995.92
HUM: 57.43
TEM: 31.80
PRE: 995.92
HUM: 57.49
TEM: 31.80
PRE: 995.91
HUM: 57.52
TEM: 31.80
PRE: 995.92
HUM: 57.59
TEM: 31.80
PRE: 995.91
HUM: 57.67
TEM: 31.80
PRE: 995.91
HUM: 57.68
TEM: 31.80
PRE: 995.92
HUM: 57.72
TEM: 31.80
PRE: 995.93
HUM: 57.72
TEM: 31.80
PRE: 995.93
HUM: 57.67
TEM: 31.80
PRE: 995.94
HUM: 57.71
TEM: 31.80
PRE: 995.94
HUM: 57.70
TEM: 31.81
PRE: 995.94
HUM: 57.76
TEM: 31.81
PRE: 995.94
HUM: 57.77
TEM: 31.81
PRE: 995.94
HUM: 57.87
TEM: 31.81
PRE: 995.94
HUM: 57.88
TEM: 31.81
PRE: 995.94
HUM: 58.04
TEM: 31.81
PRE: 995.95
HUM: 58.01
TEM: 31.81
PRE: 995.95
HUM: 57.99
TEM: 31.81
PRE: 995.96
HUM: 58.08
TEM: 31.81
PRE: 995.96
HUM: 58.06
TEM: 31.81
PRE: 995.96
HUM: 58.17
TEM: 31.81
PRE: 995.96
HUM: 58.19
TEM: 31.82
PRE: 995.96
HUM: 58.17
TEM: 31.82
PRE: 995.96
HUM: 58.13
TEM: 31.82
PRE: 995.97
HUM: 58.14
TEM: 31.82
PRE: 995.96
HUM: 58.12
TEM: 31.82
PRE: 995.97
HUM: 58.18
TEM: 31.83
PRE: 995.96
HUM: 58.19
TEM: 31.83
PRE: 995.96
HUM: 58.24
TEM: 31.83
PRE: 995.97
HUM: 58.26
TEM: 31.83
PRE: 995.97
HUM: 58.32
TEM: 31.83
PRE: 995.96
HUM: 58.36
TEM: 31.82
PRE: 995.96
HUM: 58.39
TEM: 31.82
PRE: 995.96
HUM: 58.44
TEM: 31.82
PRE: 995.96
HUM: 58.48
TEM: 31.82
PRE: 995.97
HUM: 58.54
TEM: 31.81
PRE: 995.98
HUM: 58.57
TEM: 31.81
PRE: 995.97
HUM: 58.62
TEM: 31.80
PRE: 995.98
HUM: 58.63
TEM: 31.80
PRE: 995.98
HUM: 58.68
TEM: 31.79
PRE: 995.99
HUM: 58.72
TEM: 31.79
PRE: 995.99
HUM: 58.74
TEM: 31.78
PRE: 995.99
HUM: 58.77
TEM: 31.78
PRE: 995.99
HUM: 58.79
TEM: 31.78
PRE: 996.00
HUM: 58.83
TEM: 31.77
PRE: 996.00
HUM: 58.85
TEM: 31.77
PRE: 996.00
HUM: 58.92
TEM: 31.77
PRE: 996.00
HUM: 58.95
TEM: 31.76
PRE: 996.01
HUM: 58.98
TEM: 31.76
PRE: 996.01
HUM: 59.03
TEM: 31.76
PRE: 996.01
HUM: 59.06
TEM: 31.76
PRE: 996.01
HUM: 59.09
TEM: 31.76
PRE: 996.02
HUM: 59.10
TEM: 31.75
PRE: 996.02
HUM: 59.13
TEM: 31.75
PRE: 996.02
HUM: 59.15
TEM: 31.75
PRE: 996.02
HUM: 59.16
TEM: 31.75
PRE: 996.02
HUM: 59.19
TEM: 31.75
PRE: 996.02
HUM: 59.21
TEM: 31.75
PRE: 996.03
HUM: 59.26
TEM: 31.74
PRE: 996.03
HUM: 59.24
TEM: 31.74
PRE: 996.02
HUM: 59.26
TEM: 31.74
PRE: 996.02
HUM: 59.30
TEM: 31.74
PRE: 996.02
HUM: 59.32
TEM: 31.74
PRE: 996.03
HUM: 59.32
TEM: 31.74
PRE: 996.03
HUM: 59.39
TEM: 31.73
PRE: 996.03
HUM: 59.35
TEM: 31.74
PRE: 996.03
HUM: 59.36
TEM: 31.74
PRE: 996.04
HUM: 59.39
TEM: 31.74
PRE: 996.04
HUM: 59.35
TEM: 31.74
PRE: 996.03
HUM: 59.38
TEM: 31.74
PRE: 996.04
HUM: 59.46
TEM: 31.74
PRE: 996.04
HUM: 59.50
TEM: 31.74
PRE: 996.05
HUM: 59.53
TEM: 31.73
PRE: 996.04
HUM: 59.58
TEM: 31.73
PRE: 996.05
HUM: 59.58
TEM: 31.73
PRE: 996.05
HUM: 59.60
TEM: 31.73
PRE: 996.04
HUM: 59.60
TEM: 31.72
PRE: 996.05
HUM: 59.63
TEM: 31.72
PRE: 996.05
HUM: 59.71
TEM: 31.72
PRE: 996.06
HUM: 59.68
TEM: 31.72
PRE: 996.06
HUM: 59.67
TEM: 31.72
PRE: 996.05
HUM: 59.72
TEM: 31.72
PRE: 996.06
HUM: 59.73
TEM: 31.72
PRE: 996.06
HUM: 59.73
TEM: 31.71
PRE: 996.06
HUM: 59.77
TEM: 31.71
PRE: 996.06
HUM: 59.79
TEM: 31.71
PRE: 996.06
HUM: 59.84
TEM: 31.71
PRE: 996.06
HUM: 59.86
TEM: 31.70
PRE: 996.06
HUM: 59.86
TEM: 31.70
PRE: 996.06
HUM: 59.86
TEM: 31.70
PRE: 996.07
HUM: 59.92
TEM: 31.70
PRE: 996.06
HUM: 59.95
TEM: 31.70
PRE: 996.06
HUM: 59.96
TEM: 31.70
PRE: 996.07
HUM: 59.96
TEM: 31.70
PRE: 996.07
HUM: 59.99
TEM: 31.70
PRE: 996.08
HUM: 60.03
TEM: 31.70
PRE: 996.07
HUM: 60.02
TEM: 31.70
PRE: 996.07
HUM: 60.04
TEM: 31.70
PRE: 996.08
HUM: 60.00
TEM: 31.70
PRE: 996.07
HUM: 60.02
TEM: 31.70
PRE: 996.07
HUM: 60.08
TEM: 31.70
PRE: 996.07
HUM: 60.09
TEM: 31.70
PRE: 996.07
HUM: 60.14
TEM: 31.70
PRE: 996.07
HUM: 60.16
TEM: 31.70
PRE: 996.07
HUM: 60.17
TEM: 31.70
PRE: 996.07
HUM: 60.23
TEM: 31.70
PRE: 996.07
HUM: 60.27
TEM: 31.70
PRE: 996.07
HUM: 60.27
TEM: 31.70
PRE: 996.07
HUM: 60.29
TEM: 31.69
PRE: 996.07
HUM: 60.31
TEM: 31.69
PRE: 996.08
HUM: 60.36
TEM: 31.69
PRE: 996.08
HUM: 60.34
TEM: 31.69
PRE: 996.08
HUM: 60.41
TEM: 31.69
PRE: 996.09
HUM: 60.36
TEM: 31.68
PRE: 996.09
HUM: 60.40
TEM: 31.68
PRE: 996.09
HUM: 60.42
TEM: 31.68
PRE: 996.10
HUM: 60.43
TEM: 31.68
PRE: 996.09
HUM: 60.44
TEM: 31.68
PRE: 996.09
HUM: 60.42
TEM: 31.68
PRE: 996.08
HUM: 60.43
TEM: 31.67
PRE: 996.09
HUM: 60.42
TEM: 31.67
PRE: 996.09
HUM: 60.43
TEM: 31.67
PRE: 996.09
HUM: 60.45
TEM: 31.67
PRE: 996.09
HUM: 60.49
TEM: 31.67
PRE: 996.08
HUM: 60.47
TEM: 31.67
PRE: 996.08
HUM: 60.48
TEM: 31.67
PRE: 996.08
HUM: 60.50
TEM: 31.66
PRE: 996.09
HUM: 60.53
TEM: 31.66
PRE: 996.09
HUM: 60.50
TEM: 31.66
PRE: 996.09
HUM: 60.56
TEM: 31.66
PRE: 996.10
HUM: 60.53
TEM: 31.66
PRE: 996.10
HUM: 60.55
TEM: 31.66
PRE: 996.10
HUM: 60.57
TEM: 31.66
PRE: 996.10
HUM: 60.57
TEM: 31.66
PRE: 996.10
HUM: 60.55
TEM: 31.66
PRE: 996.10
HUM: 60.56
TEM: 31.66
PRE: 996.10
HUM: 60.56
TEM: 31.66
PRE: 996.10
HUM: 60.58
TEM: 31.66
PRE: 996.11
HUM: 60.61
TEM: 31.66
PRE: 996.11
HUM: 60.62
TEM: 31.65
PRE: 996.12
HUM: 60.64
TEM: 31.65
PRE: 996.12
HUM: 60.63
TEM: 31.65
PRE: 996.12
HUM: 60.67
TEM: 31.65
PRE: 996.13
HUM: 60.67
TEM: 31.65
PRE: 996.13
HUM: 60.69
TEM: 31.65
PRE: 996.14
HUM: 60.70
TEM: 31.65
PRE: 996.14
HUM: 60.71
TEM: 31.65
PRE: 996.14
HUM: 60.70
TEM: 31.65
PRE: 996.14
HUM: 60.73
TEM: 31.64
PRE: 996.14
HUM: 60.73
TEM: 31.64
PRE: 996.14
HUM: 60.73
TEM: 31.64
PRE: 996.15
HUM: 60.73
TEM: 31.64
PRE: 996.15
HUM: 60.74
TEM: 31.64
PRE: 996.15
HUM: 60.78
TEM: 31.64
PRE: 996.15
HUM: 60.81
TEM: 31.64
PRE: 996.16
HUM: 60.82
TEM: 31.64
PRE: 996.16
HUM: 60.83
TEM: 31.63
PRE: 996.17
HUM: 60.86
TEM: 31.63
PRE: 996.17
HUM: 60.86
TEM: 31.63
PRE: 996.17
HUM: 60.84
TEM: 31.63
PRE: 996.17
HUM: 60.87
TEM: 31.63
PRE: 996.18
HUM: 60.90
TEM: 31.63
PRE: 996.17
HUM: 60.92
TEM: 31.63
PRE: 996.17
HUM: 60.90
TEM: 31.63
PRE: 996.17
HUM: 60.94
TEM: 31.63
PRE: 996.18
HUM: 60.96
TEM: 31.63
PRE: 996.18
HUM: 60.93
TEM: 31.63
PRE: 996.18
HUM: 60.96
TEM: 31.63
PRE: 996.18
HUM: 60.97
TEM: 31.63
PRE: 996.18
HUM: 61.00
TEM: 31.63
PRE: 996.18
HUM: 61.01
TEM: 31.63
PRE: 996.18
HUM: 61.02
TEM: 31.63
PRE: 996.18
HUM: 61.02
TEM: 31.63
PRE: 996.18
HUM: 61.03
TEM: 31.63
PRE: 996.18
HUM: 61.05
TEM: 31.63
PRE: 996.19
HUM: 61.04
TEM: 31.63
PRE: 996.19
HUM: 61.04
TEM: 31.63
PRE: 996.19
HUM: 61.05
TEM: 31.63
PRE: 996.20
HUM: 61.05
TEM: 31.63
PRE: 996.20
HUM: 61.08
TEM: 31.63
PRE: 996.20
HUM: 61.08
TEM: 31.63
PRE: 996.20
HUM: 61.10
TEM: 31.63
PRE: 996.20
HUM: 61.12
TEM: 31.63
PRE: 996.21
HUM: 61.10
TEM: 31.63
PRE: 996.21
HUM: 61.11
TEM: 31.63
PRE: 996.21
HUM: 61.11
TEM: 31.63
PRE: 996.21
HUM: 61.12
TEM: 31.63
PRE: 996.21
HUM: 61.12
TEM: 31.63
PRE: 996.21
HUM: 61.13
TEM: 31.63
PRE: 996.21
HUM: 61.14
TEM: 31.63
PRE: 996.21
HUM: 61.15
TEM: 31.63
PRE: 996.21
HUM: 61.18
TEM: 31.63
PRE: 996.22
HUM: 61.19
TEM: 31.63
PRE: 996.21
HUM: 61.19
TEM: 31.62
PRE: 996.22
HUM: 61.20
TEM: 31.62
PRE: 996.23
HUM: 61.23
TEM: 31.62
PRE: 996.23
HUM: 61.23
TEM: 31.62
PRE: 996.23
HUM: 61.24
TEM: 31.62
PRE: 996.24
HUM: 61.25
TEM: 31.62
PRE: 996.23
HUM: 61.29
TEM: 31.62
PRE: 996.24
HUM: 61.29
TEM: 31.62
PRE: 996.24
HUM: 61.33
TEM: 31.62
PRE: 996.24
HUM: 61.31
TEM: 31.62
PRE: 996.24
HUM: 61.31
TEM: 31.62
PRE: 996.23
HUM: 61.29
TEM: 31.62
PRE: 996.24
HUM: 61.30
TEM: 31.63
PRE: 996.24
HUM: 61.30
TEM: 31.63
PRE: 996.24
HUM: 61.29
TEM: 31.63
PRE: 996.24
HUM: 61.30
TEM: 31.63
PRE: 996.24
HUM: 61.30
TEM: 31.63
PRE: 996.24
HUM: 61.32
TEM: 31.63
PRE: 996.24
HUM: 61.32
TEM: 31.63
PRE: 996.24
HUM: 61.34
TEM: 31.63
PRE: 996.25
HUM: 61.34
TEM: 31.63
PRE: 996.24
HUM: 61.34
TEM: 31.62
PRE: 996.24
HUM: 61.36
TEM: 31.62
PRE: 996.24
HUM: 61.40
TEM: 31.62
PRE: 996.25
HUM: 61.38
TEM: 31.62
PRE: 996.25
HUM: 61.38
TEM: 31.62
PRE: 996.25
HUM: 61.42
TEM: 31.62
PRE: 996.25
HUM: 61.42
TEM: 31.62
PRE: 996.25
HUM: 61.43
TEM: 31.62
PRE: 996.26
HUM: 61.44
TEM: 31.62
PRE: 996.26
HUM: 61.44
TEM: 31.62
PRE: 996.26
HUM: 61.46
TEM: 31.62
PRE: 996.26
HUM: 61.45
TEM: 31.62
PRE: 996.26
HUM: 61.46
TEM: 31.61
PRE: 996.26
HUM: 61.47
TEM: 31.61
PRE: 996.27
HUM: 61.47
TEM: 31.61
PRE: 996.27
HUM: 61.52
TEM: 31.61
PRE: 996.27
HUM: 61.53
TEM: 31.61
PRE: 996.27
HUM: 61.53
TEM: 31.61
PRE: 996.27
HUM: 61.55
TEM: 31.60
PRE: 996.26
HUM: 61.53
TEM: 31.60
PRE: 996.27
HUM: 61.53
TEM: 31.60
PRE: 996.26
HUM: 61.56
TEM: 31.60
PRE: 996.27
HUM: 61.53
TEM: 31.60
PRE: 996.27
HUM: 61.51
TEM: 31.60
PRE: 996.27
HUM: 61.50
TEM: 31.60
PRE: 996.27
HUM: 61.47
TEM: 31.61
PRE: 996.27
HUM: 61.46
TEM: 31.61
PRE: 996.28
HUM: 61.44
TEM: 31.62
PRE: 996.27
HUM: 61.39
TEM: 31.62
PRE: 996.28
HUM: 61.42
TEM: 31.62
PRE: 996.28
HUM: 61.39
TEM: 31.63
PRE: 996.28
HUM: 61.40
TEM: 31.63
PRE: 996.28
HUM: 61.43
TEM: 31.63
PRE: 996.28
HUM: 61.45
TEM: 31.63
PRE: 996.29
HUM: 61.60
TEM: 31.63
PRE: 996.29
HUM: 61.55
TEM: 31.63
PRE: 996.29
HUM: 61.60
TEM: 31.63
PRE: 996.29
HUM: 61.58
TEM: 31.63
PRE: 996.30
HUM: 61.55
TEM: 31.63
PRE: 996.30
HUM: 61.56
TEM: 31.63
PRE: 996.30
HUM: 61.58
TEM: 31.63
PRE: 996.30
HUM: 61.62
TEM: 31.63
PRE: 996.30
HUM: 61.62
TEM: 31.63
PRE: 996.31
HUM: 61.68
TEM: 31.63
PRE: 996.30
HUM: 61.64
TEM: 31.62
PRE: 996.31
HUM: 61.67
TEM: 31.62
PRE: 996.31
HUM: 61.64
TEM: 31.62
PRE: 996.31
HUM: 61.66
TEM: 31.62
PRE: 996.31
HUM: 61.71
TEM: 31.62
PRE: 996.31
HUM: 61.74
TEM: 31.62
PRE: 996.31
HUM: 61.70
TEM: 31.62
PRE: 996.31
HUM: 61.70
TEM: 31.61
PRE: 996.31
HUM: 61.69
TEM: 31.61
PRE: 996.31
HUM: 61.71
TEM: 31.61
PRE: 996.31
HUM: 61.75
TEM: 31.61
PRE: 996.31
HUM: 61.76
TEM: 31.61
PRE: 996.32
HUM: 61.81
TEM: 31.61
PRE: 996.31
HUM: 61.81
TEM: 31.60
PRE: 996.31
HUM: 61.82
TEM: 31.60
PRE: 996.30
HUM: 61.79
TEM: 31.60
PRE: 996.30
HUM: 61.81
TEM: 31.59
PRE: 996.31
HUM: 61.78
TEM: 31.59
PRE: 996.30
HUM: 61.79
TEM: 31.59
PRE: 996.30
HUM: 61.81
TEM: 31.59
PRE: 996.30
HUM: 61.78
TEM: 31.59
PRE: 996.30
HUM: 61.82
TEM: 31.59
PRE: 996.31
HUM: 61.81
TEM: 31.59
PRE: 996.31
HUM: 61.79
TEM: 31.59
PRE: 996.31
HUM: 61.79
TEM: 31.59
PRE: 996.31
HUM: 61.79
TEM: 31.59
PRE: 996.31
HUM: 61.82
TEM: 31.59
PRE: 996.31
HUM: 61.77
TEM: 31.59
PRE: 996.31
HUM: 61.79
TEM: 31.59
PRE: 996.30
HUM: 61.77
TEM: 31.59
PRE: 996.31
HUM: 61.76
TEM: 31.60
PRE: 996.31
HUM: 61.76
TEM: 31.60
PRE: 996.31
HUM: 61.74
TEM: 31.60
PRE: 996.31
HUM: 61.72
TEM: 31.61
PRE: 996.31
HUM: 61.70
TEM: 31.61
PRE: 996.31
HUM: 61.72
TEM: 31.61
PRE: 996.31
HUM: 61.72
TEM: 31.61
PRE: 996.31
HUM: 61.72
TEM: 31.61
PRE: 996.31
HUM: 61.75
TEM: 31.61
PRE: 996.31
HUM: 61.75
TEM: 31.61
PRE: 996.30
HUM: 61.75
TEM: 31.61
PRE: 996.30
HUM: 61.76
TEM: 31.61
PRE: 996.31
HUM: 61.79
TEM: 31.61
PRE: 996.31
HUM: 61.75
TEM: 31.61
PRE: 996.32
HUM: 61.76
TEM: 31.61
PRE: 996.32
HUM: 61.69
TEM: 31.61
PRE: 996.32
HUM: 61.65
TEM: 31.61
PRE: 996.31
HUM: 61.56
TEM: 31.61
PRE: 996.31
HUM: 61.82
TEM: 31.61
PRE: 996.31
HUM: 61.81
TEM: 31.62
PRE: 996.32
HUM: 61.62
TEM: 31.62
PRE: 996.31
HUM: 61.68
TEM: 31.62
PRE: 996.31
HUM: 61.80
TEM: 31.62
PRE: 996.32
HUM: 61.86
TEM: 31.63
PRE: 996.32
HUM: 61.75
TEM: 31.63
PRE: 996.33
HUM: 61.82
TEM: 31.63
PRE: 996.33
HUM: 61.72
TEM: 31.63
PRE: 996.33
HUM: 61.73
TEM: 31.63
PRE: 996.33
HUM: 61.64
TEM: 31.63
PRE: 996.34
HUM: 61.63
TEM: 31.63
PRE: 996.34
HUM: 61.68
TEM: 31.63
PRE: 996.34
HUM: 61.64
TEM: 31.63
PRE: 996.35
HUM: 61.69
TEM: 31.63
PRE: 996.35
HUM: 61.71
TEM: 31.63
PRE: 996.35
HUM: 61.75
TEM: 31.63
PRE: 996.35
HUM: 61.68
TEM: 31.63
PRE: 996.35
HUM: 61.69
TEM: 31.64
PRE: 996.35
HUM: 61.80
TEM: 31.64
PRE: 996.35
HUM: 61.80
TEM: 31.64
PRE: 996.35
HUM: 61.85
TEM: 31.64
PRE: 996.35
HUM: 61.85
TEM: 31.64
PRE: 996.34
HUM: 61.79
TEM: 31.64
PRE: 996.35
HUM: 61.74
TEM: 31.64
PRE: 996.35
HUM: 61.69
TEM: 31.64
PRE: 996.36
HUM: 61.73
TEM: 31.64
PRE: 996.36
HUM: 61.73
TEM: 31.64
PRE: 996.36
HUM: 61.71
TEM: 31.65
PRE: 996.36
HUM: 61.68
TEM: 31.65
PRE: 996.36
HUM: 61.72
TEM: 31.65
PRE: 996.36
HUM: 61.70
TEM: 31.65
PRE: 996.35
HUM: 61.70
TEM: 31.65
PRE: 996.35
HUM: 61.71
TEM: 31.65
PRE: 996.36
HUM: 61.74
TEM: 31.65
PRE: 996.35
HUM: 61.74
TEM: 31.65
PRE: 996.35
HUM: 61.77
TEM: 31.65
PRE: 996.36
HUM: 61.74
TEM: 31.66
PRE: 996.36
HUM: 61.74
TEM: 31.66
PRE: 996.37
HUM: 61.77
TEM: 31.66
PRE: 996.36
HUM: 61.73
TEM: 31.66
PRE: 996.37
HUM: 61.72
TEM: 31.66
PRE: 996.37
HUM: 61.73
TEM: 31.66
PRE: 996.37
HUM: 61.73
TEM: 31.66
PRE: 996.37
HUM: 61.70
TEM: 31.66
PRE: 996.38
HUM: 61.72
TEM: 31.67
PRE: 996.38
HUM: 61.73
TEM: 31.67
PRE: 996.38
HUM: 61.79
TEM: 31.66
PRE: 996.38
HUM: 61.77
TEM: 31.66
PRE: 996.38
HUM: 61.82
TEM: 31.66
PRE: 996.37
HUM: 61.79
TEM: 31.66
PRE: 996.38
HUM: 61.84
TEM: 31.66
PRE: 996.38
HUM: 61.83
TEM: 31.66
PRE: 996.38
HUM: 61.82
TEM: 31.67
PRE: 996.39
HUM: 61.84
TEM: 31.67
PRE: 996.40
HUM: 61.82
TEM: 31.67
PRE: 996.40
HUM: 61.82
TEM: 31.67
PRE: 996.40
HUM: 61.79
TEM: 31.67
PRE: 996.40
HUM: 61.76
TEM: 31.67
PRE: 996.40
HUM: 61.80
TEM: 31.67
PRE: 996.40
HUM: 61.78
TEM: 31.67
PRE: 996.40
HUM: 61.83
TEM: 31.67
PRE: 996.41
HUM: 61.83
TEM: 31.67
PRE: 996.41
HUM: 61.83
TEM: 31.67
PRE: 996.41
HUM: 61.84
TEM: 31.67
PRE: 996.41
HUM: 61.83
TEM: 31.67
PRE: 996.42
HUM: 61.84
TEM: 31.68
PRE: 996.42
HUM: 61.85
TEM: 31.68
PRE: 996.42
HUM: 61.83
TEM: 31.68
PRE: 996.43
HUM: 61.83
TEM: 31.68
PRE: 996.43
HUM: 61.84
TEM: 31.68
PRE: 996.43
HUM: 61.86
TEM: 31.68
