********************************************************************************
Obsolete PIO Core v5.1.0 is used (previous was 5.1.1)
Please remove multiple PIO Cores from a system:
https://docs.platformio.org/page/faq.html#multiple-platformio-cores-in-a-system
********************************************************************************
--- Available filters and text transformations: colorize, debug, default, direct, hexlify, log2file, nocontrol, printable, send_on_enter, time
--- More details at http://bit.ly/pio-monitor-filters
␀
PRE: 994.36
HUM: 47.97
TEM: 31.62
PRE: 994.36
HUM: 47.97
TEM: 31.62
PRE: 994.35
HUM: 47.97
TEM: 31.61
PRE: 994.35
HUM: 47.96
TEM: 31.61
PRE: 994.36
HUM: 47.93
TEM: 31.61
PRE: 994.36
HUM: 47.96
TEM: 31.62
PRE: 994.35
HUM: 47.95
TEM: 31.62
PRE: 994.35
HUM: 47.91
TEM: 31.62
PRE: 994.36
HUM: 47.94
TEM: 31.62
PRE: 994.36
HUM: 47.94
TEM: 31.63
PRE: 994.36
HUM: 47.91
TEM: 31.63
PRE: 994.36
HUM: 47.91
TEM: 31.63
PRE: 994.36
HUM: 47.92
TEM: 31.64
PRE: 994.35
HUM: 47.94
TEM: 31.64
PRE: 994.35
HUM: 47.91
TEM: 31.64
PRE: 994.36
HUM: 47.85
TEM: 31.65
PRE: 994.36
HUM: 47.90
TEM: 31.65
PRE: 994.36
HUM: 47.94
TEM: 31.65
PRE: 994.36
HUM: 47.94
TEM: 31.65
PRE: 994.37
HUM: 47.93
TEM: 31.66
PRE: 994.36
HUM: 47.92
TEM: 31.66
PRE: 994.36
HUM: 47.89
TEM: 31.67
PRE: 994.36
HUM: 47.89
TEM: 31.67
PRE: 994.36
HUM: 47.87
TEM: 31.68
PRE: 994.36
HUM: 47.85
TEM: 31.68
PRE: 994.36
HUM: 47.91
TEM: 31.68
PRE: 994.35
HUM: 47.92
TEM: 31.69
PRE: 994.35
HUM: 47.91
TEM: 31.69
PRE: 994.36
HUM: 47.91
TEM: 31.69
PRE: 994.35
HUM: 47.97
TEM: 31.69
PRE: 994.36
HUM: 47.94
TEM: 31.69
PRE: 994.36
HUM: 47.97
TEM: 31.70
PRE: 994.36
HUM: 47.97
TEM: 31.70
PRE: 994.35
HUM: 47.96
TEM: 31.70
PRE: 994.35
HUM: 47.98
TEM: 31.70
PRE: 994.35
HUM: 47.98
TEM: 31.70
PRE: 994.35
HUM: 47.98
TEM: 31.71
PRE: 994.35
HUM: 47.98
TEM: 31.71
PRE: 994.35
HUM: 47.97
TEM: 31.71
PRE: 994.35
HUM: 47.97
TEM: 31.71
PRE: 994.34
HUM: 48.00
TEM: 31.71
PRE: 994.34
HUM: 47.99
TEM: 31.72
PRE: 994.35
HUM: 48.02
TEM: 31.72
PRE: 994.36
HUM: 47.99
TEM: 31.72
PRE: 994.36
HUM: 48.01
TEM: 31.72
PRE: 994.36
HUM: 47.98
TEM: 31.73
PRE: 994.36
HUM: 47.98
TEM: 31.73
PRE: 994.35
HUM: 48.01
TEM: 31.73
PRE: 994.35
HUM: 48.01
TEM: 31.73
PRE: 994.35
HUM: 48.02
TEM: 31.73
PRE: 994.35
HUM: 48.01
TEM: 31.74
PRE: 994.35
HUM: 48.00
TEM: 31.74
PRE: 994.35
HUM: 48.03
TEM: 31.74
PRE: 994.36
HUM: 48.02
TEM: 31.74
PRE: 994.37
HUM: 48.07
TEM: 31.74
PRE: 994.36
HUM: 48.08
TEM: 31.74
PRE: 994.35
HUM: 48.07
TEM: 31.74
PRE: 994.36
HUM: 48.09
TEM: 31.75
PRE: 994.36
HUM: 48.08
TEM: 31.75
PRE: 994.36
HUM: 48.01
TEM: 31.75
PRE: 994.36
HUM: 48.07
TEM: 31.76
PRE: 994.36
HUM: 48.08
TEM: 31.76
PRE: 994.36
HUM: 48.07
TEM: 31.76
PRE: 994.36
HUM: 48.09
TEM: 31.76
PRE: 994.36
HUM: 48.09
TEM: 31.76
PRE: 994.36
HUM: 48.08
TEM: 31.76
PRE: 994.36
HUM: 48.09
TEM: 31.76
PRE: 994.36
HUM: 48.11
TEM: 31.76
PRE: 994.37
HUM: 48.13
TEM: 31.76
PRE: 994.37
HUM: 48.09
TEM: 31.76
PRE: 994.37
HUM: 48.11
TEM: 31.76
PRE: 994.37
HUM: 48.08
TEM: 31.76
PRE: 994.37
HUM: 48.13
TEM: 31.76
PRE: 994.38
HUM: 48.15
TEM: 31.76
PRE: 994.37
HUM: 48.14
TEM: 31.76
PRE: 994.37
HUM: 48.17
TEM: 31.76
PRE: 994.38
HUM: 48.17
TEM: 31.76
PRE: 994.37
HUM: 48.17
TEM: 31.76
PRE: 994.37
HUM: 48.17
TEM: 31.76
PRE: 994.38
HUM: 48.18
TEM: 31.76
PRE: 994.38
HUM: 48.18
TEM: 31.76
PRE: 994.38
HUM: 48.19
TEM: 31.76
PRE: 994.38
HUM: 48.21
TEM: 31.76
PRE: 994.38
HUM: 48.23
TEM: 31.76
PRE: 994.37
HUM: 48.21
TEM: 31.76
PRE: 994.37
HUM: 48.20
TEM: 31.76
PRE: 994.37
HUM: 48.23
TEM: 31.76
PRE: 994.37
HUM: 48.24
TEM: 31.76
PRE: 994.38
HUM: 48.23
TEM: 31.76
PRE: 994.37
HUM: 48.27
TEM: 31.76
PRE: 994.37
HUM: 48.27
TEM: 31.76
PRE: 994.37
HUM: 48.25
TEM: 31.76
PRE: 994.38
HUM: 48.27
TEM: 31.76
PRE: 994.38
HUM: 48.29
TEM: 31.76
PRE: 994.37
HUM: 48.30
TEM: 31.76
PRE: 994.38
HUM: 48.35
TEM: 31.76
PRE: 994.38
HUM: 48.35
TEM: 31.76
PRE: 994.38
HUM: 48.33
TEM: 31.76
PRE: 994.39
HUM: 48.33
TEM: 31.76
PRE: 994.38
HUM: 48.35
TEM: 31.76
PRE: 994.38
HUM: 48.32
TEM: 31.76
PRE: 994.38
HUM: 48.33
TEM: 31.76
PRE: 994.38
HUM: 48.36
TEM: 31.76
PRE: 994.39
HUM: 48.33
TEM: 31.76
PRE: 994.39
HUM: 48.33
TEM: 31.76
PRE: 994.40
HUM: 48.37
TEM: 31.76
PRE: 994.40
HUM: 48.37
TEM: 31.76
PRE: 994.39
HUM: 48.37
TEM: 31.76
PRE: 994.39
HUM: 48.43
TEM: 31.76
PRE: 994.39
HUM: 48.42
TEM: 31.76
PRE: 994.39
HUM: 48.41
TEM: 31.76
PRE: 994.40
HUM: 48.39
TEM: 31.76
PRE: 994.39
HUM: 48.42
TEM: 31.76
PRE: 994.39
HUM: 48.39
TEM: 31.76
PRE: 994.39
HUM: 48.43
TEM: 31.76
PRE: 994.40
HUM: 48.48
TEM: 31.77
PRE: 994.39
HUM: 48.48
TEM: 31.76
PRE: 994.39
HUM: 48.44
TEM: 31.77
PRE: 994.39
HUM: 48.48
TEM: 31.77
PRE: 994.39
HUM: 48.54
TEM: 31.77
PRE: 994.39
HUM: 48.50
TEM: 31.77
PRE: 994.38
HUM: 48.49
TEM: 31.77
PRE: 994.38
HUM: 48.50
TEM: 31.77
PRE: 994.38
HUM: 48.51
TEM: 31.77
PRE: 994.38
HUM: 48.56
TEM: 31.77
PRE: 994.39
HUM: 48.50
TEM: 31.77
PRE: 994.38
HUM: 48.48
TEM: 31.77
PRE: 994.38
HUM: 48.54
TEM: 31.77
PRE: 994.39
HUM: 48.53
TEM: 31.77
PRE: 994.39
HUM: 48.53
TEM: 31.77
PRE: 994.39
HUM: 48.53
TEM: 31.77
PRE: 994.39
HUM: 48.53
TEM: 31.77
PRE: 994.39
HUM: 48.57
TEM: 31.77
PRE: 994.39
HUM: 48.56
TEM: 31.77
PRE: 994.39
HUM: 48.57
TEM: 31.77
PRE: 994.38
HUM: 48.59
TEM: 31.77
PRE: 994.39
HUM: 48.57
TEM: 31.77
PRE: 994.39
HUM: 48.60
TEM: 31.77
PRE: 994.39
HUM: 48.60
TEM: 31.77
PRE: 994.39
HUM: 48.60
TEM: 31.77
PRE: 994.39
HUM: 48.61
TEM: 31.77
PRE: 994.39
HUM: 48.61
TEM: 31.77
PRE: 994.39
HUM: 48.61
TEM: 31.77
PRE: 994.39
HUM: 48.62
TEM: 31.77
PRE: 994.39
HUM: 48.60
TEM: 31.77
PRE: 994.39
HUM: 48.62
TEM: 31.77
PRE: 994.39
HUM: 48.66
TEM: 31.77
PRE: 994.40
HUM: 48.67
TEM: 31.77
PRE: 994.40
HUM: 48.68
TEM: 31.77
PRE: 994.40
HUM: 48.69
TEM: 31.77
PRE: 994.40
HUM: 48.71
TEM: 31.77
PRE: 994.40
HUM: 48.68
TEM: 31.77
PRE: 994.41
HUM: 48.74
TEM: 31.77
PRE: 994.41
HUM: 48.72
TEM: 31.77
PRE: 994.40
HUM: 48.72
TEM: 31.77
PRE: 994.40
HUM: 48.72
TEM: 31.77
PRE: 994.40
HUM: 48.71
TEM: 31.77
PRE: 994.40
HUM: 48.73
TEM: 31.77
PRE: 994.39
HUM: 48.77
TEM: 31.77
PRE: 994.40
HUM: 48.78
TEM: 31.77
PRE: 994.40
HUM: 48.78
TEM: 31.77
PRE: 994.40
HUM: 48.73
TEM: 31.77
PRE: 994.41
HUM: 48.73
TEM: 31.77
PRE: 994.40
HUM: 48.73
TEM: 31.77
PRE: 994.40
HUM: 48.73
TEM: 31.77
PRE: 994.40
HUM: 48.74
TEM: 31.77
PRE: 994.40
HUM: 48.77
TEM: 31.77
PRE: 994.41
HUM: 48.79
TEM: 31.77
PRE: 994.41
HUM: 48.77
TEM: 31.77
PRE: 994.41
HUM: 48.78
TEM: 31.77
PRE: 994.40
HUM: 48.79
TEM: 31.77
PRE: 994.41
HUM: 48.75
TEM: 31.78
PRE: 994.41
HUM: 48.74
TEM: 31.78
PRE: 994.41
HUM: 48.82
TEM: 31.78
PRE: 994.41
HUM: 48.77
TEM: 31.78
PRE: 994.41
HUM: 48.77
TEM: 31.78
PRE: 994.41
HUM: 48.78
TEM: 31.78
PRE: 994.41
HUM: 48.80
TEM: 31.78
PRE: 994.41
HUM: 48.83
TEM: 31.78
PRE: 994.41
HUM: 48.85
TEM: 31.77
PRE: 994.41
HUM: 48.89
TEM: 31.77
PRE: 994.41
HUM: 48.86
TEM: 31.77
PRE: 994.41
HUM: 48.89
TEM: 31.77
PRE: 994.41
HUM: 48.87
TEM: 31.77
PRE: 994.41
HUM: 48.92
TEM: 31.76
PRE: 994.41
HUM: 48.91
TEM: 31.76
PRE: 994.42
HUM: 48.95
TEM: 31.76
PRE: 994.42
HUM: 48.95
TEM: 31.76
PRE: 994.42
HUM: 48.96
TEM: 31.76
PRE: 994.42
HUM: 48.99
TEM: 31.75
PRE: 994.42
HUM: 48.96
TEM: 31.75
PRE: 994.42
HUM: 49.00
TEM: 31.75
PRE: 994.43
HUM: 49.00
TEM: 31.75
PRE: 994.43
HUM: 49.03
TEM: 31.75
PRE: 994.43
HUM: 49.04
TEM: 31.75
PRE: 994.42
HUM: 49.00
TEM: 31.74
PRE: 994.43
HUM: 49.02
TEM: 31.74
PRE: 994.43
HUM: 49.02
TEM: 31.74
PRE: 994.43
HUM: 49.02
TEM: 31.74
PRE: 994.43
HUM: 49.03
TEM: 31.75
PRE: 994.44
HUM: 49.03
TEM: 31.75
PRE: 994.43
HUM: 49.04
TEM: 31.74
PRE: 994.43
HUM: 49.04
TEM: 31.74
PRE: 994.43
HUM: 49.05
TEM: 31.74
PRE: 994.42
HUM: 49.06
TEM: 31.74
PRE: 994.43
HUM: 49.06
TEM: 31.74
PRE: 994.43
HUM: 49.08
TEM: 31.74
PRE: 994.42
HUM: 49.10
TEM: 31.74
PRE: 994.43
HUM: 49.08
TEM: 31.74
PRE: 994.43
HUM: 49.09
TEM: 31.74
PRE: 994.43
HUM: 49.09
TEM: 31.74
PRE: 994.43
HUM: 49.10
TEM: 31.73
PRE: 994.43
HUM: 49.09
TEM: 31.74
PRE: 994.42
HUM: 49.10
TEM: 31.73
PRE: 994.42
HUM: 49.11
TEM: 31.73
PRE: 994.43
HUM: 49.10
TEM: 31.73
PRE: 994.42
HUM: 49.10
TEM: 31.73
PRE: 994.43
HUM: 49.09
TEM: 31.73
PRE: 994.43
HUM: 49.11
TEM: 31.73
PRE: 994.42
HUM: 49.10
TEM: 31.73
PRE: 994.42
HUM: 49.11
TEM: 31.73
PRE: 994.42
HUM: 49.11
TEM: 31.73
PRE: 994.41
HUM: 49.12
TEM: 31.73
PRE: 994.41
HUM: 49.15
TEM: 31.73
PRE: 994.41
HUM: 49.12
TEM: 31.73
PRE: 994.41
HUM: 49.13
TEM: 31.73
PRE: 994.41
HUM: 49.13
TEM: 31.73
PRE: 994.41
HUM: 49.12
TEM: 31.73
PRE: 994.40
HUM: 49.10
TEM: 31.73
PRE: 994.41
HUM: 49.12
TEM: 31.74
PRE: 994.41
HUM: 49.13
TEM: 31.74
PRE: 994.41
HUM: 49.15
TEM: 31.74
PRE: 994.40
HUM: 49.10
TEM: 31.74
PRE: 994.40
HUM: 49.10
TEM: 31.74
PRE: 994.40
HUM: 49.12
TEM: 31.73
PRE: 994.40
HUM: 49.15
TEM: 31.73
PRE: 994.39
HUM: 49.17
TEM: 31.73
PRE: 994.39
HUM: 49.18
TEM: 31.73
PRE: 994.39
HUM: 49.15
TEM: 31.73
PRE: 994.39
HUM: 49.15
TEM: 31.73
PRE: 994.39
HUM: 49.15
TEM: 31.73
PRE: 994.39
HUM: 49.16
TEM: 31.74
PRE: 994.38
HUM: 49.13
TEM: 31.74
PRE: 994.38
HUM: 49.15
TEM: 31.74
PRE: 994.38
HUM: 49.16
TEM: 31.74
PRE: 994.37
HUM: 49.17
TEM: 31.74
PRE: 994.38
HUM: 49.17
TEM: 31.74
PRE: 994.38
HUM: 49.17
TEM: 31.74
PRE: 994.38
HUM: 49.18
TEM: 31.74
PRE: 994.38
HUM: 49.21
TEM: 31.74
PRE: 994.38
HUM: 49.18
TEM: 31.74
PRE: 994.37
HUM: 49.21
TEM: 31.74
PRE: 994.37
HUM: 49.21
TEM: 31.74
PRE: 994.37
HUM: 49.22
TEM: 31.74
PRE: 994.37
HUM: 49.22
TEM: 31.74
PRE: 994.37
HUM: 49.21
TEM: 31.74
PRE: 994.37
HUM: 49.22
TEM: 31.74
PRE: 994.37
HUM: 49.25
TEM: 31.74
PRE: 994.36
HUM: 49.25
TEM: 31.74
PRE: 994.37
HUM: 49.25
TEM: 31.75
PRE: 994.37
HUM: 49.25
TEM: 31.75
PRE: 994.36
HUM: 49.22
TEM: 31.75
PRE: 994.36
HUM: 49.21
TEM: 31.75
PRE: 994.36
HUM: 49.23
TEM: 31.75
PRE: 994.36
HUM: 49.21
TEM: 31.75
PRE: 994.36
HUM: 49.23
TEM: 31.76
PRE: 994.36
HUM: 49.25
TEM: 31.76
PRE: 994.36
HUM: 49.26
TEM: 31.76
PRE: 994.37
HUM: 49.25
TEM: 31.76
PRE: 994.37
HUM: 49.23
TEM: 31.76
PRE: 994.37
HUM: 49.31
TEM: 31.76
PRE: 994.37
HUM: 49.32
TEM: 31.76
PRE: 994.37
HUM: 49.29
TEM: 31.76
PRE: 994.37
HUM: 49.33
TEM: 31.77
PRE: 994.38
HUM: 49.27
TEM: 31.77
PRE: 994.37
HUM: 49.31
TEM: 31.77
PRE: 994.37
HUM: 49.29
TEM: 31.77
PRE: 994.37
HUM: 49.29
TEM: 31.77
PRE: 994.37
HUM: 49.31
TEM: 31.77
PRE: 994.38
HUM: 49.28
TEM: 31.77
PRE: 994.37
HUM: 49.32
TEM: 31.77
PRE: 994.37
HUM: 49.31
TEM: 31.77
PRE: 994.37
HUM: 49.31
TEM: 31.77
PRE: 994.37
HUM: 49.37
TEM: 31.77
PRE: 994.36
HUM: 49.33
TEM: 31.77
PRE: 994.36
HUM: 49.32
TEM: 31.77
PRE: 994.36
HUM: 49.34
TEM: 31.78
PRE: 994.36
HUM: 49.36
TEM: 31.78
PRE: 994.36
HUM: 49.34
TEM: 31.78
PRE: 994.36
HUM: 49.37
TEM: 31.78
PRE: 994.35
HUM: 49.34
TEM: 31.78
PRE: 994.35
HUM: 49.37
TEM: 31.77
PRE: 994.35
HUM: 49.34
TEM: 31.77
PRE: 994.35
HUM: 49.35
TEM: 31.77
PRE: 994.34
HUM: 49.43
TEM: 31.77
PRE: 994.34
HUM: 49.41
TEM: 31.77
PRE: 994.34
HUM: 49.41
TEM: 31.77
PRE: 994.33
HUM: 49.41
TEM: 31.77
PRE: 994.33
HUM: 49.43
TEM: 31.77
PRE: 994.33
HUM: 49.43
TEM: 31.77
PRE: 994.33
HUM: 49.46
TEM: 31.77
PRE: 994.33
HUM: 49.47
TEM: 31.77
PRE: 994.33
HUM: 49.49
TEM: 31.77
PRE: 994.34
HUM: 49.52
TEM: 31.77
PRE: 994.33
HUM: 49.56
TEM: 31.76
PRE: 994.33
HUM: 49.53
TEM: 31.76
PRE: 994.34
HUM: 49.53
TEM: 31.76
PRE: 994.33
HUM: 49.54
TEM: 31.76
PRE: 994.34
HUM: 49.56
TEM: 31.76
PRE: 994.33
HUM: 49.57
TEM: 31.76
PRE: 994.33
HUM: 49.58
TEM: 31.75
PRE: 994.33
HUM: 49.59
TEM: 31.75
PRE: 994.33
HUM: 49.60
TEM: 31.75
PRE: 994.33
HUM: 49.64
TEM: 31.75
PRE: 994.33
HUM: 49.65
TEM: 31.75
PRE: 994.33
HUM: 49.65
TEM: 31.75
PRE: 994.33
HUM: 49.62
TEM: 31.75
PRE: 994.33
HUM: 49.59
TEM: 31.75
PRE: 994.32
HUM: 49.63
TEM: 31.75
PRE: 994.33
HUM: 49.66
TEM: 31.75
PRE: 994.33
HUM: 49.65
TEM: 31.75
PRE: 994.32
HUM: 49.67
TEM: 31.75
PRE: 994.32
HUM: 49.67
TEM: 31.74
PRE: 994.33
HUM: 49.67
TEM: 31.75
PRE: 994.33
HUM: 49.66
TEM: 31.75
PRE: 994.33
HUM: 49.67
TEM: 31.75
PRE: 994.33
HUM: 49.70
TEM: 31.75
PRE: 994.34
HUM: 49.67
TEM: 31.75
PRE: 994.34
HUM: 49.67
TEM: 31.75
PRE: 994.34
HUM: 49.69
TEM: 31.75
PRE: 994.34
HUM: 49.71
TEM: 31.75
PRE: 994.35
HUM: 49.70
TEM: 31.75
PRE: 994.34
HUM: 49.70
TEM: 31.74
PRE: 994.35
HUM: 49.70
TEM: 31.74
PRE: 994.35
HUM: 49.74
TEM: 31.74
PRE: 994.34
HUM: 49.75
TEM: 31.74
PRE: 994.35
HUM: 49.74
TEM: 31.73
PRE: 994.35
HUM: 49.74
TEM: 31.73
PRE: 994.35
HUM: 49.77
TEM: 31.73
PRE: 994.35
HUM: 49.79
TEM: 31.73
PRE: 994.35
HUM: 49.78
TEM: 31.73
PRE: 994.35
HUM: 49.78
TEM: 31.73
PRE: 994.36
HUM: 49.78
TEM: 31.73
PRE: 994.36
HUM: 49.81
TEM: 31.73
PRE: 994.35
HUM: 49.83
TEM: 31.72
PRE: 994.35
HUM: 49.84
TEM: 31.72
PRE: 994.34
HUM: 49.83
TEM: 31.72
PRE: 994.34
HUM: 49.85
TEM: 31.72
PRE: 994.35
HUM: 49.83
TEM: 31.72
PRE: 994.34
HUM: 49.83
TEM: 31.72
PRE: 994.35
HUM: 49.83
TEM: 31.72
PRE: 994.35
HUM: 49.84
TEM: 31.72
PRE: 994.35
HUM: 49.83
TEM: 31.72
PRE: 994.35
HUM: 49.84
TEM: 31.72
PRE: 994.35
HUM: 49.84
TEM: 31.72
PRE: 994.35
HUM: 49.83
TEM: 31.72
PRE: 994.34
HUM: 49.88
TEM: 31.72
PRE: 994.34
HUM: 49.89
TEM: 31.72
PRE: 994.34
HUM: 49.90
TEM: 31.72
PRE: 994.34
HUM: 49.89
TEM: 31.72
PRE: 994.33
HUM: 49.86
TEM: 31.72
PRE: 994.34
HUM: 49.89
TEM: 31.72
PRE: 994.34
HUM: 49.86
TEM: 31.72
PRE: 994.34
HUM: 49.89
TEM: 31.72
PRE: 994.33
HUM: 49.91
TEM: 31.71
PRE: 994.34
HUM: 49.91
TEM: 31.71
PRE: 994.34
HUM: 49.86
TEM: 31.71
PRE: 994.34
HUM: 49.85
TEM: 31.72
PRE: 994.35
HUM: 49.86
TEM: 31.72
PRE: 994.35
HUM: 49.88
TEM: 31.72
PRE: 994.35
HUM: 49.89
TEM: 31.72
PRE: 994.34
HUM: 49.92
TEM: 31.72
PRE: 994.35
HUM: 49.89
TEM: 31.72
PRE: 994.35
HUM: 49.90
TEM: 31.72
PRE: 994.35
HUM: 49.91
TEM: 31.72
PRE: 994.34
HUM: 49.94
TEM: 31.72
PRE: 994.34
HUM: 49.94
TEM: 31.72
PRE: 994.34
HUM: 49.95
TEM: 31.72
PRE: 994.34
HUM: 49.96
TEM: 31.72
PRE: 994.34
HUM: 49.95
TEM: 31.72
PRE: 994.34
HUM: 49.95
TEM: 31.72
PRE: 994.35
HUM: 49.95
TEM: 31.72
PRE: 994.34
HUM: 49.95
TEM: 31.72
PRE: 994.34
HUM: 49.97
TEM: 31.72
PRE: 994.35
HUM: 49.98
TEM: 31.72
PRE: 994.35
HUM: 49.96
TEM: 31.72
PRE: 994.34
HUM: 49.98
TEM: 31.72
PRE: 994.34
HUM: 49.97
TEM: 31.72
PRE: 994.34
HUM: 49.98
TEM: 31.72
PRE: 994.34
HUM: 50.01
TEM: 31.72
PRE: 994.34
HUM: 49.98
TEM: 31.72
PRE: 994.34
HUM: 49.97
TEM: 31.72
PRE: 994.34
HUM: 50.00
TEM: 31.72
PRE: 994.35
HUM: 49.97
TEM: 31.72
PRE: 994.34
HUM: 49.97
TEM: 31.72
PRE: 994.35
HUM: 49.99
TEM: 31.72
PRE: 994.35
HUM: 49.96
TEM: 31.72
PRE: 994.35
HUM: 49.99
TEM: 31.72
PRE: 994.34
HUM: 49.99
TEM: 31.72
PRE: 994.35
HUM: 50.00
TEM: 31.72
PRE: 994.35
HUM: 49.99
TEM: 31.72
PRE: 994.34
HUM: 50.01
TEM: 31.72
PRE: 994.34
HUM: 50.03
TEM: 31.72
PRE: 994.34
HUM: 50.02
TEM: 31.72
PRE: 994.34
HUM: 50.03
TEM: 31.72
PRE: 994.34
HUM: 50.07
TEM: 31.72
PRE: 994.34
HUM: 50.06
TEM: 31.72
PRE: 994.35
HUM: 50.04
TEM: 31.72
PRE: 994.35
HUM: 50.02
TEM: 31.72
PRE: 994.35
HUM: 50.04
TEM: 31.72
PRE: 994.35
HUM: 50.02
TEM: 31.72
PRE: 994.36
HUM: 50.03
TEM: 31.72
PRE: 994.35
HUM: 50.06
TEM: 31.72
PRE: 994.36
HUM: 50.07
TEM: 31.72
PRE: 994.36
HUM: 50.06
TEM: 31.72
PRE: 994.36
HUM: 50.06
TEM: 31.72
PRE: 994.36
HUM: 50.08
TEM: 31.72
PRE: 994.36
HUM: 50.08
TEM: 31.72
PRE: 994.36
HUM: 50.09
TEM: 31.72
PRE: 994.35
HUM: 50.08
TEM: 31.71
PRE: 994.36
HUM: 50.08
TEM: 31.72
PRE: 994.35
HUM: 50.10
TEM: 31.71
PRE: 994.36
HUM: 50.08
TEM: 31.72
PRE: 994.35
HUM: 50.10
TEM: 31.72
PRE: 994.35
HUM: 50.09
TEM: 31.72
PRE: 994.36
HUM: 50.10
TEM: 31.72
PRE: 994.35
HUM: 50.12
TEM: 31.72
PRE: 994.35
HUM: 50.09
TEM: 31.72
PRE: 994.35
HUM: 50.12
TEM: 31.72
PRE: 994.35
HUM: 50.12
TEM: 31.72
PRE: 994.36
HUM: 50.12
TEM: 31.72
PRE: 994.36
HUM: 50.14
TEM: 31.72
PRE: 994.36
HUM: 50.13
TEM: 31.72
PRE: 994.37
HUM: 50.13
TEM: 31.72
PRE: 994.37
HUM: 50.14
TEM: 31.72
PRE: 994.37
HUM: 50.13
TEM: 31.72
PRE: 994.37
HUM: 50.15
TEM: 31.72
PRE: 994.37
HUM: 50.15
TEM: 31.72
PRE: 994.37
HUM: 50.12
TEM: 31.72
PRE: 994.37
HUM: 50.14
TEM: 31.72
PRE: 994.37
HUM: 50.14
TEM: 31.72
PRE: 994.36
HUM: 50.14
TEM: 31.72
PRE: 994.36
HUM: 50.13
TEM: 31.72
PRE: 994.37
HUM: 50.13
TEM: 31.72
PRE: 994.37
HUM: 50.17
TEM: 31.72
PRE: 994.37
HUM: 50.18
TEM: 31.72
PRE: 994.37
HUM: 50.15
TEM: 31.73
PRE: 994.38
HUM: 50.14
TEM: 31.73
PRE: 994.38
HUM: 50.15
TEM: 31.73
PRE: 994.39
HUM: 50.17
TEM: 31.73
PRE: 994.39
HUM: 50.19
TEM: 31.73
PRE: 994.39
HUM: 50.18
TEM: 31.73
PRE: 994.39
HUM: 50.19
TEM: 31.73
PRE: 994.40
HUM: 50.19
TEM: 31.73
PRE: 994.40
HUM: 50.20
TEM: 31.73
PRE: 994.40
HUM: 50.19
TEM: 31.73
PRE: 994.40
HUM: 50.18
TEM: 31.73
PRE: 994.40
HUM: 50.20
TEM: 31.73
PRE: 994.40
HUM: 50.21
TEM: 31.73
PRE: 994.41
HUM: 50.23
TEM: 31.73
PRE: 994.42
HUM: 50.24
TEM: 31.72
PRE: 994.41
HUM: 50.24
TEM: 31.72
PRE: 994.41
HUM: 50.25
TEM: 31.72
PRE: 994.41
HUM: 50.24
TEM: 31.72
PRE: 994.41
HUM: 50.24
TEM: 31.72
PRE: 994.41
HUM: 50.24
TEM: 31.72
PRE: 994.41
HUM: 50.26
TEM: 31.72
PRE: 994.41
HUM: 50.30
TEM: 31.72
PRE: 994.42
HUM: 50.27
TEM: 31.72
PRE: 994.42
HUM: 50.28
TEM: 31.72
PRE: 994.42
HUM: 50.32
TEM: 31.71
PRE: 994.42
HUM: 50.27
TEM: 31.71
PRE: 994.42
HUM: 50.31
TEM: 31.71
PRE: 994.43
HUM: 50.30
TEM: 31.71
PRE: 994.43
HUM: 50.30
TEM: 31.71
PRE: 994.43
HUM: 50.31
TEM: 31.71
PRE: 994.44
HUM: 50.30
TEM: 31.71
PRE: 994.44
HUM: 50.30
TEM: 31.71
PRE: 994.43
HUM: 50.34
TEM: 31.70
PRE: 994.44
HUM: 50.31
TEM: 31.70
PRE: 994.44
HUM: 50.32
TEM: 31.70
PRE: 994.45
HUM: 50.33
TEM: 31.70
PRE: 994.45
HUM: 50.33
TEM: 31.70
PRE: 994.45
HUM: 50.33
TEM: 31.70
PRE: 994.45
HUM: 50.35
TEM: 31.70
PRE: 994.46
HUM: 50.35
TEM: 31.70
PRE: 994.46
HUM: 50.34
TEM: 31.70
PRE: 994.46
HUM: 50.33
TEM: 31.70
PRE: 994.46
HUM: 50.33
TEM: 31.70
PRE: 994.46
HUM: 50.37
TEM: 31.70
PRE: 994.46
HUM: 50.34
TEM: 31.70
PRE: 994.45
HUM: 50.33
TEM: 31.70
PRE: 994.46
HUM: 50.31
TEM: 31.70
PRE: 994.45
HUM: 50.31
TEM: 31.70
PRE: 994.46
HUM: 50.33
TEM: 31.70
PRE: 994.46
HUM: 50.34
TEM: 31.70
PRE: 994.46
HUM: 50.37
TEM: 31.70
PRE: 994.47
HUM: 50.37
TEM: 31.70
PRE: 994.47
HUM: 50.35
TEM: 31.70
PRE: 994.48
HUM: 50.37
TEM: 31.70
PRE: 994.48
HUM: 50.37
TEM: 31.70
PRE: 994.48
HUM: 50.34
TEM: 31.70
PRE: 994.48
HUM: 50.34
TEM: 31.70
PRE: 994.48
HUM: 50.38
TEM: 31.70
PRE: 994.48
HUM: 50.35
TEM: 31.70
PRE: 994.48
HUM: 50.34
TEM: 31.70
PRE: 994.48
HUM: 50.35
TEM: 31.70
PRE: 994.48
HUM: 50.35
TEM: 31.70
PRE: 994.48
HUM: 50.32
TEM: 31.70
PRE: 994.49
HUM: 50.32
TEM: 31.70
PRE: 994.49
HUM: 50.33
TEM: 31.70
PRE: 994.48
HUM: 50.32
TEM: 31.70
PRE: 994.49
HUM: 50.32
TEM: 31.70
PRE: 994.49
HUM: 50.33
TEM: 31.70
PRE: 994.50
HUM: 50.33
TEM: 31.70
PRE: 994.50
HUM: 50.33
TEM: 31.70
PRE: 994.50
HUM: 50.35
TEM: 31.70
PRE: 994.50
HUM: 50.37
TEM: 31.70
PRE: 994.50
HUM: 50.37
TEM: 31.70
PRE: 994.50
HUM: 50.38
TEM: 31.70
PRE: 994.50
HUM: 50.35
TEM: 31.70
PRE: 994.50
HUM: 50.38
TEM: 31.70
PRE: 994.50
HUM: 50.38
TEM: 31.70
PRE: 994.51
HUM: 50.39
TEM: 31.70
PRE: 994.51
HUM: 50.41
TEM: 31.70
PRE: 994.51
HUM: 50.40
TEM: 31.70
PRE: 994.51
HUM: 50.39
TEM: 31.69
PRE: 994.51
HUM: 50.39
TEM: 31.69
PRE: 994.51
HUM: 50.38
TEM: 31.69
PRE: 994.51
HUM: 50.34
TEM: 31.70
PRE: 994.51
HUM: 50.33
TEM: 31.70
PRE: 994.51
HUM: 50.35
TEM: 31.70
PRE: 994.51
HUM: 50.38
TEM: 31.70
PRE: 994.51
HUM: 50.37
TEM: 31.70
PRE: 994.52
HUM: 50.37
TEM: 31.70
PRE: 994.52
HUM: 50.37
TEM: 31.70
PRE: 994.53
HUM: 50.37
TEM: 31.70
PRE: 994.53
HUM: 50.36
TEM: 31.71
PRE: 994.53
HUM: 50.36
TEM: 31.71
PRE: 994.53
HUM: 50.37
TEM: 31.71
PRE: 994.53
HUM: 50.38
TEM: 31.71
PRE: 994.53
HUM: 50.43
TEM: 31.71
PRE: 994.54
HUM: 50.40
TEM: 31.71
PRE: 994.54
HUM: 50.43
TEM: 31.70
PRE: 994.53
HUM: 50.43
TEM: 31.70
PRE: 994.54
HUM: 50.42
TEM: 31.70
PRE: 994.54
HUM: 50.44
TEM: 31.70
PRE: 994.54
HUM: 50.45
TEM: 31.70
PRE: 994.54
HUM: 50.44
TEM: 31.70
PRE: 994.55
HUM: 50.43
TEM: 31.70
PRE: 994.56
HUM: 50.44
TEM: 31.70
PRE: 994.56
HUM: 50.44
TEM: 31.70
PRE: 994.57
HUM: 50.50
TEM: 31.70
PRE: 994.57
HUM: 50.45
TEM: 31.70
PRE: 994.57
HUM: 50.45
TEM: 31.70
PRE: 994.57
HUM: 50.49
TEM: 31.70
PRE: 994.57
HUM: 50.51
TEM: 31.69
PRE: 994.58
HUM: 50.50
TEM: 31.69
PRE: 994.59
HUM: 50.50
TEM: 31.69
PRE: 994.59
HUM: 50.52
TEM: 31.69
PRE: 994.60
HUM: 50.50
TEM: 31.69
PRE: 994.60
HUM: 50.48
TEM: 31.69
PRE: 994.61
HUM: 50.50
TEM: 31.69
PRE: 994.61
HUM: 50.51
TEM: 31.69
PRE: 994.61
HUM: 50.50
TEM: 31.69
PRE: 994.61
HUM: 50.54
TEM: 31.69
PRE: 994.62
HUM: 50.50
TEM: 31.69
PRE: 994.62
HUM: 50.47
TEM: 31.69
PRE: 994.62
HUM: 50.51
TEM: 31.69
PRE: 994.63
HUM: 50.53
TEM: 31.69
PRE: 994.63
HUM: 50.52
TEM: 31.69
PRE: 994.63
HUM: 50.54
TEM: 31.69
PRE: 994.64
HUM: 50.50
TEM: 31.69
PRE: 994.64
HUM: 50.53
TEM: 31.69
PRE: 994.65
HUM: 50.50
TEM: 31.69
PRE: 994.65
HUM: 50.59
TEM: 31.69
PRE: 994.65
HUM: 50.51
TEM: 31.70
PRE: 994.65
HUM: 50.47
TEM: 31.70
PRE: 994.66
HUM: 50.47
TEM: 31.70
PRE: 994.65
HUM: 50.34
TEM: 31.70
PRE: 994.65
HUM: 50.11
TEM: 31.70
PRE: 994.66
HUM: 49.86
TEM: 31.70
PRE: 994.66
HUM: 49.54
TEM: 31.70
PRE: 994.67
HUM: 49.29
TEM: 31.70
PRE: 994.67
HUM: 49.06
TEM: 31.71
PRE: 994.67
HUM: 48.82
TEM: 31.71
PRE: 994.67
HUM: 48.62
TEM: 31.71
PRE: 994.68
HUM: 48.32
TEM: 31.72
PRE: 994.68
HUM: 48.13
TEM: 31.72
PRE: 994.68
HUM: 47.84
TEM: 31.72
PRE: 994.69
HUM: 47.59
TEM: 31.73
PRE: 994.69
HUM: 47.48
TEM: 31.73
PRE: 994.69
HUM: 47.29
TEM: 31.73
PRE: 994.70
HUM: 47.02
TEM: 31.74
PRE: 994.70
HUM: 46.86
TEM: 31.74
PRE: 994.71
HUM: 46.54
TEM: 31.75
PRE: 994.71
HUM: 46.41
TEM: 31.75
PRE: 994.71
HUM: 46.14
TEM: 31.76
PRE: 994.71
HUM: 45.86
TEM: 31.76
PRE: 994.71
HUM: 45.69
TEM: 31.76
PRE: 994.72
HUM: 45.57
TEM: 31.76
PRE: 994.72
HUM: 45.42
TEM: 31.77
PRE: 994.72
HUM: 45.31
TEM: 31.77
PRE: 994.72
HUM: 45.18
TEM: 31.77
PRE: 994.73
HUM: 45.09
TEM: 31.77
PRE: 994.73
HUM: 44.96
TEM: 31.77
PRE: 994.72
HUM: 44.85
TEM: 31.77
PRE: 994.72
HUM: 44.80
TEM: 31.77
PRE: 994.72
HUM: 44.76
TEM: 31.78
PRE: 994.72
HUM: 44.65
TEM: 31.77
PRE: 994.72
HUM: 44.59
TEM: 31.77
PRE: 994.72
HUM: 44.44
TEM: 31.77
PRE: 994.72
HUM: 44.40
TEM: 31.77
PRE: 994.72
HUM: 44.32
TEM: 31.77
PRE: 994.72
HUM: 44.30
TEM: 31.77
PRE: 994.73
HUM: 44.30
TEM: 31.77
PRE: 994.72
HUM: 44.25
TEM: 31.77
PRE: 994.72
HUM: 44.25
TEM: 31.76
PRE: 994.72
HUM: 44.22
TEM: 31.76
PRE: 994.73
HUM: 44.24
TEM: 31.76
PRE: 994.72
HUM: 44.25
TEM: 31.76
PRE: 994.72
HUM: 44.12
TEM: 31.75
PRE: 994.71
HUM: 44.06
TEM: 31.75
PRE: 994.72
HUM: 44.05
TEM: 31.75
PRE: 994.72
HUM: 43.95
TEM: 31.75
PRE: 994.72
HUM: 43.95
TEM: 31.75
PRE: 994.72
HUM: 43.91
TEM: 31.75
PRE: 994.73
HUM: 44.01
TEM: 31.75
PRE: 994.73
HUM: 43.93
TEM: 31.75
PRE: 994.73
HUM: 43.90
TEM: 31.75
