********************************************************************************
Obsolete PIO Core v5.1.0 is used (previous was 5.1.1)
Please remove multiple PIO Cores from a system:
https://docs.platformio.org/page/faq.html#multiple-platformio-cores-in-a-system
********************************************************************************
--- Available filters and text transformations: colorize, debug, default, direct, hexlify, log2file, nocontrol, printable, send_on_enter, time
--- More details at http://bit.ly/pio-monitor-filters
␀
PRE: 996.81
HUM: 47.13
TEM: 31.22
PRE: 996.81
HUM: 47.17
TEM: 31.22
PRE: 996.81
HUM: 47.20
TEM: 31.22
PRE: 996.82
HUM: 47.17
TEM: 31.22
PRE: 996.82
HUM: 47.11
TEM: 31.22
PRE: 996.82
HUM: 47.08
TEM: 31.22
PRE: 996.82
HUM: 47.09
TEM: 31.22
PRE: 996.82
HUM: 47.04
TEM: 31.22
PRE: 996.82
HUM: 46.98
TEM: 31.23
PRE: 996.82
HUM: 46.95
TEM: 31.23
PRE: 996.81
HUM: 46.92
TEM: 31.23
PRE: 996.81
HUM: 46.90
TEM: 31.23
PRE: 996.81
HUM: 46.86
TEM: 31.24
PRE: 996.82
HUM: 46.89
TEM: 31.24
PRE: 996.81
HUM: 46.86
TEM: 31.24
PRE: 996.82
HUM: 46.82
TEM: 31.25
PRE: 996.82
HUM: 46.82
TEM: 31.25
PRE: 996.83
HUM: 46.78
TEM: 31.25
PRE: 996.82
HUM: 46.77
TEM: 31.26
PRE: 996.82
HUM: 46.75
TEM: 31.26
PRE: 996.82
HUM: 46.76
TEM: 31.26
PRE: 996.82
HUM: 46.72
TEM: 31.26
PRE: 996.82
HUM: 46.72
TEM: 31.26
PRE: 996.82
HUM: 46.73
TEM: 31.26
PRE: 996.82
HUM: 46.72
TEM: 31.27
PRE: 996.82
HUM: 46.73
TEM: 31.27
PRE: 996.81
HUM: 46.75
TEM: 31.27
PRE: 996.81
HUM: 46.72
TEM: 31.27
PRE: 996.80
HUM: 46.72
TEM: 31.28
PRE: 996.80
HUM: 46.74
TEM: 31.28
PRE: 996.79
HUM: 46.77
TEM: 31.28
PRE: 996.79
HUM: 46.83
TEM: 31.28
PRE: 996.79
HUM: 46.90
TEM: 31.28
PRE: 996.79
HUM: 46.93
TEM: 31.27
PRE: 996.78
HUM: 46.99
TEM: 31.27
PRE: 996.78
HUM: 47.01
TEM: 31.27
PRE: 996.78
HUM: 47.08
TEM: 31.26
PRE: 996.79
HUM: 47.08
TEM: 31.26
PRE: 996.79
HUM: 47.13
TEM: 31.25
PRE: 996.79
HUM: 47.18
TEM: 31.25
PRE: 996.79
HUM: 47.18
TEM: 31.25
PRE: 996.78
HUM: 47.22
TEM: 31.24
PRE: 996.78
HUM: 47.25
TEM: 31.24
PRE: 996.78
HUM: 47.26
TEM: 31.23
PRE: 996.78
HUM: 47.32
TEM: 31.23
PRE: 996.78
HUM: 47.34
TEM: 31.22
PRE: 996.77
HUM: 47.38
TEM: 31.22
PRE: 996.76
HUM: 47.41
TEM: 31.21
PRE: 996.76
HUM: 47.44
TEM: 31.21
PRE: 996.76
HUM: 47.50
TEM: 31.20
PRE: 996.76
HUM: 47.54
TEM: 31.19
PRE: 996.75
HUM: 47.57
TEM: 31.18
PRE: 996.75
HUM: 47.58
TEM: 31.18
PRE: 996.75
HUM: 47.60
TEM: 31.17
PRE: 996.74
HUM: 47.60
TEM: 31.17
PRE: 996.74
HUM: 47.65
TEM: 31.17
PRE: 996.74
HUM: 47.68
TEM: 31.16
PRE: 996.73
HUM: 47.69
TEM: 31.16
PRE: 996.74
HUM: 47.73
TEM: 31.15
PRE: 996.74
HUM: 47.77
TEM: 31.15
PRE: 996.74
HUM: 47.78
TEM: 31.14
PRE: 996.74
HUM: 47.80
TEM: 31.14
PRE: 996.74
HUM: 47.85
TEM: 31.13
PRE: 996.74
HUM: 47.86
TEM: 31.13
PRE: 996.74
HUM: 47.87
TEM: 31.12
PRE: 996.74
HUM: 47.89
TEM: 31.12
PRE: 996.72
HUM: 47.89
TEM: 31.11
PRE: 996.72
HUM: 47.91
TEM: 31.11
PRE: 996.72
HUM: 47.95
TEM: 31.11
PRE: 996.72
HUM: 47.95
TEM: 31.11
PRE: 996.71
HUM: 47.93
TEM: 31.11
PRE: 996.72
HUM: 47.95
TEM: 31.11
PRE: 996.71
HUM: 47.96
TEM: 31.11
PRE: 996.71
HUM: 47.96
TEM: 31.11
PRE: 996.72
HUM: 48.00
TEM: 31.11
PRE: 996.72
HUM: 48.04
TEM: 31.11
PRE: 996.72
HUM: 48.04
TEM: 31.11
PRE: 996.73
HUM: 48.05
TEM: 31.11
PRE: 996.73
HUM: 48.08
TEM: 31.10
PRE: 996.73
HUM: 48.07
TEM: 31.10
PRE: 996.73
HUM: 48.07
TEM: 31.10
PRE: 996.72
HUM: 48.08
TEM: 31.10
PRE: 996.72
HUM: 48.14
TEM: 31.10
PRE: 996.72
HUM: 48.14
TEM: 31.10
PRE: 996.72
HUM: 48.17
TEM: 31.09
PRE: 996.71
HUM: 48.19
TEM: 31.09
PRE: 996.72
HUM: 48.18
TEM: 31.09
PRE: 996.71
HUM: 48.23
TEM: 31.09
PRE: 996.71
HUM: 48.24
TEM: 31.08
PRE: 996.71
HUM: 48.25
TEM: 31.08
PRE: 996.70
HUM: 48.30
TEM: 31.08
PRE: 996.70
HUM: 48.31
TEM: 31.08
PRE: 996.70
HUM: 48.33
TEM: 31.07
PRE: 996.70
HUM: 48.34
TEM: 31.07
PRE: 996.70
HUM: 48.38
TEM: 31.06
PRE: 996.70
HUM: 48.40
TEM: 31.06
PRE: 996.70
HUM: 48.45
TEM: 31.06
PRE: 996.70
HUM: 48.45
TEM: 31.05
PRE: 996.71
HUM: 48.47
TEM: 31.05
PRE: 996.70
HUM: 48.49
TEM: 31.05
PRE: 996.71
HUM: 48.51
TEM: 31.04
PRE: 996.70
HUM: 48.52
TEM: 31.04
PRE: 996.70
HUM: 48.51
TEM: 31.04
PRE: 996.70
HUM: 48.54
TEM: 31.03
PRE: 996.70
HUM: 48.56
TEM: 31.03
PRE: 996.70
HUM: 48.57
TEM: 31.03
PRE: 996.70
HUM: 48.60
TEM: 31.03
PRE: 996.70
HUM: 48.61
TEM: 31.02
PRE: 996.69
HUM: 48.63
TEM: 31.02
PRE: 996.70
HUM: 48.65
TEM: 31.02
PRE: 996.69
HUM: 48.65
TEM: 31.02
PRE: 996.69
HUM: 48.65
TEM: 31.02
PRE: 996.69
HUM: 48.65
TEM: 31.02
PRE: 996.69
HUM: 48.67
TEM: 31.02
PRE: 996.69
HUM: 48.66
TEM: 31.02
PRE: 996.69
HUM: 48.66
TEM: 31.02
PRE: 996.69
HUM: 48.73
TEM: 31.02
PRE: 996.69
HUM: 48.73
TEM: 31.02
PRE: 996.69
HUM: 48.76
TEM: 31.01
PRE: 996.69
HUM: 48.75
TEM: 31.02
PRE: 996.69
HUM: 48.76
TEM: 31.02
PRE: 996.69
HUM: 48.78
TEM: 31.02
PRE: 996.69
HUM: 48.79
TEM: 31.01
PRE: 996.69
HUM: 48.82
TEM: 31.01
PRE: 996.69
HUM: 48.83
TEM: 31.01
PRE: 996.68
HUM: 48.85
TEM: 31.01
PRE: 996.68
HUM: 48.85
TEM: 31.01
PRE: 996.68
HUM: 48.88
TEM: 31.01
PRE: 996.68
HUM: 48.90
TEM: 31.01
PRE: 996.67
HUM: 48.90
TEM: 31.00
PRE: 996.67
HUM: 48.91
TEM: 31.00
PRE: 996.66
HUM: 48.91
TEM: 31.00
PRE: 996.66
HUM: 48.89
TEM: 31.00
PRE: 996.65
HUM: 48.90
TEM: 31.00
PRE: 996.65
HUM: 48.92
TEM: 31.00
PRE: 996.65
HUM: 48.92
TEM: 31.01
PRE: 996.65
HUM: 48.94
TEM: 31.00
PRE: 996.65
HUM: 48.97
TEM: 31.00
PRE: 996.65
HUM: 49.01
TEM: 31.00
PRE: 996.65
HUM: 49.00
TEM: 31.00
PRE: 996.66
HUM: 48.98
TEM: 31.00
PRE: 996.65
HUM: 49.01
TEM: 31.00
PRE: 996.65
HUM: 49.01
TEM: 31.01
PRE: 996.64
HUM: 48.99
TEM: 31.01
PRE: 996.64
HUM: 49.01
TEM: 31.01
PRE: 996.64
HUM: 49.03
TEM: 31.01
PRE: 996.64
HUM: 49.03
TEM: 31.01
PRE: 996.64
HUM: 49.03
TEM: 31.01
PRE: 996.64
HUM: 49.07
TEM: 31.00
PRE: 996.64
HUM: 49.06
TEM: 31.00
PRE: 996.64
HUM: 49.07
TEM: 31.00
PRE: 996.64
HUM: 49.06
TEM: 31.00
PRE: 996.64
HUM: 49.08
TEM: 31.00
PRE: 996.64
HUM: 49.06
TEM: 31.01
PRE: 996.64
HUM: 49.04
TEM: 31.01
PRE: 996.64
HUM: 49.07
TEM: 31.01
PRE: 996.64
HUM: 49.08
TEM: 31.01
PRE: 996.64
HUM: 49.12
TEM: 31.01
PRE: 996.64
HUM: 49.14
TEM: 31.00
PRE: 996.64
HUM: 49.19
TEM: 31.00
PRE: 996.64
HUM: 49.17
TEM: 31.00
PRE: 996.63
HUM: 49.20
TEM: 31.00
PRE: 996.63
HUM: 49.20
TEM: 31.00
PRE: 996.64
HUM: 49.22
TEM: 31.00
PRE: 996.64
HUM: 49.23
TEM: 31.00
PRE: 996.64
HUM: 49.25
TEM: 30.99
PRE: 996.65
HUM: 49.23
TEM: 30.99
PRE: 996.65
HUM: 49.19
TEM: 30.99
PRE: 996.64
HUM: 48.97
TEM: 30.99
PRE: 996.64
HUM: 48.77
TEM: 30.99
PRE: 996.63
HUM: 48.53
TEM: 30.99
PRE: 996.63
HUM: 48.43
TEM: 30.99
PRE: 996.63
HUM: 48.20
TEM: 31.00
PRE: 996.63
HUM: 48.05
TEM: 31.00
PRE: 996.63
HUM: 47.86
TEM: 31.01
PRE: 996.63
HUM: 47.69
TEM: 31.01
PRE: 996.64
HUM: 47.51
TEM: 31.02
PRE: 996.63
HUM: 47.36
TEM: 31.02
PRE: 996.64
HUM: 47.19
TEM: 31.03
PRE: 996.63
HUM: 47.05
TEM: 31.03
PRE: 996.63
HUM: 46.92
TEM: 31.04
PRE: 996.64
HUM: 46.74
TEM: 31.05
PRE: 996.64
HUM: 46.63
TEM: 31.06
PRE: 996.63
HUM: 46.55
TEM: 31.07
PRE: 996.63
HUM: 46.43
TEM: 31.07
PRE: 996.62
HUM: 46.28
TEM: 31.08
PRE: 996.62
HUM: 46.14
TEM: 31.09
PRE: 996.62
HUM: 46.01
TEM: 31.09
PRE: 996.61
HUM: 45.88
TEM: 31.10
PRE: 996.61
HUM: 45.79
TEM: 31.11
PRE: 996.60
HUM: 45.69
TEM: 31.11
PRE: 996.59
HUM: 45.50
TEM: 31.12
PRE: 996.60
HUM: 45.37
TEM: 31.12
PRE: 996.59
HUM: 45.27
TEM: 31.13
PRE: 996.58
HUM: 45.15
TEM: 31.13
PRE: 996.58
HUM: 45.08
TEM: 31.14
PRE: 996.58
HUM: 44.97
TEM: 31.14
PRE: 996.58
HUM: 44.91
TEM: 31.15
PRE: 996.58
HUM: 44.79
TEM: 31.15
PRE: 996.58
HUM: 44.78
TEM: 31.15
PRE: 996.57
HUM: 44.76
TEM: 31.15
PRE: 996.58
HUM: 44.66
TEM: 31.16
PRE: 996.58
HUM: 44.59
TEM: 31.16
PRE: 996.57
HUM: 44.51
TEM: 31.16
PRE: 996.58
HUM: 44.41
TEM: 31.17
PRE: 996.57
HUM: 44.31
TEM: 31.17
PRE: 996.57
HUM: 44.27
TEM: 31.17
PRE: 996.56
HUM: 44.17
TEM: 31.18
PRE: 996.56
HUM: 44.11
TEM: 31.18
PRE: 996.55
HUM: 43.99
TEM: 31.18
PRE: 996.54
HUM: 43.94
TEM: 31.18
PRE: 996.54
HUM: 43.87
TEM: 31.19
PRE: 996.52
HUM: 43.81
TEM: 31.19
PRE: 996.53
HUM: 43.61
TEM: 31.20
PRE: 996.52
HUM: 43.57
TEM: 31.20
PRE: 996.52
HUM: 43.50
TEM: 31.20
PRE: 996.52
HUM: 43.44
TEM: 31.20
PRE: 996.52
HUM: 43.41
TEM: 31.21
PRE: 996.52
HUM: 43.38
TEM: 31.21
PRE: 996.52
HUM: 43.48
TEM: 31.21
PRE: 996.51
HUM: 43.45
TEM: 31.21
PRE: 996.51
HUM: 43.46
TEM: 31.22
PRE: 996.51
HUM: 43.37
TEM: 31.22
PRE: 996.51
HUM: 43.28
TEM: 31.22
PRE: 996.50
HUM: 43.20
TEM: 31.22
PRE: 996.51
HUM: 43.19
TEM: 31.23
PRE: 996.50
HUM: 43.08
TEM: 31.23
PRE: 996.50
HUM: 42.98
TEM: 31.23
PRE: 996.50
HUM: 42.93
TEM: 31.23
PRE: 996.51
HUM: 42.94
TEM: 31.24
PRE: 996.50
HUM: 42.84
TEM: 31.24
PRE: 996.50
HUM: 42.49
TEM: 31.24
PRE: 996.51
HUM: 42.37
TEM: 31.25
PRE: 996.51
HUM: 42.35
TEM: 31.25
PRE: 996.50
HUM: 42.19
TEM: 31.26
PRE: 996.50
HUM: 42.10
TEM: 31.26
PRE: 996.49
HUM: 42.02
TEM: 31.27
PRE: 996.49
HUM: 41.85
TEM: 31.28
PRE: 996.49
HUM: 41.73
TEM: 31.28
PRE: 996.49
HUM: 41.70
TEM: 31.29
PRE: 996.49
HUM: 41.72
TEM: 31.29
PRE: 996.49
HUM: 41.54
TEM: 31.30
PRE: 996.49
HUM: 41.46
TEM: 31.30
PRE: 996.49
HUM: 41.28
TEM: 31.31
PRE: 996.49
HUM: 41.29
TEM: 31.31
PRE: 996.50
HUM: 41.27
TEM: 31.32
PRE: 996.50
HUM: 41.15
TEM: 31.32
PRE: 996.50
HUM: 41.01
TEM: 31.32
PRE: 996.50
HUM: 40.98
TEM: 31.33
PRE: 996.50
HUM: 40.86
TEM: 31.33
PRE: 996.49
HUM: 40.97
TEM: 31.33
PRE: 996.49
HUM: 40.75
TEM: 31.33
PRE: 996.48
HUM: 40.72
TEM: 31.33
PRE: 996.48
HUM: 40.60
TEM: 31.34
PRE: 996.48
HUM: 40.55
TEM: 31.34
PRE: 996.48
HUM: 40.57
TEM: 31.34
PRE: 996.47
HUM: 40.27
TEM: 31.34
PRE: 996.47
HUM: 40.20
TEM: 31.34
PRE: 996.46
HUM: 40.26
TEM: 31.34
PRE: 996.46
HUM: 40.20
TEM: 31.34
PRE: 996.46
HUM: 40.43
TEM: 31.34
PRE: 996.46
HUM: 40.33
TEM: 31.35
PRE: 996.45
HUM: 40.20
TEM: 31.35
PRE: 996.45
HUM: 40.25
TEM: 31.35
PRE: 996.44
HUM: 40.14
TEM: 31.35
PRE: 996.43
HUM: 40.14
TEM: 31.35
PRE: 996.42
HUM: 40.21
TEM: 31.35
PRE: 996.42
HUM: 40.13
TEM: 31.35
PRE: 996.43
HUM: 40.24
TEM: 31.35
PRE: 996.42
HUM: 40.37
TEM: 31.35
PRE: 996.41
HUM: 40.56
TEM: 31.34
PRE: 996.41
HUM: 40.60
TEM: 31.34
PRE: 996.41
HUM: 40.39
TEM: 31.34
PRE: 996.41
HUM: 40.46
TEM: 31.34
PRE: 996.41
HUM: 40.66
TEM: 31.34
PRE: 996.40
HUM: 40.78
TEM: 31.34
PRE: 996.40
HUM: 40.55
TEM: 31.34
PRE: 996.40
HUM: 40.66
TEM: 31.35
PRE: 996.40
HUM: 40.77
TEM: 31.35
PRE: 996.39
HUM: 40.72
TEM: 31.35
PRE: 996.39
HUM: 40.37
TEM: 31.35
PRE: 996.39
HUM: 40.43
TEM: 31.35
PRE: 996.40
HUM: 40.32
TEM: 31.36
PRE: 996.39
HUM: 40.32
TEM: 31.36
PRE: 996.40
HUM: 40.45
TEM: 31.36
PRE: 996.39
HUM: 40.55
TEM: 31.36
PRE: 996.39
HUM: 40.57
TEM: 31.36
PRE: 996.38
HUM: 40.61
TEM: 31.37
PRE: 996.39
HUM: 40.74
TEM: 31.37
PRE: 996.39
HUM: 40.64
TEM: 31.38
PRE: 996.39
HUM: 40.47
TEM: 31.39
PRE: 996.38
HUM: 40.59
TEM: 31.39
PRE: 996.38
HUM: 40.42
TEM: 31.40
PRE: 996.38
HUM: 40.35
TEM: 31.41
PRE: 996.37
HUM: 40.29
TEM: 31.42
PRE: 996.37
HUM: 40.34
TEM: 31.43
PRE: 996.37
HUM: 40.36
TEM: 31.43
PRE: 996.37
HUM: 40.48
TEM: 31.44
PRE: 996.36
HUM: 40.51
TEM: 31.44
PRE: 996.36
HUM: 40.51
TEM: 31.45
PRE: 996.36
HUM: 40.55
TEM: 31.45
PRE: 996.36
HUM: 40.32
TEM: 31.45
PRE: 996.36
HUM: 40.38
TEM: 31.46
PRE: 996.35
HUM: 40.48
TEM: 31.46
PRE: 996.34
HUM: 40.60
TEM: 31.46
PRE: 996.34
HUM: 40.63
TEM: 31.47
PRE: 996.34
HUM: 40.60
TEM: 31.47
PRE: 996.34
HUM: 40.81
TEM: 31.47
PRE: 996.35
HUM: 40.97
TEM: 31.47
PRE: 996.35
HUM: 41.08
TEM: 31.47
PRE: 996.36
HUM: 41.10
TEM: 31.47
PRE: 996.36
HUM: 40.78
TEM: 31.47
PRE: 996.35
HUM: 40.42
TEM: 31.47
PRE: 996.35
HUM: 40.45
TEM: 31.47
PRE: 996.36
HUM: 40.49
TEM: 31.47
PRE: 996.36
HUM: 40.38
TEM: 31.48
PRE: 996.35
HUM: 40.54
TEM: 31.48
PRE: 996.35
HUM: 40.36
TEM: 31.48
PRE: 996.35
HUM: 40.08
TEM: 31.48
PRE: 996.34
HUM: 39.92
TEM: 31.48
PRE: 996.33
HUM: 39.64
TEM: 31.48
PRE: 996.33
HUM: 39.44
TEM: 31.48
PRE: 996.34
HUM: 39.56
TEM: 31.49
PRE: 996.33
HUM: 39.62
TEM: 31.49
PRE: 996.33
HUM: 39.68
TEM: 31.49
PRE: 996.34
HUM: 39.70
TEM: 31.50
PRE: 996.34
HUM: 39.49
TEM: 31.50
PRE: 996.34
HUM: 39.55
TEM: 31.50
PRE: 996.33
HUM: 39.64
TEM: 31.51
PRE: 996.32
HUM: 39.67
TEM: 31.51
PRE: 996.32
HUM: 39.48
TEM: 31.51
PRE: 996.32
HUM: 39.46
TEM: 31.51
PRE: 996.31
HUM: 39.69
TEM: 31.52
PRE: 996.31
HUM: 39.41
TEM: 31.52
PRE: 996.30
HUM: 39.29
TEM: 31.52
PRE: 996.30
HUM: 39.30
TEM: 31.53
PRE: 996.30
HUM: 39.33
TEM: 31.53
PRE: 996.31
HUM: 39.27
TEM: 31.54
PRE: 996.30
HUM: 39.32
TEM: 31.54
PRE: 996.30
HUM: 39.47
TEM: 31.55
PRE: 996.30
HUM: 39.59
TEM: 31.55
PRE: 996.30
HUM: 39.70
TEM: 31.56
PRE: 996.29
HUM: 39.42
TEM: 31.57
PRE: 996.29
HUM: 39.49
TEM: 31.58
PRE: 996.30
HUM: 39.58
TEM: 31.59
PRE: 996.29
HUM: 39.55
TEM: 31.59
PRE: 996.30
HUM: 39.41
TEM: 31.61
PRE: 996.29
HUM: 39.29
TEM: 31.61
PRE: 996.29
HUM: 39.03
TEM: 31.62
PRE: 996.30
HUM: 39.25
TEM: 31.63
PRE: 996.30
HUM: 39.28
TEM: 31.63
PRE: 996.30
HUM: 39.68
TEM: 31.63
PRE: 996.30
HUM: 39.64
TEM: 31.63
PRE: 996.30
HUM: 39.73
TEM: 31.63
PRE: 996.30
HUM: 39.66
TEM: 31.63
PRE: 996.30
HUM: 39.59
TEM: 31.64
PRE: 996.30
HUM: 39.40
TEM: 31.64
PRE: 996.29
HUM: 39.43
TEM: 31.64
PRE: 996.29
HUM: 39.29
TEM: 31.64
PRE: 996.29
HUM: 39.30
TEM: 31.64
PRE: 996.30
HUM: 39.26
TEM: 31.64
PRE: 996.30
HUM: 39.42
TEM: 31.64
PRE: 996.30
HUM: 39.52
TEM: 31.63
PRE: 996.29
HUM: 39.53
TEM: 31.63
PRE: 996.29
HUM: 39.56
TEM: 31.63
PRE: 996.29
HUM: 39.62
TEM: 31.63
PRE: 996.29
HUM: 39.73
TEM: 31.63
PRE: 996.29
HUM: 39.85
TEM: 31.63
PRE: 996.29
HUM: 39.96
TEM: 31.63
PRE: 996.28
HUM: 40.18
TEM: 31.63
PRE: 996.28
HUM: 40.17
TEM: 31.63
PRE: 996.28
HUM: 40.06
TEM: 31.63
PRE: 996.28
HUM: 40.02
TEM: 31.63
PRE: 996.28
HUM: 40.01
TEM: 31.63
PRE: 996.28
HUM: 39.95
TEM: 31.63
PRE: 996.28
HUM: 39.79
TEM: 31.63
PRE: 996.28
HUM: 39.71
TEM: 31.63
PRE: 996.27
HUM: 39.68
TEM: 31.64
PRE: 996.27
HUM: 39.79
TEM: 31.64
PRE: 996.27
HUM: 39.78
TEM: 31.64
PRE: 996.26
HUM: 39.93
TEM: 31.64
PRE: 996.25
HUM: 40.02
TEM: 31.65
PRE: 996.25
HUM: 40.01
TEM: 31.65
PRE: 996.25
HUM: 40.00
TEM: 31.66
PRE: 996.24
HUM: 40.00
TEM: 31.66
PRE: 996.23
HUM: 40.07
TEM: 31.67
PRE: 996.23
HUM: 40.22
TEM: 31.67
PRE: 996.23
HUM: 40.29
TEM: 31.67
PRE: 996.22
HUM: 40.29
TEM: 31.67
PRE: 996.22
HUM: 40.17
TEM: 31.67
PRE: 996.22
HUM: 39.94
TEM: 31.67
PRE: 996.21
HUM: 39.94
TEM: 31.67
PRE: 996.21
HUM: 39.94
TEM: 31.66
PRE: 996.21
HUM: 40.01
TEM: 31.66
PRE: 996.21
HUM: 39.99
TEM: 31.66
PRE: 996.21
HUM: 40.05
TEM: 31.66
PRE: 996.20
HUM: 40.02
TEM: 31.66
PRE: 996.20
HUM: 40.02
TEM: 31.66
PRE: 996.21
HUM: 40.04
TEM: 31.66
PRE: 996.21
HUM: 40.26
TEM: 31.67
PRE: 996.20
HUM: 40.18
TEM: 31.67
PRE: 996.20
HUM: 40.17
TEM: 31.68
PRE: 996.20
HUM: 40.01
TEM: 31.68
PRE: 996.19
HUM: 40.28
TEM: 31.69
PRE: 996.19
HUM: 40.63
TEM: 31.69
PRE: 996.20
HUM: 40.62
TEM: 31.70
PRE: 996.19
HUM: 40.53
TEM: 31.70
PRE: 996.19
HUM: 40.83
TEM: 31.71
PRE: 996.19
HUM: 40.87
TEM: 31.72
PRE: 996.19
HUM: 40.78
TEM: 31.73
PRE: 996.18
HUM: 40.78
TEM: 31.74
PRE: 996.18
HUM: 40.90
TEM: 31.75
PRE: 996.16
HUM: 40.96
TEM: 31.75
PRE: 996.17
HUM: 41.25
TEM: 31.76
PRE: 996.16
HUM: 40.50
TEM: 31.76
PRE: 996.16
HUM: 40.62
TEM: 31.76
PRE: 996.15
HUM: 41.26
TEM: 31.76
PRE: 996.14
HUM: 41.34
TEM: 31.75
PRE: 996.14
HUM: 41.55
TEM: 31.75
PRE: 996.13
HUM: 41.59
TEM: 31.74
PRE: 996.12
HUM: 41.39
TEM: 31.74
PRE: 996.13
HUM: 41.61
TEM: 31.73
PRE: 996.12
HUM: 41.52
TEM: 31.72
PRE: 996.12
HUM: 41.48
TEM: 31.72
PRE: 996.12
HUM: 41.57
TEM: 31.71
PRE: 996.12
HUM: 41.50
TEM: 31.71
PRE: 996.12
HUM: 41.51
TEM: 31.71
PRE: 996.12
HUM: 41.48
TEM: 31.71
PRE: 996.11
HUM: 41.74
TEM: 31.71
PRE: 996.11
HUM: 41.69
TEM: 31.71
PRE: 996.11
HUM: 41.58
TEM: 31.71
PRE: 996.10
HUM: 41.48
TEM: 31.71
PRE: 996.10
HUM: 41.42
TEM: 31.71
PRE: 996.09
HUM: 41.51
TEM: 31.71
PRE: 996.08
HUM: 41.41
TEM: 31.71
PRE: 996.08
HUM: 41.35
TEM: 31.70
PRE: 996.08
HUM: 41.53
TEM: 31.69
PRE: 996.08
HUM: 41.43
TEM: 31.69
PRE: 996.08
HUM: 41.40
TEM: 31.69
PRE: 996.08
HUM: 41.25
TEM: 31.69
PRE: 996.08
HUM: 41.24
TEM: 31.69
PRE: 996.08
HUM: 41.26
TEM: 31.68
PRE: 996.08
HUM: 41.26
TEM: 31.68
PRE: 996.07
HUM: 41.34
TEM: 31.68
PRE: 996.07
HUM: 41.31
TEM: 31.68
PRE: 996.07
HUM: 41.46
TEM: 31.68
PRE: 996.06
HUM: 41.20
TEM: 31.68
PRE: 996.06
HUM: 41.17
TEM: 31.69
PRE: 996.06
HUM: 41.38
TEM: 31.69
PRE: 996.06
HUM: 41.40
TEM: 31.69
PRE: 996.07
HUM: 41.35
TEM: 31.69
PRE: 996.07
HUM: 41.28
TEM: 31.68
PRE: 996.06
HUM: 41.23
TEM: 31.68
PRE: 996.07
HUM: 41.26
TEM: 31.68
PRE: 996.07
HUM: 41.42
TEM: 31.68
PRE: 996.06
HUM: 41.41
TEM: 31.68
PRE: 996.06
HUM: 41.40
TEM: 31.68
PRE: 996.06
HUM: 41.43
TEM: 31.68
PRE: 996.05
HUM: 41.91
TEM: 31.68
PRE: 996.06
HUM: 42.00
TEM: 31.69
PRE: 996.06
HUM: 42.03
TEM: 31.69
PRE: 996.05
HUM: 42.13
TEM: 31.70
PRE: 996.06
HUM: 42.04
TEM: 31.71
PRE: 996.05
HUM: 41.99
TEM: 31.72
PRE: 996.05
HUM: 42.03
TEM: 31.73
PRE: 996.04
HUM: 42.03
TEM: 31.73
PRE: 996.04
HUM: 41.93
TEM: 31.73
PRE: 996.04
HUM: 41.92
TEM: 31.74
PRE: 996.04
HUM: 41.53
TEM: 31.74
PRE: 996.04
HUM: 40.99
TEM: 31.75
PRE: 996.04
HUM: 40.96
TEM: 31.75
PRE: 996.04
HUM: 40.80
TEM: 31.76
PRE: 996.04
HUM: 40.69
TEM: 31.76
PRE: 996.04
HUM: 40.75
TEM: 31.76
PRE: 996.04
HUM: 40.84
TEM: 31.77
PRE: 996.04
HUM: 40.81
TEM: 31.77
PRE: 996.03
HUM: 40.78
TEM: 31.78
PRE: 996.03
HUM: 41.12
TEM: 31.79
PRE: 996.02
HUM: 41.07
TEM: 31.79
PRE: 996.02
HUM: 41.08
TEM: 31.80
PRE: 996.00
HUM: 40.97
TEM: 31.80
PRE: 996.00
HUM: 41.17
TEM: 31.80
PRE: 995.99
HUM: 41.05
TEM: 31.80
PRE: 995.99
HUM: 41.11
TEM: 31.80
PRE: 995.99
HUM: 41.15
TEM: 31.80
PRE: 995.98
HUM: 41.25
TEM: 31.81
PRE: 995.97
HUM: 41.37
TEM: 31.81
PRE: 995.97
HUM: 41.49
TEM: 31.81
PRE: 995.97
HUM: 41.46
TEM: 31.82
PRE: 995.96
HUM: 41.24
TEM: 31.82
PRE: 995.96
HUM: 41.32
TEM: 31.82
PRE: 995.96
HUM: 41.36
TEM: 31.82
PRE: 995.95
HUM: 41.28
TEM: 31.82
PRE: 995.96
HUM: 40.99
TEM: 31.82
PRE: 995.96
HUM: 41.19
TEM: 31.82
PRE: 995.96
HUM: 41.20
TEM: 31.82
PRE: 995.96
HUM: 41.16
TEM: 31.81
PRE: 995.96
HUM: 41.16
TEM: 31.81
PRE: 995.96
HUM: 41.07
TEM: 31.81
PRE: 995.95
HUM: 40.69
TEM: 31.81
PRE: 995.95
HUM: 40.60
TEM: 31.82
PRE: 995.95
HUM: 40.66
TEM: 31.82
PRE: 995.94
HUM: 40.88
TEM: 31.83
PRE: 995.94
HUM: 40.88
TEM: 31.83
PRE: 995.94
HUM: 41.06
TEM: 31.83
PRE: 995.94
HUM: 41.07
TEM: 31.83
PRE: 995.94
HUM: 40.57
TEM: 31.84
PRE: 995.93
HUM: 40.69
TEM: 31.84
PRE: 995.92
HUM: 40.69
TEM: 31.85
PRE: 995.92
HUM: 40.80
TEM: 31.85
PRE: 995.92
HUM: 40.94
TEM: 31.86
PRE: 995.92
HUM: 40.99
TEM: 31.86
PRE: 995.92
HUM: 41.09
TEM: 31.87
PRE: 995.92
HUM: 41.04
TEM: 31.87
PRE: 995.91
HUM: 41.08
TEM: 31.88
PRE: 995.91
HUM: 41.14
TEM: 31.88
PRE: 995.90
HUM: 40.86
TEM: 31.88
PRE: 995.89
HUM: 40.80
TEM: 31.88
PRE: 995.89
HUM: 40.93
TEM: 31.88
PRE: 995.89
HUM: 41.03
TEM: 31.88
PRE: 995.89
HUM: 40.99
TEM: 31.88
PRE: 995.89
HUM: 40.75
TEM: 31.88
PRE: 995.89
HUM: 40.94
TEM: 31.88
PRE: 995.88
HUM: 40.70
TEM: 31.88
PRE: 995.89
HUM: 40.78
TEM: 31.88
PRE: 995.88
HUM: 40.73
TEM: 31.87
PRE: 995.88
HUM: 40.76
TEM: 31.87
PRE: 995.88
HUM: 40.90
TEM: 31.86
PRE: 995.87
HUM: 41.30
TEM: 31.86
PRE: 995.87
HUM: 41.33
TEM: 31.85
PRE: 995.87
HUM: 41.39
TEM: 31.84
PRE: 995.87
HUM: 41.36
TEM: 31.84
PRE: 995.86
HUM: 41.24
TEM: 31.83
PRE: 995.87
HUM: 41.37
TEM: 31.83
PRE: 995.86
HUM: 41.45
TEM: 31.83
PRE: 995.86
HUM: 41.41
TEM: 31.83
PRE: 995.86
HUM: 40.99
TEM: 31.84
PRE: 995.85
HUM: 40.81
TEM: 31.84
PRE: 995.84
HUM: 41.07
TEM: 31.84
PRE: 995.84
HUM: 41.12
TEM: 31.85
PRE: 995.83
HUM: 41.16
TEM: 31.85
PRE: 995.82
HUM: 41.21
TEM: 31.86
PRE: 995.82
HUM: 41.27
TEM: 31.86
PRE: 995.82
HUM: 41.04
TEM: 31.86
PRE: 995.82
HUM: 41.03
TEM: 31.86
PRE: 995.81
HUM: 41.27
TEM: 31.86
PRE: 995.81
HUM: 41.23
TEM: 31.86
PRE: 995.81
HUM: 41.59
TEM: 31.85
PRE: 995.81
HUM: 41.65
TEM: 31.84
PRE: 995.81
HUM: 41.65
TEM: 31.84
PRE: 995.80
HUM: 41.52
TEM: 31.83
PRE: 995.80
HUM: 41.63
TEM: 31.82
PRE: 995.79
HUM: 41.71
TEM: 31.81
PRE: 995.79
HUM: 41.54
TEM: 31.81
PRE: 995.79
HUM: 41.60
TEM: 31.80
PRE: 995.79
HUM: 41.86
TEM: 31.80
PRE: 995.79
HUM: 41.90
TEM: 31.80
PRE: 995.78
HUM: 42.21
TEM: 31.79
PRE: 995.78
HUM: 42.16
TEM: 31.79
PRE: 995.77
HUM: 42.16
TEM: 31.79
PRE: 995.77
HUM: 42.21
TEM: 31.79
PRE: 995.78
HUM: 42.08
TEM: 31.79
PRE: 995.78
HUM: 42.05
TEM: 31.78
PRE: 995.77
HUM: 41.98
TEM: 31.78
PRE: 995.77
HUM: 42.02
TEM: 31.77
PRE: 995.76
HUM: 42.44
TEM: 31.77
PRE: 995.77
HUM: 42.38
TEM: 31.76
PRE: 995.77
HUM: 42.47
TEM: 31.76
PRE: 995.77
HUM: 42.57
TEM: 31.76
PRE: 995.76
HUM: 42.62
TEM: 31.76
PRE: 995.76
HUM: 42.83
TEM: 31.76
PRE: 995.76
HUM: 42.85
TEM: 31.76
PRE: 995.76
HUM: 42.87
TEM: 31.76
PRE: 995.75
HUM: 42.94
TEM: 31.77
PRE: 995.75
HUM: 42.97
TEM: 31.77
PRE: 995.75
HUM: 42.92
TEM: 31.77
PRE: 995.75
HUM: 42.91
TEM: 31.78
PRE: 995.75
HUM: 42.78
TEM: 31.78
PRE: 995.75
HUM: 43.21
TEM: 31.78
PRE: 995.74
HUM: 43.44
TEM: 31.78
PRE: 995.74
HUM: 43.44
TEM: 31.79
PRE: 995.74
HUM: 43.47
TEM: 31.79
PRE: 995.74
HUM: 43.29
TEM: 31.79
PRE: 995.75
HUM: 42.64
TEM: 31.79
PRE: 995.75
HUM: 43.25
TEM: 31.80
PRE: 995.74
HUM: 42.74
TEM: 31.80
PRE: 995.74
HUM: 42.68
TEM: 31.80
PRE: 995.73
HUM: 42.74
TEM: 31.81
PRE: 995.74
HUM: 43.38
TEM: 31.81
PRE: 995.75
HUM: 43.49
TEM: 31.82
PRE: 995.74
HUM: 43.54
TEM: 31.82
PRE: 995.73
HUM: 43.58
TEM: 31.82
PRE: 995.73
HUM: 43.50
TEM: 31.82
PRE: 995.73
HUM: 43.58
TEM: 31.82
PRE: 995.73
HUM: 43.85
TEM: 31.82
PRE: 995.72
HUM: 43.75
TEM: 31.82
PRE: 995.72
HUM: 43.52
TEM: 31.82
PRE: 995.72
HUM: 43.73
TEM: 31.82
PRE: 995.72
HUM: 43.83
TEM: 31.82
PRE: 995.71
HUM: 43.73
TEM: 31.82
PRE: 995.71
HUM: 43.57
TEM: 31.82
PRE: 995.71
HUM: 43.45
TEM: 31.82
PRE: 995.70
HUM: 43.49
TEM: 31.82
PRE: 995.70
HUM: 43.60
TEM: 31.82
PRE: 995.70
HUM: 43.58
TEM: 31.82
PRE: 995.70
HUM: 43.55
TEM: 31.82
PRE: 995.70
HUM: 43.62
TEM: 31.82
PRE: 995.70
HUM: 43.58
TEM: 31.82
PRE: 995.70
HUM: 43.38
TEM: 31.82
PRE: 995.69
HUM: 43.43
TEM: 31.81
PRE: 995.69
HUM: 43.40
TEM: 31.81
PRE: 995.68
HUM: 43.20
TEM: 31.81
PRE: 995.69
HUM: 43.00
TEM: 31.81
PRE: 995.68
HUM: 42.95
TEM: 31.80
PRE: 995.68
HUM: 43.03
TEM: 31.80
PRE: 995.67
HUM: 43.09
TEM: 31.79
PRE: 995.67
HUM: 43.26
TEM: 31.79
PRE: 995.67
HUM: 43.53
TEM: 31.79
PRE: 995.67
HUM: 43.37
TEM: 31.80
PRE: 995.67
HUM: 42.95
TEM: 31.79
PRE: 995.67
HUM: 43.13
TEM: 31.79
PRE: 995.67
HUM: 43.59
TEM: 31.79
PRE: 995.67
HUM: 43.42
TEM: 31.78
PRE: 995.67
HUM: 43.70
TEM: 31.78
PRE: 995.67
HUM: 43.65
TEM: 31.78
PRE: 995.66
HUM: 43.59
TEM: 31.78
PRE: 995.66
HUM: 43.63
TEM: 31.77
PRE: 995.66
HUM: 43.59
TEM: 31.77
PRE: 995.66
HUM: 43.53
TEM: 31.76
PRE: 995.67
HUM: 43.36
TEM: 31.76
PRE: 995.66
HUM: 43.25
TEM: 31.77
PRE: 995.66
HUM: 43.24
TEM: 31.77
PRE: 995.66
HUM: 43.27
TEM: 31.78
PRE: 995.66
HUM: 43.24
TEM: 31.79
PRE: 995.66
HUM: 43.25
TEM: 31.79
PRE: 995.66
HUM: 43.22
TEM: 31.80
PRE: 995.66
HUM: 43.23
TEM: 31.80
PRE: 995.66
HUM: 43.16
TEM: 31.81
PRE: 995.66
HUM: 43.21
TEM: 31.81
PRE: 995.66
HUM: 43.17
TEM: 31.81
PRE: 995.66
HUM: 43.18
TEM: 31.81
PRE: 995.66
HUM: 43.24
TEM: 31.82
PRE: 995.65
HUM: 43.26
TEM: 31.82
PRE: 995.65
HUM: 43.24
TEM: 31.82
PRE: 995.65
HUM: 43.21
TEM: 31.82
PRE: 995.65
HUM: 43.21
TEM: 31.81
PRE: 995.65
HUM: 43.26
TEM: 31.81
PRE: 995.65
HUM: 43.28
TEM: 31.81
PRE: 995.65
HUM: 43.31
TEM: 31.81
PRE: 995.66
HUM: 43.37
TEM: 31.81
PRE: 995.65
HUM: 43.42
TEM: 31.81
PRE: 995.66
HUM: 43.48
TEM: 31.81
PRE: 995.65
HUM: 43.48
TEM: 31.81
PRE: 995.65
HUM: 43.44
TEM: 31.81
PRE: 995.65
HUM: 43.47
TEM: 31.80
PRE: 995.65
HUM: 43.50
TEM: 31.80
PRE: 995.65
HUM: 43.56
TEM: 31.80
PRE: 995.65
HUM: 43.57
TEM: 31.80
PRE: 995.65
HUM: 43.56
TEM: 31.79
PRE: 995.64
HUM: 43.65
TEM: 31.79
PRE: 995.64
HUM: 43.70
TEM: 31.79
PRE: 995.64
HUM: 43.76
TEM: 31.79
PRE: 995.64
HUM: 43.81
TEM: 31.78
PRE: 995.64
HUM: 43.80
TEM: 31.78
PRE: 995.64
HUM: 43.75
TEM: 31.78
PRE: 995.64
HUM: 43.69
TEM: 31.78
PRE: 995.64
HUM: 43.63
TEM: 31.78
PRE: 995.63
HUM: 43.56
TEM: 31.78
PRE: 995.63
HUM: 43.47
TEM: 31.77
PRE: 995.62
HUM: 43.54
TEM: 31.77
PRE: 995.62
HUM: 43.81
TEM: 31.76
PRE: 995.62
HUM: 43.84
TEM: 31.76
PRE: 995.62
HUM: 43.84
TEM: 31.76
PRE: 995.61
HUM: 43.81
TEM: 31.75
PRE: 995.62
HUM: 43.78
TEM: 31.75
PRE: 995.62
HUM: 43.81
TEM: 31.75
PRE: 995.62
HUM: 43.84
TEM: 31.75
PRE: 995.62
HUM: 43.84
TEM: 31.75
PRE: 995.63
HUM: 43.85
TEM: 31.76
PRE: 995.63
HUM: 43.87
TEM: 31.76
PRE: 995.62
HUM: 43.84
TEM: 31.76
PRE: 995.62
HUM: 44.01
TEM: 31.76
PRE: 995.61
HUM: 44.11
TEM: 31.75
PRE: 995.61
HUM: 44.23
TEM: 31.75
PRE: 995.60
HUM: 44.27
TEM: 31.75
PRE: 995.60
HUM: 44.13
TEM: 31.75
PRE: 995.60
HUM: 43.81
TEM: 31.76
PRE: 995.60
HUM: 43.57
TEM: 31.77
PRE: 995.60
HUM: 43.39
TEM: 31.78
PRE: 995.60
HUM: 43.35
TEM: 31.78
PRE: 995.60
HUM: 43.33
TEM: 31.79
PRE: 995.60
HUM: 43.37
TEM: 31.79
PRE: 995.60
HUM: 43.37
TEM: 31.80
PRE: 995.60
HUM: 43.41
TEM: 31.80
PRE: 995.59
HUM: 43.43
TEM: 31.80
PRE: 995.59
HUM: 43.53
TEM: 31.80
PRE: 995.58
HUM: 43.67
TEM: 31.79
PRE: 995.58
HUM: 43.77
TEM: 31.79
PRE: 995.59
HUM: 43.74
TEM: 31.79
PRE: 995.58
HUM: 43.68
TEM: 31.78
PRE: 995.58
HUM: 43.69
TEM: 31.77
PRE: 995.57
HUM: 43.68
TEM: 31.76
PRE: 995.57
HUM: 43.72
TEM: 31.75
PRE: 995.57
HUM: 43.75
TEM: 31.74
PRE: 995.57
HUM: 43.78
TEM: 31.73
PRE: 995.57
HUM: 43.75
TEM: 31.72
PRE: 995.56
HUM: 43.80
TEM: 31.71
PRE: 995.57
HUM: 43.86
TEM: 31.70
PRE: 995.57
HUM: 43.88
TEM: 31.69
PRE: 995.57
HUM: 43.94
TEM: 31.68
PRE: 995.56
HUM: 43.97
TEM: 31.67
PRE: 995.57
HUM: 43.99
TEM: 31.66
PRE: 995.56
HUM: 44.02
TEM: 31.65
PRE: 995.57
HUM: 44.05
TEM: 31.64
PRE: 995.56
HUM: 44.09
TEM: 31.63
PRE: 995.56
HUM: 44.09
TEM: 31.62
PRE: 995.56
HUM: 44.13
TEM: 31.61
PRE: 995.56
HUM: 44.14
TEM: 31.60
PRE: 995.56
HUM: 44.19
TEM: 31.59
PRE: 995.55
HUM: 44.17
TEM: 31.59
PRE: 995.54
HUM: 44.19
TEM: 31.58
PRE: 995.55
HUM: 44.20
TEM: 31.57
PRE: 995.55
HUM: 44.22
TEM: 31.57
PRE: 995.55
HUM: 44.24
TEM: 31.56
PRE: 995.55
HUM: 44.23
TEM: 31.55
PRE: 995.55
HUM: 44.26
TEM: 31.55
PRE: 995.54
HUM: 44.25
TEM: 31.54
PRE: 995.55
HUM: 44.28
TEM: 31.54
PRE: 995.55
HUM: 44.31
TEM: 31.53
PRE: 995.55
HUM: 44.33
TEM: 31.53
PRE: 995.55
HUM: 44.28
TEM: 31.52
PRE: 995.54
HUM: 44.30
TEM: 31.52
PRE: 995.55
HUM: 44.30
TEM: 31.52
PRE: 995.54
HUM: 44.31
TEM: 31.51
PRE: 995.55
HUM: 44.33
TEM: 31.51
PRE: 995.55
HUM: 44.32
TEM: 31.50
PRE: 995.55
HUM: 44.37
TEM: 31.49
PRE: 995.54
HUM: 44.44
TEM: 31.49
PRE: 995.54
HUM: 44.42
TEM: 31.48
PRE: 995.54
HUM: 44.40
TEM: 31.48
PRE: 995.54
HUM: 44.43
TEM: 31.48
PRE: 995.54
HUM: 44.44
TEM: 31.47
PRE: 995.53
HUM: 44.43
TEM: 31.47
PRE: 995.53
HUM: 44.44
TEM: 31.47
PRE: 995.54
HUM: 44.45
TEM: 31.47
PRE: 995.54
HUM: 44.45
TEM: 31.46
PRE: 995.54
HUM: 44.44
TEM: 31.46
PRE: 995.53
HUM: 44.44
TEM: 31.46
PRE: 995.53
HUM: 44.44
TEM: 31.46
PRE: 995.52
HUM: 44.44
TEM: 31.45
PRE: 995.52
HUM: 44.46
TEM: 31.45
PRE: 995.52
HUM: 44.49
TEM: 31.44
PRE: 995.51
HUM: 44.52
TEM: 31.44
PRE: 995.51
HUM: 44.50
TEM: 31.44
PRE: 995.51
HUM: 44.51
TEM: 31.44
PRE: 995.51
HUM: 44.53
TEM: 31.43
PRE: 995.50
HUM: 44.56
TEM: 31.43
PRE: 995.50
HUM: 44.57
TEM: 31.43
PRE: 995.50
HUM: 44.56
TEM: 31.43
PRE: 995.50
HUM: 44.54
TEM: 31.43
PRE: 995.50
HUM: 44.54
TEM: 31.43
PRE: 995.50
HUM: 44.57
TEM: 31.42
PRE: 995.50
HUM: 44.55
TEM: 31.42
PRE: 995.50
HUM: 44.57
TEM: 31.42
PRE: 995.50
HUM: 44.57
TEM: 31.42
PRE: 995.50
HUM: 44.57
TEM: 31.42
PRE: 995.50
HUM: 44.57
TEM: 31.42
PRE: 995.50
HUM: 44.55
TEM: 31.42
PRE: 995.50
HUM: 44.54
TEM: 31.42
PRE: 995.51
HUM: 44.57
TEM: 31.42
PRE: 995.50
HUM: 44.53
TEM: 31.42
PRE: 995.51
HUM: 44.52
TEM: 31.42
PRE: 995.51
HUM: 44.55
TEM: 31.42
PRE: 995.50
HUM: 44.54
TEM: 31.42
PRE: 995.50
HUM: 44.57
TEM: 31.42
PRE: 995.50
HUM: 44.57
TEM: 31.41
PRE: 995.50
HUM: 44.59
TEM: 31.41
PRE: 995.50
HUM: 44.57
TEM: 31.41
PRE: 995.51
HUM: 44.60
TEM: 31.41
PRE: 995.50
HUM: 44.63
TEM: 31.41
PRE: 995.50
HUM: 44.63
TEM: 31.41
PRE: 995.50
HUM: 44.60
TEM: 31.41
PRE: 995.50
HUM: 44.64
TEM: 31.41
PRE: 995.50
HUM: 44.64
TEM: 31.41
PRE: 995.49
HUM: 44.64
TEM: 31.40
PRE: 995.49
HUM: 44.66
TEM: 31.40
PRE: 995.48
HUM: 44.66
TEM: 31.40
PRE: 995.48
HUM: 44.67
TEM: 31.40
PRE: 995.48
HUM: 44.71
TEM: 31.40
PRE: 995.48
HUM: 44.68
TEM: 31.40
PRE: 995.48
HUM: 44.70
TEM: 31.40
PRE: 995.47
HUM: 44.71
TEM: 31.39
PRE: 995.48
HUM: 44.71
TEM: 31.39
PRE: 995.47
HUM: 44.73
TEM: 31.39
PRE: 995.48
HUM: 44.68
TEM: 31.39
PRE: 995.47
HUM: 44.71
TEM: 31.39
PRE: 995.46
HUM: 44.72
TEM: 31.39
PRE: 995.46
HUM: 44.71
TEM: 31.39
PRE: 995.45
HUM: 44.74
TEM: 31.39
PRE: 995.45
HUM: 44.73
TEM: 31.39
PRE: 995.45
HUM: 44.75
TEM: 31.39
PRE: 995.45
HUM: 44.77
TEM: 31.39
PRE: 995.45
HUM: 44.78
TEM: 31.39
PRE: 995.45
HUM: 44.78
TEM: 31.39
PRE: 995.45
HUM: 44.80
TEM: 31.38
PRE: 995.45
HUM: 44.82
TEM: 31.38
PRE: 995.45
HUM: 44.82
TEM: 31.38
PRE: 995.45
HUM: 44.81
TEM: 31.38
PRE: 995.44
HUM: 44.80
TEM: 31.38
PRE: 995.44
HUM: 44.83
TEM: 31.38
PRE: 995.45
HUM: 44.84
TEM: 31.38
PRE: 995.45
HUM: 44.87
TEM: 31.37
PRE: 995.44
HUM: 44.84
TEM: 31.37
PRE: 995.45
HUM: 44.91
TEM: 31.37
PRE: 995.44
HUM: 44.89
TEM: 31.37
PRE: 995.44
HUM: 44.89
TEM: 31.37
PRE: 995.43
HUM: 44.90
TEM: 31.37
PRE: 995.44
HUM: 44.90
TEM: 31.37
PRE: 995.43
HUM: 44.89
TEM: 31.37
PRE: 995.43
HUM: 44.89
TEM: 31.37
PRE: 995.43
HUM: 44.91
TEM: 31.37
PRE: 995.44
HUM: 44.90
TEM: 31.37
PRE: 995.44
HUM: 44.89
TEM: 31.37
PRE: 995.44
HUM: 44.90
TEM: 31.37
PRE: 995.44
HUM: 44.89
TEM: 31.37
PRE: 995.44
HUM: 44.91
TEM: 31.37
PRE: 995.44
HUM: 44.93
TEM: 31.36
PRE: 995.45
HUM: 44.92
TEM: 31.37
PRE: 995.45
HUM: 44.95
TEM: 31.37
PRE: 995.44
HUM: 44.97
TEM: 31.36
PRE: 995.44
HUM: 44.97
TEM: 31.36
PRE: 995.44
HUM: 44.96
TEM: 31.36
PRE: 995.44
HUM: 44.96
TEM: 31.36
PRE: 995.44
HUM: 44.97
TEM: 31.36
PRE: 995.45
HUM: 44.97
TEM: 31.36
PRE: 995.44
HUM: 44.97
TEM: 31.36
PRE: 995.44
HUM: 44.97
TEM: 31.36
PRE: 995.44
HUM: 44.95
TEM: 31.36
PRE: 995.44
HUM: 44.95
TEM: 31.36
PRE: 995.43
HUM: 44.97
TEM: 31.36
PRE: 995.43
HUM: 44.97
TEM: 31.36
PRE: 995.45
HUM: 44.99
TEM: 31.36
PRE: 995.44
HUM: 45.02
TEM: 31.36
PRE: 995.44
HUM: 45.27
TEM: 31.36
PRE: 995.44
HUM: 45.10
TEM: 31.36
PRE: 995.45
HUM: 45.23
TEM: 31.36
PRE: 995.44
HUM: 45.34
TEM: 31.36
PRE: 995.44
HUM: 45.44
TEM: 31.35
PRE: 995.44
HUM: 45.36
TEM: 31.35
PRE: 995.44
HUM: 45.36
TEM: 31.35
PRE: 995.43
HUM: 45.26
TEM: 31.35
PRE: 995.44
HUM: 45.30
TEM: 31.35
PRE: 995.43
HUM: 45.48
TEM: 31.35
PRE: 995.43
HUM: 45.41
TEM: 31.35
PRE: 995.44
HUM: 45.26
TEM: 31.35
PRE: 995.44
HUM: 45.27
TEM: 31.36
PRE: 995.44
HUM: 45.48
TEM: 31.36
PRE: 995.43
HUM: 45.50
TEM: 31.36
PRE: 995.42
HUM: 45.42
TEM: 31.35
PRE: 995.42
HUM: 45.35
TEM: 31.35
PRE: 995.42
HUM: 45.23
TEM: 31.35
PRE: 995.40
HUM: 45.22
TEM: 31.35
PRE: 995.40
HUM: 45.23
TEM: 31.35
PRE: 995.40
HUM: 45.23
TEM: 31.35
PRE: 995.41
HUM: 45.28
TEM: 31.35
PRE: 995.40
HUM: 45.28
TEM: 31.35
PRE: 995.41
HUM: 45.28
TEM: 31.35
PRE: 995.41
HUM: 45.27
TEM: 31.35
PRE: 995.40
HUM: 45.28
TEM: 31.35
PRE: 995.40
HUM: 45.29
TEM: 31.34
PRE: 995.40
HUM: 45.33
TEM: 31.34
PRE: 995.40
HUM: 45.34
TEM: 31.34
PRE: 995.40
HUM: 45.36
TEM: 31.34
PRE: 995.39
HUM: 45.38
TEM: 31.34
PRE: 995.39
HUM: 45.38
TEM: 31.34
PRE: 995.39
HUM: 45.36
TEM: 31.34
PRE: 995.39
HUM: 45.36
TEM: 31.34
PRE: 995.39
HUM: 45.40
TEM: 31.34
PRE: 995.39
HUM: 45.41
TEM: 31.34
PRE: 995.39
HUM: 45.43
TEM: 31.33
PRE: 995.39
HUM: 45.43
TEM: 31.34
PRE: 995.39
HUM: 45.41
TEM: 31.34
PRE: 995.38
HUM: 45.39
TEM: 31.34
PRE: 995.37
HUM: 45.41
TEM: 31.34
PRE: 995.37
HUM: 45.40
TEM: 31.34
PRE: 995.37
HUM: 45.42
TEM: 31.34
PRE: 995.37
HUM: 45.43
TEM: 31.34
PRE: 995.37
HUM: 45.43
TEM: 31.34
PRE: 995.37
HUM: 45.43
TEM: 31.33
PRE: 995.37
HUM: 45.46
TEM: 31.33
PRE: 995.37
HUM: 45.45
TEM: 31.33
PRE: 995.36
HUM: 45.43
TEM: 31.33
PRE: 995.36
HUM: 45.46
TEM: 31.33
PRE: 995.35
HUM: 45.46
TEM: 31.33
PRE: 995.35
HUM: 45.48
TEM: 31.33
PRE: 995.35
HUM: 45.47
TEM: 31.33
PRE: 995.35
HUM: 45.49
TEM: 31.33
PRE: 995.35
HUM: 45.49
TEM: 31.33
PRE: 995.36
HUM: 45.51
TEM: 31.33
PRE: 995.36
HUM: 45.49
TEM: 31.33
PRE: 995.36
HUM: 45.49
TEM: 31.33
PRE: 995.37
HUM: 45.47
TEM: 31.33
PRE: 995.37
HUM: 45.47
TEM: 31.33
PRE: 995.36
HUM: 45.52
TEM: 31.33
PRE: 995.35
HUM: 45.46
TEM: 31.33
PRE: 995.36
HUM: 45.45
TEM: 31.34
PRE: 995.35
HUM: 45.43
TEM: 31.34
PRE: 995.36
HUM: 45.43
TEM: 31.34
PRE: 995.36
HUM: 45.38
TEM: 31.34
PRE: 995.35
HUM: 45.40
TEM: 31.34
PRE: 995.35
HUM: 45.39
TEM: 31.34
PRE: 995.35
HUM: 45.36
TEM: 31.34
PRE: 995.35
HUM: 45.38
TEM: 31.34
PRE: 995.35
HUM: 45.38
TEM: 31.35
PRE: 995.34
HUM: 45.35
TEM: 31.35
PRE: 995.34
HUM: 45.35
TEM: 31.35
PRE: 995.33
HUM: 45.36
TEM: 31.35
PRE: 995.33
HUM: 45.36
TEM: 31.35
PRE: 995.32
HUM: 45.36
TEM: 31.35
PRE: 995.33
HUM: 45.35
TEM: 31.35
PRE: 995.32
HUM: 45.35
TEM: 31.35
PRE: 995.33
HUM: 45.34
TEM: 31.36
PRE: 995.32
HUM: 45.35
TEM: 31.36
PRE: 995.32
HUM: 45.32
TEM: 31.36
PRE: 995.32
HUM: 45.32
TEM: 31.36
PRE: 995.32
HUM: 45.31
TEM: 31.36
PRE: 995.31
HUM: 45.27
TEM: 31.36
PRE: 995.31
HUM: 45.25
TEM: 31.36
PRE: 995.31
HUM: 45.49
TEM: 31.36
PRE: 995.31
HUM: 45.31
TEM: 31.36
PRE: 995.31
HUM: 45.27
TEM: 31.36
PRE: 995.31
HUM: 45.25
TEM: 31.37
PRE: 995.30
HUM: 45.63
TEM: 31.37
PRE: 995.30
HUM: 45.35
TEM: 31.37
PRE: 995.30
HUM: 45.38
TEM: 31.37
PRE: 995.30
HUM: 45.28
TEM: 31.37
PRE: 995.30
HUM: 45.28
TEM: 31.37
PRE: 995.30
HUM: 45.28
TEM: 31.37
PRE: 995.29
HUM: 45.29
TEM: 31.37
PRE: 995.29
HUM: 45.29
TEM: 31.37
PRE: 995.28
HUM: 45.31
TEM: 31.37
PRE: 995.28
HUM: 45.33
TEM: 31.37
PRE: 995.27
HUM: 45.35
TEM: 31.36
PRE: 995.27
HUM: 45.35
TEM: 31.36
PRE: 995.26
HUM: 45.38
TEM: 31.36
PRE: 995.27
HUM: 45.37
TEM: 31.36
PRE: 995.27
HUM: 45.34
TEM: 31.36
PRE: 995.27
HUM: 45.33
TEM: 31.36
PRE: 995.27
HUM: 45.32
TEM: 31.37
PRE: 995.26
HUM: 45.31
TEM: 31.37
PRE: 995.26
HUM: 45.32
TEM: 31.37
PRE: 995.26
HUM: 45.31
TEM: 31.37
PRE: 995.26
HUM: 45.32
TEM: 31.37
PRE: 995.26
HUM: 45.29
TEM: 31.37
PRE: 995.26
HUM: 45.31
TEM: 31.37
PRE: 995.26
HUM: 45.31
TEM: 31.37
PRE: 995.26
HUM: 45.28
TEM: 31.38
PRE: 995.25
HUM: 45.29
TEM: 31.38
PRE: 995.25
HUM: 45.27
TEM: 31.38
PRE: 995.24
HUM: 45.29
TEM: 31.38
PRE: 995.24
HUM: 45.29
TEM: 31.38
PRE: 995.23
HUM: 45.28
TEM: 31.38
PRE: 995.23
HUM: 45.29
TEM: 31.38
PRE: 995.22
HUM: 45.28
TEM: 31.38
PRE: 995.22
HUM: 45.25
TEM: 31.39
PRE: 995.22
HUM: 45.25
TEM: 31.39
PRE: 995.22
HUM: 45.26
TEM: 31.39
PRE: 995.22
HUM: 45.26
TEM: 31.39
PRE: 995.21
HUM: 45.27
TEM: 31.39
PRE: 995.21
HUM: 45.28
TEM: 31.39
PRE: 995.21
HUM: 45.29
TEM: 31.39
PRE: 995.21
HUM: 45.32
TEM: 31.38
PRE: 995.21
HUM: 45.34
TEM: 31.38
PRE: 995.21
HUM: 45.37
TEM: 31.38
PRE: 995.20
HUM: 45.34
TEM: 31.38
PRE: 995.20
HUM: 45.36
TEM: 31.38
PRE: 995.19
HUM: 45.36
TEM: 31.38
PRE: 995.18
HUM: 45.37
TEM: 31.38
PRE: 995.18
HUM: 45.39
TEM: 31.38
PRE: 995.18
HUM: 45.39
TEM: 31.38
PRE: 995.18
HUM: 45.42
TEM: 31.38
PRE: 995.17
HUM: 45.44
TEM: 31.38
PRE: 995.17
HUM: 45.43
TEM: 31.38
PRE: 995.17
HUM: 45.43
TEM: 31.38
PRE: 995.17
HUM: 45.40
TEM: 31.38
PRE: 995.17
HUM: 45.46
TEM: 31.38
PRE: 995.17
HUM: 45.45
TEM: 31.38
PRE: 995.17
HUM: 45.44
TEM: 31.38
PRE: 995.17
HUM: 45.46
TEM: 31.38
PRE: 995.18
HUM: 45.47
TEM: 31.38
PRE: 995.18
HUM: 45.49
TEM: 31.38
PRE: 995.19
HUM: 45.52
TEM: 31.37
PRE: 995.19
HUM: 45.52
TEM: 31.37
PRE: 995.20
HUM: 45.52
TEM: 31.37
PRE: 995.21
HUM: 45.53
TEM: 31.37
PRE: 995.21
HUM: 45.55
TEM: 31.37
PRE: 995.20
HUM: 45.55
TEM: 31.37
PRE: 995.20
HUM: 45.58
TEM: 31.37
PRE: 995.19
HUM: 45.61
TEM: 31.36
PRE: 995.19
HUM: 45.64
TEM: 31.36
PRE: 995.18
HUM: 45.67
TEM: 31.36
PRE: 995.19
HUM: 45.65
TEM: 31.36
PRE: 995.19
HUM: 45.67
TEM: 31.36
PRE: 995.18
HUM: 45.68
TEM: 31.36
PRE: 995.18
HUM: 45.68
TEM: 31.36
PRE: 995.18
HUM: 45.69
TEM: 31.36
PRE: 995.18
HUM: 45.71
TEM: 31.36
PRE: 995.18
HUM: 45.68
TEM: 31.36
PRE: 995.19
HUM: 45.68
TEM: 31.36
PRE: 995.18
HUM: 45.68
TEM: 31.36
PRE: 995.18
HUM: 45.65
TEM: 31.36
PRE: 995.18
HUM: 45.65
TEM: 31.36
PRE: 995.19
HUM: 45.59
TEM: 31.36
PRE: 995.19
HUM: 45.63
TEM: 31.36
PRE: 995.19
HUM: 45.58
TEM: 31.37
PRE: 995.18
HUM: 45.58
TEM: 31.36
PRE: 995.19
HUM: 45.56
TEM: 31.37
PRE: 995.18
HUM: 45.58
TEM: 31.37
PRE: 995.18
HUM: 45.57
TEM: 31.37
PRE: 995.18
HUM: 45.56
TEM: 31.37
PRE: 995.18
HUM: 45.59
TEM: 31.37
PRE: 995.18
HUM: 45.56
TEM: 31.37
PRE: 995.18
HUM: 45.56
TEM: 31.37
PRE: 995.18
HUM: 45.53
TEM: 31.37
PRE: 995.18
HUM: 45.55
TEM: 31.38
PRE: 995.18
HUM: 45.50
TEM: 31.38
PRE: 995.18
HUM: 45.51
TEM: 31.38
PRE: 995.17
HUM: 45.48
TEM: 31.38
PRE: 995.17
HUM: 45.45
TEM: 31.38
PRE: 995.17
HUM: 45.48
TEM: 31.38
PRE: 995.17
HUM: 45.45
TEM: 31.38
PRE: 995.16
HUM: 45.55
TEM: 31.38
PRE: 995.16
HUM: 45.54
TEM: 31.38
PRE: 995.16
HUM: 45.78
TEM: 31.38
PRE: 995.16
HUM: 45.67
TEM: 31.38
PRE: 995.16
HUM: 45.54
TEM: 31.38
PRE: 995.15
HUM: 45.64
TEM: 31.38
PRE: 995.15
HUM: 45.68
TEM: 31.39
PRE: 995.15
HUM: 45.63
TEM: 31.39
PRE: 995.15
HUM: 45.66
TEM: 31.39
PRE: 995.15
HUM: 45.64
TEM: 31.39
PRE: 995.15
HUM: 45.55
TEM: 31.39
PRE: 995.15
HUM: 45.57
TEM: 31.40
PRE: 995.15
HUM: 45.50
TEM: 31.40
PRE: 995.14
HUM: 45.73
TEM: 31.40
PRE: 995.14
HUM: 45.56
TEM: 31.40
PRE: 995.14
HUM: 45.50
TEM: 31.41
PRE: 995.15
HUM: 45.72
TEM: 31.41
PRE: 995.14
HUM: 45.75
TEM: 31.42
PRE: 995.14
HUM: 45.62
TEM: 31.42
PRE: 995.14
HUM: 45.48
TEM: 31.43
PRE: 995.13
HUM: 45.55
TEM: 31.43
PRE: 995.13
HUM: 45.52
TEM: 31.44
PRE: 995.13
HUM: 45.66
TEM: 31.44
PRE: 995.13
HUM: 45.72
TEM: 31.45
PRE: 995.13
HUM: 45.63
TEM: 31.45
PRE: 995.12
HUM: 45.54
TEM: 31.46
PRE: 995.12
HUM: 45.55
TEM: 31.46
PRE: 995.11
HUM: 45.52
TEM: 31.46
PRE: 995.11
HUM: 45.71
TEM: 31.46
PRE: 995.12
HUM: 45.49
TEM: 31.46
PRE: 995.12
HUM: 45.45
TEM: 31.46
PRE: 995.12
HUM: 45.43
TEM: 31.46
PRE: 995.12
HUM: 45.55
TEM: 31.46
PRE: 995.12
HUM: 45.40
TEM: 31.46
PRE: 995.12
HUM: 45.35
TEM: 31.46
PRE: 995.12
HUM: 45.34
TEM: 31.46
PRE: 995.12
HUM: 45.42
TEM: 31.46
PRE: 995.11
HUM: 46.01
TEM: 31.46
PRE: 995.11
HUM: 46.44
TEM: 31.47
PRE: 995.11
HUM: 46.86
TEM: 31.47
PRE: 995.11
HUM: 46.66
TEM: 31.48
PRE: 995.10
HUM: 46.04
TEM: 31.48
PRE: 995.10
HUM: 45.69
TEM: 31.49
PRE: 995.10
HUM: 45.57
TEM: 31.49
PRE: 995.11
HUM: 45.44
TEM: 31.49
PRE: 995.10
HUM: 45.32
TEM: 31.49
PRE: 995.10
HUM: 45.27
TEM: 31.49
PRE: 995.11
HUM: 45.28
TEM: 31.49
PRE: 995.10
HUM: 45.25
TEM: 31.48
PRE: 995.10
HUM: 45.32
TEM: 31.48
PRE: 995.10
HUM: 45.30
TEM: 31.48
PRE: 995.10
HUM: 45.66
TEM: 31.48
PRE: 995.10
HUM: 45.40
TEM: 31.47
PRE: 995.09
HUM: 45.38
TEM: 31.47
PRE: 995.10
HUM: 45.48
TEM: 31.47
PRE: 995.08
HUM: 45.60
TEM: 31.47
PRE: 995.08
HUM: 45.72
TEM: 31.47
PRE: 995.08
HUM: 45.44
TEM: 31.46
PRE: 995.08
HUM: 45.39
TEM: 31.46
PRE: 995.07
HUM: 45.42
TEM: 31.46
PRE: 995.07
HUM: 45.48
TEM: 31.45
PRE: 995.06
HUM: 45.51
TEM: 31.44
PRE: 995.06
HUM: 45.48
TEM: 31.44
PRE: 995.05
HUM: 46.68
TEM: 31.44
PRE: 995.05
HUM: 46.67
TEM: 31.44
PRE: 995.05
HUM: 45.95
TEM: 31.44
