********************************************************************************
Obsolete PIO Core v5.1.0 is used (previous was 5.1.1)
Please remove multiple PIO Cores from a system:
https://docs.platformio.org/page/faq.html#multiple-platformio-cores-in-a-system
********************************************************************************
--- Available filters and text transformations: colorize, debug, default, direct, hexlify, log2file, nocontrol, printable, send_on_enter, time
--- More details at http://bit.ly/pio-monitor-filters
␀
PRE: 994.83
HUM: 44.36
TEM: 31.66
PRE: 994.83
HUM: 44.36
TEM: 31.66
PRE: 994.83
HUM: 44.34
TEM: 31.66
PRE: 994.82
HUM: 44.39
TEM: 31.66
PRE: 994.82
HUM: 44.36
TEM: 31.66
PRE: 994.82
HUM: 44.41
TEM: 31.66
PRE: 994.83
HUM: 44.45
TEM: 31.66
PRE: 994.83
HUM: 44.46
TEM: 31.66
PRE: 994.83
HUM: 44.48
TEM: 31.66
PRE: 994.83
HUM: 44.52
TEM: 31.66
PRE: 994.83
HUM: 44.67
TEM: 31.66
PRE: 994.83
HUM: 44.58
TEM: 31.66
PRE: 994.83
HUM: 44.61
TEM: 31.66
PRE: 994.84
HUM: 44.64
TEM: 31.67
PRE: 994.84
HUM: 44.67
TEM: 31.67
PRE: 994.84
HUM: 44.72
TEM: 31.67
PRE: 994.84
HUM: 44.76
TEM: 31.67
PRE: 994.84
HUM: 44.81
TEM: 31.67
PRE: 994.84
HUM: 44.92
TEM: 31.67
PRE: 994.83
HUM: 44.99
TEM: 31.67
PRE: 994.84
HUM: 45.17
TEM: 31.68
PRE: 994.84
HUM: 45.08
TEM: 31.68
PRE: 994.84
HUM: 45.12
TEM: 31.69
PRE: 994.85
HUM: 45.27
TEM: 31.69
PRE: 994.84
HUM: 45.31
TEM: 31.69
PRE: 994.85
HUM: 45.39
TEM: 31.69
PRE: 994.86
HUM: 45.42
TEM: 31.69
PRE: 994.87
HUM: 45.53
TEM: 31.69
PRE: 994.87
HUM: 45.57
TEM: 31.69
PRE: 994.87
HUM: 45.61
TEM: 31.69
PRE: 994.87
HUM: 45.69
TEM: 31.69
PRE: 994.88
HUM: 45.75
TEM: 31.69
PRE: 994.88
HUM: 45.77
TEM: 31.69
PRE: 994.88
HUM: 45.90
TEM: 31.69
PRE: 994.88
HUM: 45.94
TEM: 31.69
PRE: 994.88
HUM: 45.99
TEM: 31.70
PRE: 994.89
HUM: 46.03
TEM: 31.70
PRE: 994.90
HUM: 46.08
TEM: 31.70
PRE: 994.90
HUM: 46.17
TEM: 31.70
PRE: 994.90
HUM: 46.25
TEM: 31.70
PRE: 994.90
HUM: 46.32
TEM: 31.70
PRE: 994.90
HUM: 46.36
TEM: 31.70
PRE: 994.91
HUM: 46.41
TEM: 31.70
PRE: 994.91
HUM: 46.48
TEM: 31.70
PRE: 994.91
HUM: 46.49
TEM: 31.70
PRE: 994.91
HUM: 46.49
TEM: 31.71
PRE: 994.91
HUM: 46.56
TEM: 31.71
PRE: 994.92
HUM: 46.65
TEM: 31.71
PRE: 994.92
HUM: 46.70
TEM: 31.72
PRE: 994.92
HUM: 46.73
TEM: 31.72
PRE: 994.91
HUM: 46.76
TEM: 31.72
PRE: 994.91
HUM: 46.78
TEM: 31.73
PRE: 994.91
HUM: 46.89
TEM: 31.73
PRE: 994.92
HUM: 46.99
TEM: 31.73
PRE: 994.92
HUM: 47.00
TEM: 31.73
PRE: 994.92
HUM: 47.01
TEM: 31.73
PRE: 994.93
HUM: 47.03
TEM: 31.73
PRE: 994.93
HUM: 47.06
TEM: 31.73
PRE: 994.93
HUM: 47.11
TEM: 31.73
PRE: 994.93
HUM: 47.15
TEM: 31.73
PRE: 994.93
HUM: 47.18
TEM: 31.73
PRE: 994.93
HUM: 47.21
TEM: 31.73
PRE: 994.94
HUM: 47.26
TEM: 31.73
PRE: 994.94
HUM: 47.27
TEM: 31.73
PRE: 994.94
HUM: 47.35
TEM: 31.73
PRE: 994.94
HUM: 47.39
TEM: 31.73
PRE: 994.95
HUM: 47.68
TEM: 31.73
PRE: 994.95
HUM: 47.74
TEM: 31.73
PRE: 994.95
HUM: 47.61
TEM: 31.73
PRE: 994.94
HUM: 47.54
TEM: 31.74
PRE: 994.94
HUM: 47.61
TEM: 31.74
PRE: 994.95
HUM: 47.70
TEM: 31.73
PRE: 994.95
HUM: 47.65
TEM: 31.74
PRE: 994.96
HUM: 47.71
TEM: 31.74
PRE: 994.96
HUM: 47.73
TEM: 31.74
PRE: 994.97
HUM: 47.78
TEM: 31.74
PRE: 994.97
HUM: 47.79
TEM: 31.74
PRE: 994.96
HUM: 47.79
TEM: 31.73
PRE: 994.96
HUM: 47.77
TEM: 31.73
PRE: 994.97
HUM: 47.80
TEM: 31.74
PRE: 994.97
HUM: 47.94
TEM: 31.74
PRE: 994.97
HUM: 47.95
TEM: 31.74
PRE: 994.97
HUM: 47.95
TEM: 31.75
PRE: 994.97
HUM: 47.90
TEM: 31.75
PRE: 994.97
HUM: 47.86
TEM: 31.75
PRE: 994.97
HUM: 47.91
TEM: 31.76
