--- Available filters and text transformations: colorize, debug, default, direct, hexlify, log2file, nocontrol, printable, send_on_enter, time
--- More details at http://bit.ly/pio-monitor-filters
␀
PRE: 1001.08
HUM: 39.70
TEM: 29.43
PRE: 1001.08
HUM: 39.73
TEM: 29.43
PRE: 1001.07
HUM: 39.76
TEM: 29.43
PRE: 1001.06
HUM: 39.76
TEM: 29.43
PRE: 1001.06
HUM: 39.83
TEM: 29.43
PRE: 1001.06
HUM: 39.80
TEM: 29.44
PRE: 1001.06
HUM: 39.86
TEM: 29.44
PRE: 1001.05
HUM: 39.97
TEM: 29.44
PRE: 1001.05
HUM: 39.96
TEM: 29.44
PRE: 1001.05
HUM: 39.91
TEM: 29.44
PRE: 1001.05
HUM: 39.97
TEM: 29.45
PRE: 1001.05
HUM: 40.00
TEM: 29.45
PRE: 1001.05
HUM: 40.01
TEM: 29.45
PRE: 1001.05
HUM: 39.96
TEM: 29.45
PRE: 1001.05
HUM: 40.01
TEM: 29.46
PRE: 1001.05
HUM: 39.99
TEM: 29.46
PRE: 1001.04
HUM: 39.93
TEM: 29.46
PRE: 1001.04
HUM: 39.88
TEM: 29.46
PRE: 1001.04
HUM: 39.78
TEM: 29.47
PRE: 1001.05
HUM: 39.74
TEM: 29.47
PRE: 1001.05
HUM: 39.66
TEM: 29.47
PRE: 1001.06
HUM: 39.69
TEM: 29.48
PRE: 1001.06
HUM: 39.62
TEM: 29.48
PRE: 1001.07
HUM: 39.61
TEM: 29.48
PRE: 1001.08
HUM: 39.59
TEM: 29.49
PRE: 1001.08
HUM: 39.86
TEM: 29.49
PRE: 1001.08
HUM: 39.61
TEM: 29.49
PRE: 1001.06
HUM: 39.59
TEM: 29.50
PRE: 1001.06
HUM: 39.62
TEM: 29.50
PRE: 1001.06
HUM: 39.67
TEM: 29.50
PRE: 1001.06
HUM: 39.67
TEM: 29.51
PRE: 1001.05
HUM: 39.67
TEM: 29.51
PRE: 1001.06
HUM: 39.66
TEM: 29.52
PRE: 1001.05
HUM: 39.55
TEM: 29.52
PRE: 1001.05
HUM: 39.46
TEM: 29.52
PRE: 1001.05
HUM: 39.41
TEM: 29.52
PRE: 1001.05
HUM: 39.43
TEM: 29.53
PRE: 1001.04
HUM: 39.46
TEM: 29.53
PRE: 1001.05
HUM: 39.45
TEM: 29.53
PRE: 1001.04
HUM: 39.45
TEM: 29.53
PRE: 1001.03
HUM: 39.39
TEM: 29.53
PRE: 1001.04
HUM: 39.38
TEM: 29.53
PRE: 1001.05
HUM: 39.49
TEM: 29.53
PRE: 1001.05
HUM: 39.37
TEM: 29.53
PRE: 1001.03
HUM: 39.49
TEM: 29.53
PRE: 1001.03
HUM: 39.33
TEM: 29.54
PRE: 1001.04
HUM: 39.73
TEM: 29.54
PRE: 1001.03
HUM: 39.28
TEM: 29.54
PRE: 1001.03
HUM: 39.36
TEM: 29.54
PRE: 1001.02
HUM: 39.39
TEM: 29.54
PRE: 1001.02
HUM: 39.25
TEM: 29.55
PRE: 1001.02
HUM: 39.20
TEM: 29.55
PRE: 1001.01
HUM: 39.17
TEM: 29.55
PRE: 1001.00
HUM: 39.19
TEM: 29.55
PRE: 1001.00
HUM: 39.19
TEM: 29.55
PRE: 1001.00
HUM: 39.14
TEM: 29.55
PRE: 1000.99
HUM: 39.19
TEM: 29.55
PRE: 1000.99
HUM: 39.22
TEM: 29.55
PRE: 1000.98
HUM: 39.16
TEM: 29.54
PRE: 1000.99
HUM: 39.19
TEM: 29.55
PRE: 1001.00
HUM: 39.19
TEM: 29.55
PRE: 1001.00
HUM: 39.08
TEM: 29.55
PRE: 1001.00
HUM: 39.08
TEM: 29.55
PRE: 1001.00
HUM: 38.95
TEM: 29.55
PRE: 1001.00
HUM: 38.91
TEM: 29.56
PRE: 1001.00
HUM: 38.98
TEM: 29.56
PRE: 1000.99
HUM: 38.81
TEM: 29.56
PRE: 1000.99
HUM: 38.81
TEM: 29.56
PRE: 1001.00
HUM: 38.75
TEM: 29.57
PRE: 1001.00
HUM: 38.82
TEM: 29.57
PRE: 1001.00
HUM: 38.73
TEM: 29.57
PRE: 1001.00
HUM: 38.64
TEM: 29.58
PRE: 1000.99
HUM: 38.64
TEM: 29.58
PRE: 1000.99
HUM: 38.66
TEM: 29.58
PRE: 1000.99
HUM: 38.87
TEM: 29.58
PRE: 1000.98
HUM: 38.58
TEM: 29.58
PRE: 1000.99
HUM: 38.58
TEM: 29.58
PRE: 1000.99
HUM: 38.68
TEM: 29.58
PRE: 1000.98
HUM: 38.51
TEM: 29.59
PRE: 1000.97
HUM: 38.48
TEM: 29.58
PRE: 1000.97
HUM: 38.51
TEM: 29.58
PRE: 1000.97
HUM: 38.49
TEM: 29.58
PRE: 1000.96
HUM: 38.50
TEM: 29.58
PRE: 1000.95
HUM: 38.78
TEM: 29.58
PRE: 1000.95
HUM: 38.54
TEM: 29.58
PRE: 1000.95
HUM: 38.79
TEM: 29.58
PRE: 1000.94
HUM: 38.54
TEM: 29.58
PRE: 1000.93
HUM: 38.48
TEM: 29.58
PRE: 1000.92
HUM: 38.48
TEM: 29.58
PRE: 1000.92
HUM: 38.49
TEM: 29.58
PRE: 1000.91
HUM: 38.55
TEM: 29.57
PRE: 1000.91
HUM: 38.55
TEM: 29.57
PRE: 1000.90
HUM: 38.62
TEM: 29.57
PRE: 1000.91
HUM: 38.67
TEM: 29.57
PRE: 1000.91
HUM: 38.61
TEM: 29.57
PRE: 1000.91
HUM: 38.63
TEM: 29.57
PRE: 1000.91
HUM: 38.67
TEM: 29.57
PRE: 1000.90
HUM: 38.68
TEM: 29.57
PRE: 1000.90
HUM: 38.57
TEM: 29.56
PRE: 1000.89
HUM: 38.55
TEM: 29.56
PRE: 1000.89
HUM: 38.57
TEM: 29.56
PRE: 1000.89
HUM: 38.62
TEM: 29.56
PRE: 1000.88
HUM: 38.67
TEM: 29.56
PRE: 1000.88
HUM: 38.82
TEM: 29.56
PRE: 1000.88
HUM: 38.74
TEM: 29.55
PRE: 1000.88
HUM: 38.76
TEM: 29.55
PRE: 1000.88
HUM: 38.87
TEM: 29.55
PRE: 1000.87
HUM: 38.86
TEM: 29.55
PRE: 1000.87
HUM: 38.82
TEM: 29.56
PRE: 1000.87
HUM: 39.23
TEM: 29.56
PRE: 1000.87
HUM: 38.98
TEM: 29.56
PRE: 1000.86
HUM: 38.89
TEM: 29.56
PRE: 1000.85
HUM: 39.31
TEM: 29.56
PRE: 1000.85
HUM: 38.95
TEM: 29.56
PRE: 1000.85
HUM: 38.92
TEM: 29.56
PRE: 1000.85
HUM: 38.91
TEM: 29.56
PRE: 1000.85
HUM: 38.91
TEM: 29.57
PRE: 1000.85
HUM: 38.91
TEM: 29.57
PRE: 1000.84
HUM: 38.91
TEM: 29.57
PRE: 1000.84
HUM: 38.95
TEM: 29.57
PRE: 1000.85
HUM: 39.03
TEM: 29.57
PRE: 1000.84
HUM: 38.98
TEM: 29.57
PRE: 1000.83
HUM: 38.99
TEM: 29.57
PRE: 1000.82
HUM: 39.05
TEM: 29.56
PRE: 1000.82
HUM: 39.08
TEM: 29.56
PRE: 1000.82
HUM: 39.23
TEM: 29.57
PRE: 1000.81
HUM: 39.22
TEM: 29.57
PRE: 1000.81
HUM: 39.21
TEM: 29.57
PRE: 1000.81
HUM: 39.18
TEM: 29.57
PRE: 1000.82
HUM: 39.21
TEM: 29.57
PRE: 1000.82
HUM: 39.22
TEM: 29.57
PRE: 1000.82
HUM: 39.25
TEM: 29.57
PRE: 1000.82
HUM: 39.27
TEM: 29.57
PRE: 1000.81
HUM: 39.27
TEM: 29.57
PRE: 1000.81
HUM: 39.29
TEM: 29.57
PRE: 1000.80
HUM: 39.28
TEM: 29.57
PRE: 1000.80
HUM: 39.33
TEM: 29.58
PRE: 1000.80
HUM: 39.31
TEM: 29.58
PRE: 1000.80
HUM: 39.31
TEM: 29.58
PRE: 1000.80
HUM: 39.30
TEM: 29.58
PRE: 1000.80
HUM: 39.34
TEM: 29.59
PRE: 1000.79
HUM: 39.29
TEM: 29.59
PRE: 1000.79
HUM: 39.40
TEM: 29.59
PRE: 1000.79
HUM: 39.51
TEM: 29.59
PRE: 1000.78
HUM: 39.47
TEM: 29.59
PRE: 1000.79
HUM: 39.49
TEM: 29.59
PRE: 1000.79
HUM: 39.51
TEM: 29.59
PRE: 1000.79
HUM: 39.55
TEM: 29.59
PRE: 1000.78
HUM: 39.60
TEM: 29.59
PRE: 1000.78
HUM: 39.58
TEM: 29.59
PRE: 1000.77
HUM: 39.65
TEM: 29.59
PRE: 1000.77
HUM: 39.69
TEM: 29.59
PRE: 1000.77
HUM: 39.64
TEM: 29.59
PRE: 1000.77
HUM: 39.61
TEM: 29.59
PRE: 1000.77
HUM: 39.71
TEM: 29.59
PRE: 1000.77
HUM: 39.60
TEM: 29.59
PRE: 1000.77
HUM: 39.64
TEM: 29.59
PRE: 1000.77
HUM: 39.61
TEM: 29.59
PRE: 1000.78
HUM: 39.58
TEM: 29.59
PRE: 1000.78
HUM: 39.58
TEM: 29.59
PRE: 1000.78
HUM: 39.57
TEM: 29.59
PRE: 1000.78
HUM: 39.60
TEM: 29.59
PRE: 1000.78
HUM: 39.61
TEM: 29.59
PRE: 1000.77
HUM: 39.61
TEM: 29.59
PRE: 1000.77
HUM: 39.64
TEM: 29.59
PRE: 1000.76
HUM: 39.61
TEM: 29.59
PRE: 1000.77
HUM: 39.67
TEM: 29.59
PRE: 1000.76
HUM: 39.63
TEM: 29.59
PRE: 1000.76
HUM: 39.60
TEM: 29.60
PRE: 1000.77
HUM: 39.87
TEM: 29.60
PRE: 1000.77
HUM: 39.65
TEM: 29.60
PRE: 1000.77
HUM: 39.68
TEM: 29.60
PRE: 1000.76
HUM: 39.62
TEM: 29.60
PRE: 1000.76
HUM: 39.58
TEM: 29.60
PRE: 1000.76
HUM: 39.60
TEM: 29.61
PRE: 1000.76
HUM: 39.56
TEM: 29.61
PRE: 1000.77
HUM: 39.63
TEM: 29.61
PRE: 1000.77
HUM: 39.64
TEM: 29.61
PRE: 1000.77
HUM: 39.47
TEM: 29.62
PRE: 1000.77
HUM: 39.49
TEM: 29.62
PRE: 1000.77
HUM: 39.50
TEM: 29.62
PRE: 1000.78
HUM: 39.53
TEM: 29.62
PRE: 1000.78
HUM: 39.45
TEM: 29.63
PRE: 1000.77
HUM: 39.46
TEM: 29.63
PRE: 1000.77
HUM: 39.49
TEM: 29.63
PRE: 1000.77
HUM: 39.46
TEM: 29.63
PRE: 1000.77
HUM: 39.49
TEM: 29.63
PRE: 1000.77
HUM: 39.53
TEM: 29.63
PRE: 1000.77
HUM: 39.42
TEM: 29.63
PRE: 1000.78
HUM: 39.52
TEM: 29.63
PRE: 1000.78
HUM: 39.39
TEM: 29.63
PRE: 1000.78
HUM: 39.39
TEM: 29.63
PRE: 1000.77
HUM: 39.39
TEM: 29.63
PRE: 1000.77
HUM: 39.49
TEM: 29.63
PRE: 1000.77
HUM: 39.46
TEM: 29.63
PRE: 1000.78
HUM: 39.44
TEM: 29.63
PRE: 1000.77
HUM: 39.46
TEM: 29.63
PRE: 1000.77
HUM: 39.44
TEM: 29.63
PRE: 1000.78
HUM: 39.43
TEM: 29.63
PRE: 1000.78
HUM: 39.37
TEM: 29.62
PRE: 1000.79
HUM: 39.34
TEM: 29.62
PRE: 1000.79
HUM: 39.31
TEM: 29.62
PRE: 1000.79
HUM: 39.29
TEM: 29.62
PRE: 1000.80
HUM: 39.27
TEM: 29.62
PRE: 1000.81
HUM: 39.32
TEM: 29.62
PRE: 1000.81
HUM: 39.31
TEM: 29.62
PRE: 1000.81
HUM: 39.21
TEM: 29.62
PRE: 1000.81
HUM: 39.25
TEM: 29.62
PRE: 1000.81
HUM: 39.47
TEM: 29.63
PRE: 1000.82
HUM: 39.16
TEM: 29.63
PRE: 1000.82
HUM: 39.24
TEM: 29.63
PRE: 1000.82
HUM: 39.12
TEM: 29.64
PRE: 1000.82
HUM: 39.04
TEM: 29.64
PRE: 1000.82
HUM: 38.98
TEM: 29.64
PRE: 1000.82
HUM: 38.95
TEM: 29.64
PRE: 1000.83
HUM: 38.91
TEM: 29.64
PRE: 1000.83
HUM: 38.92
TEM: 29.65
PRE: 1000.82
HUM: 38.94
TEM: 29.64
PRE: 1000.83
HUM: 38.96
TEM: 29.64
PRE: 1000.83
HUM: 39.15
TEM: 29.65
PRE: 1000.83
HUM: 39.01
TEM: 29.65
PRE: 1000.83
HUM: 38.96
TEM: 29.65
PRE: 1000.84
HUM: 38.95
TEM: 29.65
PRE: 1000.83
HUM: 38.83
TEM: 29.65
PRE: 1000.83
HUM: 38.89
TEM: 29.65
PRE: 1000.83
HUM: 39.00
TEM: 29.64
PRE: 1000.84
HUM: 38.96
TEM: 29.64
PRE: 1000.85
HUM: 38.91
TEM: 29.65
PRE: 1000.85
HUM: 38.90
TEM: 29.65
PRE: 1000.84
HUM: 38.82
TEM: 29.65
PRE: 1000.84
HUM: 38.84
TEM: 29.65
PRE: 1000.84
HUM: 38.85
TEM: 29.65
PRE: 1000.84
HUM: 38.95
TEM: 29.64
PRE: 1000.84
HUM: 38.97
TEM: 29.64
PRE: 1000.84
HUM: 39.04
TEM: 29.64
PRE: 1000.84
HUM: 38.95
TEM: 29.64
PRE: 1000.84
HUM: 38.94
TEM: 29.64
PRE: 1000.84
HUM: 39.03
TEM: 29.64
PRE: 1000.83
HUM: 39.07
TEM: 29.64
PRE: 1000.83
HUM: 39.01
TEM: 29.64
PRE: 1000.83
HUM: 39.03
TEM: 29.64
PRE: 1000.83
HUM: 39.02
TEM: 29.63
PRE: 1000.83
HUM: 39.09
TEM: 29.63
PRE: 1000.83
HUM: 39.03
TEM: 29.63
PRE: 1000.83
HUM: 39.02
TEM: 29.63
PRE: 1000.84
HUM: 39.06
TEM: 29.63
PRE: 1000.84
HUM: 39.03
TEM: 29.63
PRE: 1000.85
HUM: 39.04
TEM: 29.63
PRE: 1000.85
HUM: 39.10
TEM: 29.63
PRE: 1000.86
HUM: 39.09
TEM: 29.63
PRE: 1000.86
HUM: 39.10
TEM: 29.63
PRE: 1000.87
HUM: 39.10
TEM: 29.63
PRE: 1000.87
HUM: 39.02
TEM: 29.63
PRE: 1000.88
HUM: 39.00
TEM: 29.63
PRE: 1000.87
HUM: 39.03
TEM: 29.63
PRE: 1000.88
HUM: 38.96
TEM: 29.63
PRE: 1000.87
HUM: 38.98
TEM: 29.63
PRE: 1000.88
HUM: 38.95
TEM: 29.63
PRE: 1000.88
HUM: 38.97
TEM: 29.63
PRE: 1000.87
HUM: 38.91
TEM: 29.63
PRE: 1000.88
HUM: 38.89
TEM: 29.63
PRE: 1000.88
HUM: 38.90
TEM: 29.63
PRE: 1000.88
HUM: 38.84
TEM: 29.63
PRE: 1000.88
HUM: 38.84
TEM: 29.63
PRE: 1000.88
HUM: 38.91
TEM: 29.63
PRE: 1000.88
HUM: 38.96
TEM: 29.63
PRE: 1000.88
HUM: 39.01
TEM: 29.63
PRE: 1000.88
HUM: 39.02
TEM: 29.63
PRE: 1000.88
HUM: 38.98
TEM: 29.62
PRE: 1000.88
HUM: 39.05
TEM: 29.62
PRE: 1000.88
HUM: 38.95
TEM: 29.62
PRE: 1000.88
HUM: 38.92
TEM: 29.62
PRE: 1000.88
HUM: 38.95
TEM: 29.62
PRE: 1000.88
HUM: 38.91
TEM: 29.62
PRE: 1000.89
HUM: 38.95
TEM: 29.63
PRE: 1000.89
HUM: 38.97
TEM: 29.63
PRE: 1000.89
HUM: 38.92
TEM: 29.63
PRE: 1000.89
HUM: 38.96
TEM: 29.63
PRE: 1000.89
HUM: 38.97
TEM: 29.63
PRE: 1000.89
HUM: 39.02
TEM: 29.63
PRE: 1000.89
HUM: 39.01
TEM: 29.63
PRE: 1000.90
HUM: 39.08
TEM: 29.63
PRE: 1000.89
HUM: 39.04
TEM: 29.63
PRE: 1000.89
HUM: 39.08
TEM: 29.63
PRE: 1000.89
HUM: 39.17
TEM: 29.63
PRE: 1000.90
HUM: 39.19
TEM: 29.63
PRE: 1000.89
HUM: 39.16
TEM: 29.63
PRE: 1000.90
HUM: 39.13
TEM: 29.63
PRE: 1000.89
HUM: 39.17
TEM: 29.63
PRE: 1000.89
HUM: 39.24
TEM: 29.63
PRE: 1000.89
HUM: 39.17
TEM: 29.63
PRE: 1000.89
HUM: 39.24
TEM: 29.63
PRE: 1000.89
HUM: 39.24
TEM: 29.63
PRE: 1000.89
HUM: 39.27
TEM: 29.63
PRE: 1000.89
HUM: 39.31
TEM: 29.63
PRE: 1000.89
HUM: 39.35
TEM: 29.63
PRE: 1000.89
HUM: 39.42
TEM: 29.63
PRE: 1000.89
HUM: 39.51
TEM: 29.63
PRE: 1000.89
HUM: 39.37
TEM: 29.63
PRE: 1000.89
HUM: 39.40
TEM: 29.63
PRE: 1000.90
HUM: 39.45
TEM: 29.63
PRE: 1000.90
HUM: 39.51
TEM: 29.63
PRE: 1000.90
HUM: 39.56
TEM: 29.63
PRE: 1000.90
HUM: 39.56
TEM: 29.63
PRE: 1000.91
HUM: 39.58
TEM: 29.63
PRE: 1000.91
HUM: 39.59
TEM: 29.63
PRE: 1000.92
HUM: 39.64
TEM: 29.63
PRE: 1000.93
HUM: 39.64
TEM: 29.63
PRE: 1000.93
HUM: 39.63
TEM: 29.63
PRE: 1000.93
HUM: 39.69
TEM: 29.63
PRE: 1000.94
HUM: 39.73
TEM: 29.63
PRE: 1000.94
HUM: 39.68
TEM: 29.64
PRE: 1000.94
HUM: 39.70
TEM: 29.64
PRE: 1000.94
HUM: 39.71
TEM: 29.64
PRE: 1000.93
HUM: 39.71
TEM: 29.64
PRE: 1000.94
HUM: 39.73
TEM: 29.64
PRE: 1000.94
HUM: 39.74
TEM: 29.64
PRE: 1000.93
HUM: 39.77
TEM: 29.64
PRE: 1000.93
HUM: 39.77
TEM: 29.64
PRE: 1000.94
HUM: 39.82
TEM: 29.65
PRE: 1000.94
HUM: 39.83
TEM: 29.65
PRE: 1000.94
HUM: 39.85
TEM: 29.65
PRE: 1000.93
HUM: 39.88
TEM: 29.65
PRE: 1000.93
HUM: 39.91
TEM: 29.65
PRE: 1000.93
HUM: 39.94
TEM: 29.65
PRE: 1000.93
HUM: 39.98
TEM: 29.65
PRE: 1000.93
HUM: 39.97
TEM: 29.66
PRE: 1000.92
HUM: 39.97
TEM: 29.66
PRE: 1000.92
HUM: 40.00
TEM: 29.66
PRE: 1000.92
HUM: 39.97
TEM: 29.66
PRE: 1000.93
HUM: 39.98
TEM: 29.66
PRE: 1000.93
HUM: 39.97
TEM: 29.66
PRE: 1000.92
HUM: 39.92
TEM: 29.67
PRE: 1000.92
HUM: 39.92
TEM: 29.67
PRE: 1000.93
HUM: 39.92
TEM: 29.67
PRE: 1000.92
HUM: 39.94
TEM: 29.67
PRE: 1000.92
HUM: 39.91
TEM: 29.67
PRE: 1000.92
HUM: 39.96
TEM: 29.68
PRE: 1000.92
HUM: 39.98
TEM: 29.68
PRE: 1000.92
HUM: 40.00
TEM: 29.68
PRE: 1000.92
HUM: 39.93
TEM: 29.68
PRE: 1000.91
HUM: 39.98
TEM: 29.68
PRE: 1000.90
HUM: 39.97
TEM: 29.68
PRE: 1000.91
HUM: 39.97
TEM: 29.68
PRE: 1000.91
HUM: 39.97
TEM: 29.68
PRE: 1000.92
HUM: 39.92
TEM: 29.69
PRE: 1000.92
HUM: 39.89
TEM: 29.69
PRE: 1000.92
HUM: 39.87
TEM: 29.69
PRE: 1000.91
HUM: 39.83
TEM: 29.69
PRE: 1000.90
HUM: 39.80
TEM: 29.69
PRE: 1000.90
HUM: 39.82
TEM: 29.70
PRE: 1000.90
HUM: 39.79
TEM: 29.70
PRE: 1000.90
HUM: 39.85
TEM: 29.70
PRE: 1000.91
HUM: 39.79
TEM: 29.70
PRE: 1000.90
HUM: 39.76
TEM: 29.70
PRE: 1000.90
HUM: 39.72
TEM: 29.71
PRE: 1000.90
HUM: 39.72
TEM: 29.71
PRE: 1000.90
HUM: 39.78
TEM: 29.71
PRE: 1000.90
HUM: 39.80
TEM: 29.71
PRE: 1000.90
HUM: 39.77
TEM: 29.71
PRE: 1000.89
HUM: 39.84
TEM: 29.71
PRE: 1000.89
HUM: 39.84
TEM: 29.71
PRE: 1000.89
HUM: 39.78
TEM: 29.71
PRE: 1000.88
HUM: 39.79
TEM: 29.71
PRE: 1000.88
HUM: 39.86
TEM: 29.71
PRE: 1000.88
HUM: 39.80
TEM: 29.71
PRE: 1000.88
HUM: 39.77
TEM: 29.71
PRE: 1000.87
HUM: 39.82
TEM: 29.71
PRE: 1000.88
HUM: 39.80
TEM: 29.71
PRE: 1000.88
HUM: 39.80
TEM: 29.71
PRE: 1000.88
HUM: 39.83
TEM: 29.71
PRE: 1000.87
HUM: 39.83
TEM: 29.71
PRE: 1000.87
HUM: 39.84
TEM: 29.71
PRE: 1000.87
HUM: 39.83
TEM: 29.71
PRE: 1000.86
HUM: 39.82
TEM: 29.71
PRE: 1000.86
HUM: 39.88
TEM: 29.71
PRE: 1000.86
HUM: 39.88
TEM: 29.71
PRE: 1000.86
HUM: 39.82
TEM: 29.71
PRE: 1000.84
HUM: 39.79
TEM: 29.71
PRE: 1000.84
HUM: 39.79
TEM: 29.71
PRE: 1000.83
HUM: 39.80
TEM: 29.71
PRE: 1000.82
HUM: 39.82
TEM: 29.71
PRE: 1000.82
HUM: 39.78
TEM: 29.71
PRE: 1000.82
HUM: 39.75
TEM: 29.71
PRE: 1000.82
HUM: 39.72
TEM: 29.71
PRE: 1000.81
HUM: 39.75
TEM: 29.72
PRE: 1000.81
HUM: 39.73
TEM: 29.72
PRE: 1000.81
HUM: 39.71
TEM: 29.72
PRE: 1000.82
HUM: 39.72
TEM: 29.72
PRE: 1000.81
HUM: 39.73
TEM: 29.72
PRE: 1000.81
HUM: 39.73
TEM: 29.72
PRE: 1000.81
HUM: 39.71
TEM: 29.73
PRE: 1000.82
HUM: 39.70
TEM: 29.73
PRE: 1000.82
HUM: 39.75
TEM: 29.73
PRE: 1000.81
HUM: 39.71
TEM: 29.73
PRE: 1000.81
HUM: 39.70
TEM: 29.73
PRE: 1000.82
HUM: 39.73
TEM: 29.73
PRE: 1000.82
HUM: 39.72
TEM: 29.73
PRE: 1000.81
HUM: 39.76
TEM: 29.73
PRE: 1000.80
HUM: 39.75
TEM: 29.73
PRE: 1000.80
HUM: 39.79
TEM: 29.73
PRE: 1000.80
HUM: 39.84
TEM: 29.73
PRE: 1000.79
HUM: 39.89
TEM: 29.73
PRE: 1000.78
HUM: 39.91
TEM: 29.72
PRE: 1000.78
HUM: 39.94
TEM: 29.72
PRE: 1000.78
HUM: 39.94
TEM: 29.72
PRE: 1000.78
HUM: 39.93
TEM: 29.72
PRE: 1000.78
HUM: 39.95
TEM: 29.72
PRE: 1000.77
HUM: 39.99
TEM: 29.72
PRE: 1000.77
HUM: 40.01
TEM: 29.72
PRE: 1000.77
HUM: 40.07
TEM: 29.72
PRE: 1000.76
HUM: 40.14
TEM: 29.72
PRE: 1000.76
HUM: 40.15
TEM: 29.72
PRE: 1000.75
HUM: 40.19
TEM: 29.72
PRE: 1000.75
HUM: 40.28
TEM: 29.71
PRE: 1000.75
HUM: 40.30
TEM: 29.71
PRE: 1000.75
HUM: 40.33
TEM: 29.71
PRE: 1000.75
HUM: 40.36
TEM: 29.71
PRE: 1000.74
HUM: 40.40
TEM: 29.71
PRE: 1000.74
HUM: 40.44
TEM: 29.71
PRE: 1000.74
HUM: 40.50
TEM: 29.71
PRE: 1000.74
HUM: 40.50
TEM: 29.71
PRE: 1000.75
HUM: 40.55
TEM: 29.71
PRE: 1000.75
HUM: 40.57
TEM: 29.71
PRE: 1000.75
HUM: 40.56
TEM: 29.71
PRE: 1000.75
HUM: 40.55
TEM: 29.71
PRE: 1000.76
HUM: 40.57
TEM: 29.71
PRE: 1000.75
HUM: 40.58
TEM: 29.71
PRE: 1000.74
HUM: 40.57
TEM: 29.71
PRE: 1000.73
HUM: 40.58
TEM: 29.71
PRE: 1000.73
HUM: 40.62
TEM: 29.71
PRE: 1000.73
HUM: 40.64
TEM: 29.71
PRE: 1000.73
HUM: 40.68
TEM: 29.71
PRE: 1000.73
HUM: 40.74
TEM: 29.71
PRE: 1000.73
HUM: 40.76
TEM: 29.71
PRE: 1000.73
HUM: 40.80
TEM: 29.71
PRE: 1000.73
HUM: 40.83
TEM: 29.72
PRE: 1000.73
HUM: 40.87
TEM: 29.72
PRE: 1000.73
HUM: 40.92
TEM: 29.72
PRE: 1000.73
HUM: 40.95
TEM: 29.72
PRE: 1000.73
HUM: 40.98
TEM: 29.72
PRE: 1000.73
HUM: 41.04
TEM: 29.72
PRE: 1000.72
HUM: 41.07
TEM: 29.72
PRE: 1000.73
HUM: 41.10
TEM: 29.72
PRE: 1000.73
HUM: 41.15
TEM: 29.72
PRE: 1000.73
HUM: 41.13
TEM: 29.72
PRE: 1000.72
HUM: 41.17
TEM: 29.72
PRE: 1000.72
HUM: 41.22
TEM: 29.72
PRE: 1000.72
HUM: 41.24
TEM: 29.72
PRE: 1000.71
HUM: 41.25
TEM: 29.72
PRE: 1000.71
HUM: 41.31
TEM: 29.72
PRE: 1000.71
HUM: 41.33
TEM: 29.72
PRE: 1000.71
HUM: 41.37
TEM: 29.72
PRE: 1000.72
HUM: 41.40
TEM: 29.72
PRE: 1000.72
HUM: 41.45
TEM: 29.72
PRE: 1000.72
HUM: 41.47
TEM: 29.72
PRE: 1000.72
HUM: 41.50
TEM: 29.72
PRE: 1000.72
HUM: 41.54
TEM: 29.72
PRE: 1000.72
HUM: 41.56
TEM: 29.72
PRE: 1000.72
HUM: 41.60
TEM: 29.72
PRE: 1000.71
HUM: 41.62
TEM: 29.71
PRE: 1000.71
HUM: 41.67
TEM: 29.71
PRE: 1000.71
HUM: 41.70
TEM: 29.71
PRE: 1000.71
HUM: 41.72
TEM: 29.71
PRE: 1000.72
HUM: 41.77
TEM: 29.71
PRE: 1000.71
HUM: 41.78
TEM: 29.71
PRE: 1000.72
HUM: 41.82
TEM: 29.71
PRE: 1000.71
HUM: 41.86
TEM: 29.71
PRE: 1000.71
HUM: 41.89
TEM: 29.71
PRE: 1000.71
HUM: 41.92
TEM: 29.71
PRE: 1000.72
HUM: 41.93
TEM: 29.71
PRE: 1000.71
HUM: 41.95
TEM: 29.70
PRE: 1000.71
HUM: 42.00
TEM: 29.70
PRE: 1000.71
HUM: 42.02
TEM: 29.70
PRE: 1000.70
HUM: 42.04
TEM: 29.70
PRE: 1000.71
HUM: 42.09
TEM: 29.70
PRE: 1000.71
HUM: 42.10
TEM: 29.71
PRE: 1000.71
HUM: 42.13
TEM: 29.71
PRE: 1000.71
HUM: 42.19
TEM: 29.71
PRE: 1000.70
HUM: 42.19
TEM: 29.71
PRE: 1000.69
HUM: 42.21
TEM: 29.70
PRE: 1000.70
HUM: 42.25
TEM: 29.71
PRE: 1000.69
HUM: 42.29
TEM: 29.71
PRE: 1000.69
HUM: 42.31
TEM: 29.71
PRE: 1000.69
HUM: 42.33
TEM: 29.71
PRE: 1000.69
HUM: 42.34
TEM: 29.71
PRE: 1000.69
HUM: 42.38
TEM: 29.71
PRE: 1000.68
HUM: 42.39
TEM: 29.71
PRE: 1000.69
HUM: 42.45
TEM: 29.71
PRE: 1000.69
HUM: 42.43
TEM: 29.72
PRE: 1000.69
HUM: 42.47
TEM: 29.72
PRE: 1000.69
HUM: 42.50
TEM: 29.72
PRE: 1000.68
HUM: 42.53
TEM: 29.72
PRE: 1000.69
HUM: 42.56
TEM: 29.72
PRE: 1000.68
HUM: 42.56
TEM: 29.72
PRE: 1000.68
HUM: 42.71
TEM: 29.72
PRE: 1000.68
HUM: 42.62
TEM: 29.72
PRE: 1000.68
HUM: 42.62
TEM: 29.72
PRE: 1000.68
HUM: 42.65
TEM: 29.72
PRE: 1000.68
HUM: 42.68
TEM: 29.72
PRE: 1000.67
HUM: 42.68
TEM: 29.72
PRE: 1000.67
HUM: 42.70
TEM: 29.73
PRE: 1000.67
HUM: 42.73
TEM: 29.73
PRE: 1000.66
HUM: 42.79
TEM: 29.73
PRE: 1000.66
HUM: 42.79
TEM: 29.73
PRE: 1000.66
HUM: 42.79
TEM: 29.73
PRE: 1000.66
HUM: 42.81
TEM: 29.73
PRE: 1000.66
HUM: 42.80
TEM: 29.73
PRE: 1000.65
HUM: 42.68
TEM: 29.73
PRE: 1000.65
HUM: 42.69
TEM: 29.73
PRE: 1000.66
HUM: 42.60
TEM: 29.74
PRE: 1000.65
HUM: 42.56
TEM: 29.74
PRE: 1000.66
HUM: 42.48
TEM: 29.74
PRE: 1000.65
HUM: 42.41
TEM: 29.74
PRE: 1000.66
HUM: 42.32
TEM: 29.74
PRE: 1000.66
HUM: 42.20
TEM: 29.74
PRE: 1000.65
HUM: 42.18
TEM: 29.74
PRE: 1000.65
HUM: 42.09
TEM: 29.74
PRE: 1000.65
HUM: 42.08
TEM: 29.75
PRE: 1000.65
HUM: 42.03
TEM: 29.75
PRE: 1000.66
HUM: 42.02
TEM: 29.75
PRE: 1000.65
HUM: 42.02
TEM: 29.75
PRE: 1000.65
HUM: 41.97
TEM: 29.75
PRE: 1000.64
HUM: 41.94
TEM: 29.75
PRE: 1000.63
HUM: 41.93
TEM: 29.75
PRE: 1000.63
HUM: 41.87
TEM: 29.75
PRE: 1000.63
HUM: 41.83
TEM: 29.76
PRE: 1000.63
HUM: 41.81
TEM: 29.76
PRE: 1000.63
HUM: 41.77
TEM: 29.76
PRE: 1000.63
HUM: 41.75
TEM: 29.76
PRE: 1000.63
HUM: 41.75
TEM: 29.76
PRE: 1000.63
HUM: 41.67
TEM: 29.76
PRE: 1000.63
HUM: 41.61
TEM: 29.76
PRE: 1000.63
HUM: 41.59
TEM: 29.77
PRE: 1000.63
HUM: 41.57
TEM: 29.77
PRE: 1000.64
HUM: 41.49
TEM: 29.77
PRE: 1000.63
HUM: 41.43
TEM: 29.78
PRE: 1000.63
HUM: 41.38
TEM: 29.78
PRE: 1000.63
HUM: 41.36
TEM: 29.78
PRE: 1000.63
HUM: 41.32
TEM: 29.79
PRE: 1000.63
HUM: 41.32
TEM: 29.79
PRE: 1000.63
HUM: 41.22
TEM: 29.79
PRE: 1000.62
HUM: 41.22
TEM: 29.80
PRE: 1000.62
HUM: 41.21
TEM: 29.80
PRE: 1000.63
HUM: 41.20
TEM: 29.80
PRE: 1000.63
HUM: 41.20
TEM: 29.80
PRE: 1000.63
HUM: 41.21
TEM: 29.80
PRE: 1000.63
HUM: 41.24
TEM: 29.81
PRE: 1000.63
HUM: 41.20
TEM: 29.81
PRE: 1000.62
HUM: 41.23
TEM: 29.81
PRE: 1000.61
HUM: 41.24
TEM: 29.80
PRE: 1000.62
HUM: 41.29
TEM: 29.80
PRE: 1000.62
HUM: 41.28
TEM: 29.80
PRE: 1000.61
HUM: 41.32
TEM: 29.80
PRE: 1000.62
HUM: 41.30
TEM: 29.79
PRE: 1000.62
HUM: 41.32
TEM: 29.79
PRE: 1000.62
HUM: 41.36
TEM: 29.79
PRE: 1000.62
HUM: 41.34
TEM: 29.79
PRE: 1000.62
HUM: 41.40
TEM: 29.78
PRE: 1000.62
HUM: 41.42
TEM: 29.78
PRE: 1000.61
HUM: 41.45
TEM: 29.78
PRE: 1000.60
HUM: 41.45
TEM: 29.77
PRE: 1000.60
HUM: 41.51
TEM: 29.77
PRE: 1000.61
HUM: 41.50
TEM: 29.77
PRE: 1000.61
HUM: 41.47
TEM: 29.77
PRE: 1000.61
HUM: 41.51
TEM: 29.76
PRE: 1000.61
HUM: 41.44
TEM: 29.76
PRE: 1000.61
HUM: 41.44
TEM: 29.76
PRE: 1000.61
HUM: 41.43
TEM: 29.76
PRE: 1000.62
HUM: 41.39
TEM: 29.76
PRE: 1000.61
HUM: 41.38
TEM: 29.76
PRE: 1000.60
HUM: 41.38
TEM: 29.76
PRE: 1000.60
HUM: 41.41
TEM: 29.76
PRE: 1000.60
HUM: 41.41
TEM: 29.76
PRE: 1000.60
HUM: 41.44
TEM: 29.76
PRE: 1000.59
HUM: 41.47
TEM: 29.76
PRE: 1000.59
HUM: 41.47
TEM: 29.76
PRE: 1000.59
HUM: 41.46
TEM: 29.76
PRE: 1000.59
HUM: 41.50
TEM: 29.76
PRE: 1000.59
HUM: 41.51
TEM: 29.76
PRE: 1000.59
HUM: 41.53
TEM: 29.76
PRE: 1000.59
HUM: 41.52
TEM: 29.75
PRE: 1000.60
HUM: 41.53
TEM: 29.75
PRE: 1000.60
HUM: 41.52
TEM: 29.75
PRE: 1000.61
HUM: 41.54
TEM: 29.75
PRE: 1000.61
HUM: 41.53
TEM: 29.75
PRE: 1000.60
HUM: 41.54
TEM: 29.75
PRE: 1000.60
HUM: 41.54
TEM: 29.75
PRE: 1000.60
HUM: 41.56
TEM: 29.75
PRE: 1000.59
HUM: 41.57
TEM: 29.75
PRE: 1000.60
HUM: 41.60
TEM: 29.75
PRE: 1000.60
HUM: 41.60
TEM: 29.75
PRE: 1000.59
HUM: 41.65
TEM: 29.74
PRE: 1000.59
HUM: 41.64
TEM: 29.74
PRE: 1000.59
HUM: 41.66
TEM: 29.74
PRE: 1000.60
HUM: 41.66
TEM: 29.74
PRE: 1000.60
HUM: 41.67
TEM: 29.74
PRE: 1000.60
HUM: 41.70
TEM: 29.74
PRE: 1000.60
HUM: 41.69
TEM: 29.74
PRE: 1000.60
HUM: 41.70
TEM: 29.74
PRE: 1000.60
HUM: 41.70
TEM: 29.74
PRE: 1000.60
HUM: 41.71
TEM: 29.74
PRE: 1000.60
HUM: 41.71
TEM: 29.74
PRE: 1000.60
HUM: 41.76
TEM: 29.74
PRE: 1000.59
HUM: 41.73
TEM: 29.74
PRE: 1000.59
HUM: 41.78
TEM: 29.74
PRE: 1000.59
HUM: 41.79
TEM: 29.73
PRE: 1000.59
HUM: 41.79
TEM: 29.73
PRE: 1000.59
HUM: 41.81
TEM: 29.73
PRE: 1000.59
HUM: 41.83
TEM: 29.73
PRE: 1000.59
HUM: 41.87
TEM: 29.73
PRE: 1000.59
HUM: 41.83
TEM: 29.73
PRE: 1000.59
HUM: 41.85
TEM: 29.73
PRE: 1000.60
HUM: 41.84
TEM: 29.73
PRE: 1000.59
HUM: 41.87
TEM: 29.73
PRE: 1000.58
HUM: 41.79
TEM: 29.73
PRE: 1000.58
HUM: 41.76
TEM: 29.73
PRE: 1000.58
HUM: 41.76
TEM: 29.73
PRE: 1000.59
HUM: 41.76
TEM: 29.73
PRE: 1000.59
HUM: 41.73
TEM: 29.74
PRE: 1000.59
HUM: 41.75
TEM: 29.74
PRE: 1000.59
HUM: 41.72
TEM: 29.74
PRE: 1000.59
HUM: 41.69
TEM: 29.74
PRE: 1000.58
HUM: 41.67
TEM: 29.74
PRE: 1000.59
HUM: 41.71
TEM: 29.74
PRE: 1000.59
HUM: 41.69
TEM: 29.75
PRE: 1000.60
HUM: 41.70
TEM: 29.75
PRE: 1000.59
HUM: 41.72
TEM: 29.75
PRE: 1000.59
HUM: 41.72
TEM: 29.75
PRE: 1000.59
HUM: 41.76
TEM: 29.75
PRE: 1000.59
HUM: 41.75
TEM: 29.75
PRE: 1000.59
HUM: 41.74
TEM: 29.76
PRE: 1000.59
HUM: 41.72
TEM: 29.76
PRE: 1000.59
HUM: 41.71
TEM: 29.76
PRE: 1000.59
HUM: 41.70
TEM: 29.76
PRE: 1000.58
HUM: 41.71
TEM: 29.76
PRE: 1000.57
HUM: 41.71
TEM: 29.77
PRE: 1000.57
HUM: 41.69
TEM: 29.77
PRE: 1000.57
HUM: 41.67
TEM: 29.77
PRE: 1000.56
HUM: 41.67
TEM: 29.77
PRE: 1000.57
HUM: 41.64
TEM: 29.77
PRE: 1000.57
HUM: 41.69
TEM: 29.77
PRE: 1000.57
HUM: 41.64
TEM: 29.78
PRE: 1000.57
HUM: 41.65
TEM: 29.78
PRE: 1000.56
HUM: 41.63
TEM: 29.78
PRE: 1000.56
HUM: 41.62
TEM: 29.78
PRE: 1000.56
HUM: 41.57
TEM: 29.78
PRE: 1000.56
HUM: 41.61
TEM: 29.79
PRE: 1000.56
HUM: 41.58
TEM: 29.79
PRE: 1000.55
HUM: 41.62
TEM: 29.80
PRE: 1000.55
HUM: 41.63
TEM: 29.80
PRE: 1000.55
HUM: 41.64
TEM: 29.80
PRE: 1000.54
HUM: 41.66
TEM: 29.80
PRE: 1000.54
HUM: 41.64
TEM: 29.81
PRE: 1000.55
HUM: 41.63
TEM: 29.81
PRE: 1000.54
HUM: 41.67
TEM: 29.81
PRE: 1000.54
HUM: 41.67
TEM: 29.81
PRE: 1000.54
HUM: 41.69
TEM: 29.82
PRE: 1000.54
HUM: 41.73
TEM: 29.82
PRE: 1000.54
HUM: 41.74
TEM: 29.82
PRE: 1000.55
HUM: 41.75
TEM: 29.82
PRE: 1000.56
HUM: 41.73
TEM: 29.82
PRE: 1000.56
HUM: 41.74
TEM: 29.83
PRE: 1000.56
HUM: 41.75
TEM: 29.83
PRE: 1000.55
HUM: 41.77
TEM: 29.83
PRE: 1000.55
HUM: 41.80
TEM: 29.83
PRE: 1000.55
HUM: 41.80
TEM: 29.83
PRE: 1000.55
HUM: 41.84
TEM: 29.84
PRE: 1000.55
HUM: 41.86
TEM: 29.84
PRE: 1000.55
HUM: 41.85
TEM: 29.84
PRE: 1000.55
HUM: 41.88
TEM: 29.84
PRE: 1000.55
HUM: 41.86
TEM: 29.84
PRE: 1000.54
HUM: 41.91
TEM: 29.84
PRE: 1000.54
HUM: 41.98
TEM: 29.84
PRE: 1000.54
HUM: 42.04
TEM: 29.84
PRE: 1000.54
HUM: 41.97
TEM: 29.85
PRE: 1000.54
HUM: 41.95
TEM: 29.84
PRE: 1000.53
HUM: 42.04
TEM: 29.84
PRE: 1000.52
HUM: 42.01
TEM: 29.84
PRE: 1000.52
HUM: 42.06
TEM: 29.84
PRE: 1000.52
HUM: 42.01
TEM: 29.84
PRE: 1000.52
HUM: 42.02
TEM: 29.84
PRE: 1000.51
HUM: 42.09
TEM: 29.84
PRE: 1000.52
HUM: 42.01
TEM: 29.85
PRE: 1000.52
HUM: 42.06
TEM: 29.85
PRE: 1000.51
HUM: 42.03
TEM: 29.85
PRE: 1000.51
HUM: 42.09
TEM: 29.86
PRE: 1000.51
HUM: 42.00
TEM: 29.87
PRE: 1000.51
HUM: 41.88
TEM: 29.88
PRE: 1000.51
HUM: 41.93
TEM: 29.90
PRE: 1000.51
HUM: 41.99
TEM: 29.91
PRE: 1000.51
HUM: 41.80
TEM: 29.93
PRE: 1000.51
HUM: 41.77
TEM: 29.94
PRE: 1000.51
HUM: 41.77
TEM: 29.95
PRE: 1000.50
HUM: 41.73
TEM: 29.96
PRE: 1000.50
HUM: 41.68
TEM: 29.97
PRE: 1000.50
HUM: 41.67
TEM: 29.98
PRE: 1000.49
HUM: 41.68
TEM: 29.98
PRE: 1000.48
HUM: 41.71
TEM: 29.99
PRE: 1000.48
HUM: 41.64
TEM: 29.99
PRE: 1000.48
HUM: 41.64
TEM: 30.00
PRE: 1000.48
HUM: 41.59
TEM: 30.01
PRE: 1000.48
HUM: 41.68
TEM: 30.01
PRE: 1000.48
HUM: 41.62
TEM: 30.02
PRE: 1000.48
HUM: 41.62
TEM: 30.02
PRE: 1000.47
HUM: 41.63
TEM: 30.02
PRE: 1000.47
HUM: 41.65
TEM: 30.03
PRE: 1000.47
HUM: 41.70
TEM: 30.03
PRE: 1000.47
HUM: 41.70
TEM: 30.02
PRE: 1000.47
HUM: 41.79
TEM: 30.03
PRE: 1000.47
HUM: 41.75
TEM: 30.02
PRE: 1000.47
HUM: 41.79
TEM: 30.02
PRE: 1000.47
HUM: 41.80
TEM: 30.02
PRE: 1000.47
HUM: 41.83
TEM: 30.02
PRE: 1000.47
HUM: 41.80
TEM: 30.02
PRE: 1000.46
HUM: 41.83
TEM: 30.02
PRE: 1000.47
HUM: 41.82
TEM: 30.02
PRE: 1000.47
HUM: 41.84
TEM: 30.01
PRE: 1000.47
HUM: 41.86
TEM: 30.01
PRE: 1000.47
HUM: 41.89
TEM: 30.01
PRE: 1000.47
HUM: 41.98
TEM: 30.01
PRE: 1000.47
HUM: 41.89
TEM: 30.02
PRE: 1000.47
HUM: 41.84
TEM: 30.02
PRE: 1000.46
HUM: 42.37
TEM: 30.02
PRE: 1000.47
HUM: 41.89
TEM: 30.03
PRE: 1000.48
HUM: 41.89
TEM: 30.03
PRE: 1000.49
HUM: 41.94
TEM: 30.04
PRE: 1000.49
HUM: 41.99
TEM: 30.04
PRE: 1000.50
HUM: 41.89
TEM: 30.05
PRE: 1000.49
HUM: 41.91
TEM: 30.05
PRE: 1000.49
HUM: 41.87
TEM: 30.06
PRE: 1000.50
HUM: 41.88
TEM: 30.06
PRE: 1000.50
HUM: 41.92
TEM: 30.07
PRE: 1000.50
HUM: 41.91
TEM: 30.07
PRE: 1000.50
HUM: 41.93
TEM: 30.07
PRE: 1000.50
HUM: 41.93
TEM: 30.08
PRE: 1000.50
HUM: 41.96
TEM: 30.08
PRE: 1000.50
HUM: 41.97
TEM: 30.08
PRE: 1000.51
HUM: 42.02
TEM: 30.08
PRE: 1000.51
HUM: 42.03
TEM: 30.08
PRE: 1000.51
HUM: 42.10
TEM: 30.08
PRE: 1000.51
HUM: 42.10
TEM: 30.08
PRE: 1000.51
HUM: 42.09
TEM: 30.08
PRE: 1000.51
HUM: 42.11
TEM: 30.08
PRE: 1000.51
HUM: 42.13
TEM: 30.08
PRE: 1000.51
HUM: 42.14
TEM: 30.07
PRE: 1000.52
HUM: 42.18
TEM: 30.07
PRE: 1000.50
HUM: 42.21
TEM: 30.07
PRE: 1000.50
HUM: 42.24
TEM: 30.07
PRE: 1000.50
HUM: 42.30
TEM: 30.06
PRE: 1000.51
HUM: 42.47
TEM: 30.06
PRE: 1000.51
HUM: 42.63
TEM: 30.06
PRE: 1000.52
HUM: 42.40
TEM: 30.06
PRE: 1000.51
HUM: 42.58
TEM: 30.06
PRE: 1000.51
HUM: 42.45
TEM: 30.05
PRE: 1000.51
HUM: 42.42
TEM: 30.05
PRE: 1000.50
HUM: 42.67
TEM: 30.05
PRE: 1000.50
HUM: 42.46
TEM: 30.05
PRE: 1000.50
HUM: 42.49
TEM: 30.05
PRE: 1000.50
HUM: 42.46
TEM: 30.05
PRE: 1000.50
HUM: 42.46
TEM: 30.06
PRE: 1000.50
HUM: 42.46
TEM: 30.06
PRE: 1000.50
HUM: 42.47
TEM: 30.06
PRE: 1000.51
HUM: 42.58
TEM: 30.07
PRE: 1000.50
HUM: 42.44
TEM: 30.07
PRE: 1000.51
HUM: 42.48
TEM: 30.07
PRE: 1000.51
HUM: 42.51
TEM: 30.07
PRE: 1000.52
HUM: 42.53
TEM: 30.07
PRE: 1000.52
HUM: 42.51
TEM: 30.07
PRE: 1000.52
HUM: 42.57
TEM: 30.07
PRE: 1000.52
HUM: 42.59
TEM: 30.06
PRE: 1000.53
HUM: 42.77
TEM: 30.06
PRE: 1000.53
HUM: 42.69
TEM: 30.06
PRE: 1000.53
HUM: 42.72
TEM: 30.05
PRE: 1000.54
HUM: 42.77
TEM: 30.05
PRE: 1000.54
HUM: 42.74
TEM: 30.04
PRE: 1000.53
HUM: 42.82
TEM: 30.04
PRE: 1000.53
HUM: 42.73
TEM: 30.04
PRE: 1000.52
HUM: 42.77
TEM: 30.03
PRE: 1000.51
HUM: 42.78
TEM: 30.03
PRE: 1000.52
HUM: 42.80
TEM: 30.03
PRE: 1000.52
HUM: 42.78
TEM: 30.03
PRE: 1000.52
HUM: 42.85
TEM: 30.02
PRE: 1000.51
HUM: 42.81
TEM: 30.02
PRE: 1000.52
HUM: 42.87
TEM: 30.02
PRE: 1000.52
HUM: 42.90
TEM: 30.01
PRE: 1000.53
HUM: 42.93
TEM: 30.01
PRE: 1000.53
HUM: 43.00
TEM: 30.01
PRE: 1000.52
HUM: 43.04
TEM: 30.00
PRE: 1000.52
HUM: 43.05
TEM: 30.00
PRE: 1000.51
HUM: 43.09
TEM: 30.00
PRE: 1000.51
HUM: 43.10
TEM: 29.99
PRE: 1000.50
HUM: 43.12
TEM: 29.99
PRE: 1000.50
HUM: 43.15
TEM: 29.99
PRE: 1000.50
HUM: 43.17
TEM: 29.98
PRE: 1000.51
HUM: 43.19
TEM: 29.98
PRE: 1000.51
HUM: 43.24
TEM: 29.98
PRE: 1000.51
HUM: 43.25
TEM: 29.97
PRE: 1000.51
HUM: 43.26
TEM: 29.97
PRE: 1000.50
HUM: 43.26
TEM: 29.97
PRE: 1000.50
HUM: 43.25
TEM: 29.97
PRE: 1000.50
HUM: 43.31
TEM: 29.97
PRE: 1000.51
HUM: 43.28
TEM: 29.97
PRE: 1000.51
HUM: 43.24
TEM: 29.97
PRE: 1000.51
HUM: 43.24
TEM: 29.97
PRE: 1000.50
HUM: 43.22
TEM: 29.97
PRE: 1000.49
HUM: 43.20
TEM: 29.97
PRE: 1000.48
HUM: 43.22
TEM: 29.97
PRE: 1000.48
HUM: 43.19
TEM: 29.97
PRE: 1000.48
HUM: 43.19
TEM: 29.97
PRE: 1000.48
HUM: 43.18
TEM: 29.97
PRE: 1000.47
HUM: 43.19
TEM: 29.97
PRE: 1000.48
HUM: 43.21
TEM: 29.98
PRE: 1000.48
HUM: 43.23
TEM: 29.97
PRE: 1000.48
HUM: 43.28
TEM: 29.97
PRE: 1000.48
HUM: 43.25
TEM: 29.97
PRE: 1000.48
HUM: 43.29
TEM: 29.97
PRE: 1000.48
HUM: 43.32
TEM: 29.97
PRE: 1000.48
HUM: 43.32
TEM: 29.97
PRE: 1000.47
HUM: 43.36
TEM: 29.97
PRE: 1000.47
HUM: 43.35
TEM: 29.97
PRE: 1000.47
HUM: 43.38
TEM: 29.97
PRE: 1000.46
HUM: 43.38
TEM: 29.97
PRE: 1000.46
HUM: 43.38
TEM: 29.97
PRE: 1000.46
HUM: 43.37
TEM: 29.97
PRE: 1000.45
HUM: 43.40
TEM: 29.96
PRE: 1000.45
HUM: 43.40
TEM: 29.96
PRE: 1000.44
HUM: 43.42
TEM: 29.96
PRE: 1000.44
HUM: 43.42
TEM: 29.96
PRE: 1000.44
HUM: 43.40
TEM: 29.96
PRE: 1000.44
HUM: 43.41
TEM: 29.97
PRE: 1000.44
HUM: 43.37
TEM: 29.97
PRE: 1000.44
HUM: 43.35
TEM: 29.97
PRE: 1000.44
HUM: 43.32
TEM: 29.97
PRE: 1000.44
HUM: 43.32
TEM: 29.97
PRE: 1000.44
HUM: 43.29
TEM: 29.98
PRE: 1000.43
HUM: 43.28
TEM: 29.98
PRE: 1000.42
HUM: 43.30
TEM: 29.99
PRE: 1000.41
HUM: 43.31
TEM: 29.99
PRE: 1000.42
HUM: 43.29
TEM: 30.00
PRE: 1000.42
HUM: 43.30
TEM: 30.00
PRE: 1000.42
HUM: 43.32
TEM: 30.01
PRE: 1000.42
HUM: 43.26
TEM: 30.01
PRE: 1000.41
HUM: 43.21
TEM: 30.02
PRE: 1000.41
HUM: 43.14
TEM: 30.03
PRE: 1000.40
HUM: 43.11
TEM: 30.03
PRE: 1000.40
HUM: 43.09
TEM: 30.04
PRE: 1000.40
HUM: 43.08
TEM: 30.04
PRE: 1000.40
HUM: 43.04
TEM: 30.05
PRE: 1000.40
HUM: 43.03
TEM: 30.05
PRE: 1000.40
HUM: 43.02
TEM: 30.06
PRE: 1000.40
HUM: 43.03
TEM: 30.06
PRE: 1000.40
HUM: 42.99
TEM: 30.07
PRE: 1000.39
HUM: 43.00
TEM: 30.07
PRE: 1000.40
HUM: 43.01
TEM: 30.07
PRE: 1000.40
HUM: 43.04
TEM: 30.08
PRE: 1000.39
HUM: 43.07
TEM: 30.08
PRE: 1000.40
HUM: 43.04
TEM: 30.08
PRE: 1000.40
HUM: 43.05
TEM: 30.08
PRE: 1000.39
HUM: 43.06
TEM: 30.08
PRE: 1000.39
HUM: 43.07
TEM: 30.08
PRE: 1000.38
HUM: 43.12
TEM: 30.08
PRE: 1000.38
HUM: 43.13
TEM: 30.08
PRE: 1000.38
HUM: 43.14
TEM: 30.08
PRE: 1000.38
HUM: 43.15
TEM: 30.08
PRE: 1000.38
HUM: 43.17
TEM: 30.07
PRE: 1000.38
HUM: 43.19
TEM: 30.07
PRE: 1000.38
HUM: 43.20
TEM: 30.07
PRE: 1000.38
HUM: 43.25
TEM: 30.06
PRE: 1000.38
HUM: 43.26
TEM: 30.06
PRE: 1000.38
HUM: 43.29
TEM: 30.06
PRE: 1000.38
HUM: 43.30
TEM: 30.06
PRE: 1000.38
HUM: 43.26
TEM: 30.06
PRE: 1000.38
HUM: 43.25
TEM: 30.05
PRE: 1000.38
HUM: 43.22
TEM: 30.05
PRE: 1000.39
HUM: 43.24
TEM: 30.05
PRE: 1000.38
HUM: 43.22
TEM: 30.05
PRE: 1000.38
HUM: 43.22
TEM: 30.05
PRE: 1000.38
HUM: 43.20
TEM: 30.05
PRE: 1000.37
HUM: 43.18
TEM: 30.05
PRE: 1000.36
HUM: 43.15
TEM: 30.05
PRE: 1000.37
HUM: 43.15
TEM: 30.05
PRE: 1000.37
HUM: 43.10
TEM: 30.05
PRE: 1000.37
HUM: 43.07
TEM: 30.05
PRE: 1000.37
HUM: 43.08
TEM: 30.05
PRE: 1000.36
HUM: 43.08
TEM: 30.05
PRE: 1000.36
HUM: 43.07
TEM: 30.05
PRE: 1000.35
HUM: 43.07
TEM: 30.05
PRE: 1000.35
HUM: 43.08
TEM: 30.05
PRE: 1000.35
HUM: 43.06
TEM: 30.05
PRE: 1000.34
HUM: 43.04
TEM: 30.05
PRE: 1000.34
HUM: 43.02
TEM: 30.05
PRE: 1000.34
HUM: 43.00
TEM: 30.05
PRE: 1000.34
HUM: 43.00
TEM: 30.05
PRE: 1000.34
HUM: 42.97
TEM: 30.05
PRE: 1000.34
HUM: 42.96
TEM: 30.05
PRE: 1000.34
HUM: 42.97
TEM: 30.06
PRE: 1000.34
HUM: 42.99
TEM: 30.06
PRE: 1000.35
HUM: 42.93
TEM: 30.06
PRE: 1000.33
HUM: 42.94
TEM: 30.06
PRE: 1000.34
HUM: 42.90
TEM: 30.07
PRE: 1000.34
HUM: 42.85
TEM: 30.07
PRE: 1000.34
HUM: 42.82
TEM: 30.08
PRE: 1000.34
HUM: 42.80
TEM: 30.08
PRE: 1000.34
HUM: 42.76
TEM: 30.09
PRE: 1000.33
HUM: 42.78
TEM: 30.09
PRE: 1000.33
HUM: 42.74
TEM: 30.09
PRE: 1000.34
HUM: 42.74
TEM: 30.10
PRE: 1000.34
HUM: 42.70
TEM: 30.10
PRE: 1000.33
HUM: 42.73
TEM: 30.10
PRE: 1000.32
HUM: 42.69
TEM: 30.11
PRE: 1000.32
HUM: 42.75
TEM: 30.11
PRE: 1000.32
HUM: 42.75
TEM: 30.11
PRE: 1000.32
HUM: 42.78
TEM: 30.11
PRE: 1000.32
HUM: 42.81
TEM: 30.11
PRE: 1000.32
HUM: 42.85
TEM: 30.10
PRE: 1000.31
HUM: 42.88
TEM: 30.10
PRE: 1000.30
HUM: 42.93
TEM: 30.10
PRE: 1000.30
HUM: 42.96
TEM: 30.09
PRE: 1000.30
HUM: 42.99
TEM: 30.09
PRE: 1000.30
HUM: 43.01
TEM: 30.09
PRE: 1000.30
HUM: 43.06
TEM: 30.08
PRE: 1000.30
HUM: 43.08
TEM: 30.08
PRE: 1000.30
HUM: 43.09
TEM: 30.08
PRE: 1000.30
HUM: 43.15
TEM: 30.07
PRE: 1000.30
HUM: 43.20
TEM: 30.07
PRE: 1000.30
HUM: 43.20
TEM: 30.06
PRE: 1000.30
HUM: 43.24
TEM: 30.06
PRE: 1000.30
HUM: 43.25
TEM: 30.06
PRE: 1000.30
HUM: 43.26
TEM: 30.06
PRE: 1000.30
HUM: 43.25
TEM: 30.05
PRE: 1000.30
HUM: 43.26
TEM: 30.05
PRE: 1000.30
HUM: 43.25
TEM: 30.05
PRE: 1000.30
HUM: 43.25
TEM: 30.05
PRE: 1000.30
HUM: 43.27
TEM: 30.06
PRE: 1000.30
HUM: 43.24
TEM: 30.06
PRE: 1000.30
HUM: 43.22
TEM: 30.06
PRE: 1000.30
HUM: 43.20
TEM: 30.07
PRE: 1000.30
HUM: 43.21
TEM: 30.08
PRE: 1000.31
HUM: 43.18
TEM: 30.08
PRE: 1000.31
HUM: 43.16
TEM: 30.08
PRE: 1000.32
HUM: 43.16
TEM: 30.09
PRE: 1000.32
HUM: 43.14
TEM: 30.09
PRE: 1000.32
HUM: 43.17
TEM: 30.10
PRE: 1000.32
HUM: 43.17
TEM: 30.10
PRE: 1000.31
HUM: 43.21
TEM: 30.10
PRE: 1000.31
HUM: 43.26
TEM: 30.11
PRE: 1000.30
HUM: 43.25
TEM: 30.11
PRE: 1000.30
HUM: 43.33
TEM: 30.11
PRE: 1000.29
HUM: 43.64
TEM: 30.11
PRE: 1000.28
HUM: 43.37
TEM: 30.11
PRE: 1000.27
HUM: 43.35
TEM: 30.11
PRE: 1000.27
HUM: 43.39
TEM: 30.11
PRE: 1000.26
HUM: 43.47
TEM: 30.11
PRE: 1000.26
HUM: 43.43
TEM: 30.11
PRE: 1000.25
HUM: 43.52
TEM: 30.11
PRE: 1000.25
HUM: 43.58
TEM: 30.11
PRE: 1000.25
HUM: 43.52
TEM: 30.11
PRE: 1000.25
HUM: 43.50
TEM: 30.10
PRE: 1000.24
HUM: 43.67
TEM: 30.10
PRE: 1000.24
HUM: 43.66
TEM: 30.10
PRE: 1000.24
HUM: 43.61
TEM: 30.10
PRE: 1000.24
HUM: 43.58
TEM: 30.10
PRE: 1000.23
HUM: 43.59
TEM: 30.10
PRE: 1000.23
HUM: 43.59
TEM: 30.10
PRE: 1000.24
HUM: 43.58
TEM: 30.10
PRE: 1000.23
HUM: 43.59
TEM: 30.09
PRE: 1000.23
HUM: 43.56
TEM: 30.09
PRE: 1000.22
HUM: 43.56
TEM: 30.09
PRE: 1000.22
HUM: 43.59
TEM: 30.09
PRE: 1000.21
HUM: 43.73
TEM: 30.09
PRE: 1000.21
HUM: 43.63
TEM: 30.09
PRE: 1000.21
HUM: 43.63
TEM: 30.09
PRE: 1000.20
HUM: 43.65
TEM: 30.09
PRE: 1000.20
HUM: 43.67
TEM: 30.09
PRE: 1000.20
HUM: 43.67
TEM: 30.09
PRE: 1000.19
HUM: 43.59
TEM: 30.09
PRE: 1000.18
HUM: 43.55
TEM: 30.09
PRE: 1000.19
HUM: 43.63
TEM: 30.09
PRE: 1000.19
HUM: 43.65
TEM: 30.09
PRE: 1000.19
HUM: 43.59
TEM: 30.09
PRE: 1000.18
HUM: 43.62
TEM: 30.09
PRE: 1000.18
HUM: 43.61
TEM: 30.09
PRE: 1000.18
HUM: 43.61
TEM: 30.09
PRE: 1000.19
HUM: 43.53
TEM: 30.10
PRE: 1000.19
HUM: 43.46
TEM: 30.10
PRE: 1000.20
HUM: 43.46
TEM: 30.10
PRE: 1000.19
HUM: 43.47
TEM: 30.11
PRE: 1000.19
HUM: 43.68
TEM: 30.11
PRE: 1000.20
HUM: 43.60
TEM: 30.12
PRE: 1000.19
HUM: 43.64
TEM: 30.12
PRE: 1000.19
HUM: 43.54
TEM: 30.13
PRE: 1000.19
HUM: 43.45
TEM: 30.13
PRE: 1000.18
HUM: 43.42
TEM: 30.13
PRE: 1000.18
HUM: 43.44
TEM: 30.14
PRE: 1000.18
HUM: 43.44
TEM: 30.15
PRE: 1000.18
HUM: 43.41
TEM: 30.15
PRE: 1000.18
HUM: 43.41
TEM: 30.16
PRE: 1000.18
HUM: 43.39
TEM: 30.17
PRE: 1000.18
HUM: 43.27
TEM: 30.17
PRE: 1000.18
HUM: 43.37
TEM: 30.18
PRE: 1000.18
HUM: 43.43
TEM: 30.18
PRE: 1000.17
HUM: 43.48
TEM: 30.18
PRE: 1000.16
HUM: 43.54
TEM: 30.18
PRE: 1000.16
HUM: 43.55
TEM: 30.17
PRE: 1000.16
HUM: 43.61
TEM: 30.17
PRE: 1000.15
HUM: 43.65
TEM: 30.17
PRE: 1000.15
HUM: 43.70
TEM: 30.16
PRE: 1000.15
HUM: 43.77
TEM: 30.16
PRE: 1000.14
HUM: 43.80
TEM: 30.15
PRE: 1000.15
HUM: 43.81
TEM: 30.14
PRE: 1000.16
HUM: 43.87
TEM: 30.14
PRE: 1000.16
HUM: 43.90
TEM: 30.13
PRE: 1000.15
HUM: 43.96
TEM: 30.12
PRE: 1000.16
HUM: 43.97
TEM: 30.11
PRE: 1000.16
HUM: 44.01
TEM: 30.11
PRE: 1000.15
HUM: 44.09
TEM: 30.10
PRE: 1000.15
HUM: 44.11
TEM: 30.09
PRE: 1000.15
HUM: 44.15
TEM: 30.08
PRE: 1000.15
HUM: 44.16
TEM: 30.08
PRE: 1000.15
HUM: 44.21
TEM: 30.07
PRE: 1000.16
HUM: 44.23
TEM: 30.06
PRE: 1000.16
HUM: 44.27
TEM: 30.06
PRE: 1000.17
HUM: 44.34
TEM: 30.05
PRE: 1000.18
HUM: 44.30
TEM: 30.05
PRE: 1000.18
HUM: 44.34
TEM: 30.04
PRE: 1000.17
HUM: 44.38
TEM: 30.04
PRE: 1000.17
HUM: 44.38
TEM: 30.04
PRE: 1000.17
HUM: 44.44
TEM: 30.03
PRE: 1000.17
HUM: 44.46
TEM: 30.03
PRE: 1000.17
HUM: 44.50
TEM: 30.02
PRE: 1000.17
HUM: 44.51
TEM: 30.02
PRE: 1000.17
HUM: 44.54
TEM: 30.01
PRE: 1000.16
HUM: 44.57
TEM: 30.01
PRE: 1000.16
HUM: 44.57
TEM: 30.01
PRE: 1000.17
HUM: 44.61
TEM: 30.00
PRE: 1000.16
HUM: 44.66
TEM: 30.00
PRE: 1000.16
HUM: 44.67
TEM: 29.99
PRE: 1000.17
HUM: 44.69
TEM: 29.99
PRE: 1000.18
HUM: 44.75
TEM: 29.99
PRE: 1000.18
HUM: 44.73
TEM: 29.98
PRE: 1000.18
HUM: 44.76
TEM: 29.98
PRE: 1000.17
HUM: 44.81
TEM: 29.98
PRE: 1000.17
HUM: 44.82
TEM: 29.98
PRE: 1000.17
HUM: 44.83
TEM: 29.97
PRE: 1000.17
HUM: 44.83
TEM: 29.97
PRE: 1000.17
HUM: 44.87
TEM: 29.97
PRE: 1000.16
HUM: 44.89
TEM: 29.97
PRE: 1000.16
HUM: 44.92
TEM: 29.96
PRE: 1000.15
HUM: 44.94
TEM: 29.96
PRE: 1000.15
HUM: 44.97
TEM: 29.96
PRE: 1000.16
HUM: 45.00
TEM: 29.96
PRE: 1000.15
HUM: 44.99
TEM: 29.95
PRE: 1000.16
HUM: 45.00
TEM: 29.95
PRE: 1000.15
HUM: 45.03
TEM: 29.95
PRE: 1000.16
HUM: 45.07
TEM: 29.95
PRE: 1000.15
HUM: 45.07
TEM: 29.95
PRE: 1000.14
HUM: 45.09
TEM: 29.95
PRE: 1000.14
HUM: 45.10
TEM: 29.95
PRE: 1000.14
HUM: 45.18
TEM: 29.95
PRE: 1000.14
HUM: 45.15
TEM: 29.95
PRE: 1000.14
HUM: 45.13
TEM: 29.95
PRE: 1000.14
HUM: 45.22
TEM: 29.95
PRE: 1000.14
HUM: 45.24
TEM: 29.95
PRE: 1000.14
HUM: 45.27
TEM: 29.95
PRE: 1000.14
HUM: 45.26
TEM: 29.94
PRE: 1000.14
HUM: 45.46
TEM: 29.94
PRE: 1000.14
HUM: 45.61
TEM: 29.95
PRE: 1000.14
HUM: 45.80
TEM: 29.95
PRE: 1000.14
HUM: 45.78
TEM: 29.96
PRE: 1000.14
HUM: 45.65
TEM: 29.97
PRE: 1000.14
HUM: 45.44
TEM: 29.98
PRE: 1000.14
HUM: 45.34
TEM: 29.99
PRE: 1000.13
HUM: 45.22
TEM: 30.00
PRE: 1000.12
HUM: 45.29
TEM: 30.00
PRE: 1000.13
HUM: 45.33
TEM: 30.00
PRE: 1000.13
HUM: 45.41
TEM: 30.00
PRE: 1000.13
HUM: 45.36
TEM: 30.01
PRE: 1000.12
HUM: 45.40
TEM: 30.01
PRE: 1000.12
HUM: 45.47
TEM: 30.01
PRE: 1000.13
HUM: 45.42
TEM: 30.01
PRE: 1000.13
HUM: 45.47
TEM: 30.01
PRE: 1000.13
HUM: 45.52
TEM: 30.01
PRE: 1000.12
HUM: 45.47
TEM: 30.00
PRE: 1000.11
HUM: 45.51
TEM: 30.00
PRE: 1000.11
HUM: 45.59
TEM: 30.00
PRE: 1000.11
HUM: 45.56
TEM: 30.00
PRE: 1000.10
HUM: 45.58
TEM: 30.00
PRE: 1000.09
HUM: 45.62
TEM: 30.00
PRE: 1000.09
HUM: 45.58
TEM: 30.00
PRE: 1000.10
HUM: 45.61
TEM: 29.99
PRE: 1000.09
HUM: 45.68
TEM: 29.99
PRE: 1000.09
HUM: 45.71
TEM: 29.99
PRE: 1000.09
HUM: 45.71
TEM: 29.99
PRE: 1000.09
HUM: 45.67
TEM: 29.99
PRE: 1000.09
HUM: 45.68
TEM: 29.99
PRE: 1000.08
HUM: 45.74
TEM: 29.99
PRE: 1000.08
HUM: 45.75
TEM: 29.99
PRE: 1000.07
HUM: 45.78
TEM: 29.99
PRE: 1000.07
HUM: 45.84
TEM: 29.99
PRE: 1000.07
HUM: 45.74
TEM: 29.99
PRE: 1000.07
HUM: 45.86
TEM: 29.99
PRE: 1000.06
HUM: 45.82
TEM: 29.99
PRE: 1000.07
HUM: 45.78
TEM: 29.99
PRE: 1000.08
HUM: 45.78
TEM: 29.99
PRE: 1000.08
HUM: 45.84
TEM: 29.99
PRE: 1000.08
HUM: 46.00
TEM: 30.00
PRE: 1000.08
HUM: 45.86
TEM: 29.99
PRE: 1000.07
HUM: 45.80
TEM: 29.99
PRE: 1000.06
HUM: 45.78
TEM: 29.99
PRE: 1000.06
HUM: 45.74
TEM: 29.99
PRE: 1000.05
HUM: 45.69
TEM: 29.99
PRE: 1000.05
HUM: 45.51
TEM: 29.98
PRE: 1000.04
HUM: 45.43
TEM: 29.98
PRE: 1000.04
HUM: 45.35
TEM: 29.98
PRE: 1000.04
HUM: 45.31
TEM: 29.98
PRE: 1000.04
HUM: 45.28
TEM: 29.99
PRE: 1000.03
HUM: 45.29
TEM: 29.99
PRE: 1000.03
HUM: 45.19
TEM: 29.99
PRE: 1000.02
HUM: 45.20
TEM: 29.99
PRE: 1000.02
HUM: 45.18
TEM: 29.99
PRE: 1000.02
HUM: 45.15
TEM: 29.99
PRE: 1000.02
HUM: 45.11
TEM: 29.99
PRE: 1000.02
HUM: 45.06
TEM: 30.00
PRE: 1000.02
HUM: 45.03
TEM: 30.00
PRE: 1000.02
HUM: 44.96
TEM: 30.00
PRE: 1000.01
HUM: 44.92
TEM: 30.00
PRE: 1000.01
HUM: 44.88
TEM: 30.01
PRE: 1000.01
HUM: 44.87
TEM: 30.01
PRE: 1000.00
HUM: 44.88
TEM: 30.01
PRE: 1000.00
HUM: 44.86
TEM: 30.01
PRE: 1000.00
HUM: 44.87
TEM: 30.01
PRE: 1000.00
HUM: 44.90
TEM: 30.01
PRE: 1000.00
HUM: 44.88
TEM: 30.01
PRE: 1000.00
HUM: 44.87
TEM: 30.02
PRE: 1000.01
HUM: 44.76
TEM: 30.02
PRE: 1000.01
HUM: 44.67
TEM: 30.02
PRE: 1000.02
HUM: 44.60
TEM: 30.03
PRE: 1000.02
HUM: 44.51
TEM: 30.03
PRE: 1000.03
HUM: 44.48
TEM: 30.03
PRE: 1000.03
HUM: 44.46
TEM: 30.04
PRE: 1000.02
HUM: 44.30
TEM: 30.05
PRE: 1000.02
HUM: 44.30
TEM: 30.06
PRE: 1000.02
HUM: 44.10
TEM: 30.07
PRE: 1000.01
HUM: 44.05
TEM: 30.08
PRE: 1000.01
HUM: 43.95
TEM: 30.09
PRE: 1000.01
HUM: 43.89
TEM: 30.10
PRE: 1000.01
HUM: 43.94
TEM: 30.11
PRE: 1000.01
HUM: 43.75
TEM: 30.12
PRE: 1000.01
HUM: 43.64
TEM: 30.12
PRE: 1000.01
HUM: 43.59
TEM: 30.13
PRE: 1000.00
HUM: 43.57
TEM: 30.14
PRE: 999.99
HUM: 43.51
TEM: 30.14
PRE: 1000.00
HUM: 43.48
TEM: 30.14
PRE: 999.98
HUM: 43.47
TEM: 30.14
PRE: 999.98
HUM: 43.41
TEM: 30.15
PRE: 999.98
HUM: 43.41
TEM: 30.15
PRE: 999.97
HUM: 43.35
TEM: 30.15
PRE: 999.97
HUM: 43.30
TEM: 30.15
PRE: 999.97
HUM: 43.27
TEM: 30.15
PRE: 999.96
HUM: 43.25
TEM: 30.15
PRE: 999.96
HUM: 43.42
TEM: 30.15
PRE: 999.96
HUM: 43.26
TEM: 30.15
PRE: 999.97
HUM: 43.28
TEM: 30.16
PRE: 999.96
HUM: 43.21
TEM: 30.16
PRE: 999.96
HUM: 43.16
TEM: 30.16
PRE: 999.96
HUM: 43.12
TEM: 30.17
PRE: 999.96
HUM: 43.09
TEM: 30.17
PRE: 999.96
HUM: 43.09
TEM: 30.17
PRE: 999.96
HUM: 43.07
TEM: 30.17
PRE: 999.96
HUM: 43.09
TEM: 30.17
PRE: 999.96
HUM: 43.08
TEM: 30.18
PRE: 999.95
HUM: 43.06
TEM: 30.17
PRE: 999.95
HUM: 43.12
TEM: 30.17
PRE: 999.95
HUM: 43.12
TEM: 30.17
PRE: 999.95
HUM: 43.12
TEM: 30.17
PRE: 999.95
HUM: 43.02
TEM: 30.17
PRE: 999.95
HUM: 42.96
TEM: 30.17
PRE: 999.95
HUM: 43.07
TEM: 30.17
PRE: 999.95
HUM: 42.86
TEM: 30.18
PRE: 999.94
HUM: 42.83
TEM: 30.18
PRE: 999.94
HUM: 42.84
TEM: 30.18
PRE: 999.94
HUM: 42.75
TEM: 30.19
PRE: 999.93
HUM: 42.72
TEM: 30.19
PRE: 999.92
HUM: 42.76
TEM: 30.19
PRE: 999.91
HUM: 42.69
TEM: 30.19
PRE: 999.91
HUM: 42.69
TEM: 30.19
PRE: 999.91
HUM: 42.69
TEM: 30.19
PRE: 999.90
HUM: 42.60
TEM: 30.19
PRE: 999.90
HUM: 42.65
TEM: 30.19
PRE: 999.91
HUM: 42.60
TEM: 30.20
PRE: 999.91
HUM: 42.62
TEM: 30.20
PRE: 999.91
HUM: 42.65
TEM: 30.20
PRE: 999.91
HUM: 42.52
TEM: 30.20
PRE: 999.90
HUM: 42.52
TEM: 30.20
PRE: 999.90
HUM: 42.59
TEM: 30.20
PRE: 999.90
HUM: 42.51
TEM: 30.20
PRE: 999.90
HUM: 42.50
TEM: 30.20
PRE: 999.89
HUM: 42.52
TEM: 30.19
PRE: 999.88
HUM: 42.52
TEM: 30.19
PRE: 999.88
HUM: 42.58
TEM: 30.19
PRE: 999.88
HUM: 42.50
TEM: 30.19
PRE: 999.88
HUM: 42.44
TEM: 30.19
PRE: 999.87
HUM: 42.50
TEM: 30.19
PRE: 999.87
HUM: 42.47
TEM: 30.19
PRE: 999.88
HUM: 42.57
TEM: 30.19
PRE: 999.88
HUM: 42.62
TEM: 30.19
PRE: 999.88
HUM: 42.64
TEM: 30.19
PRE: 999.88
HUM: 42.67
TEM: 30.20
PRE: 999.87
HUM: 42.59
TEM: 30.20
PRE: 999.87
HUM: 42.57
TEM: 30.21
PRE: 999.86
HUM: 42.53
TEM: 30.21
PRE: 999.85
HUM: 42.44
TEM: 30.22
PRE: 999.85
HUM: 42.40
TEM: 30.22
PRE: 999.85
HUM: 42.31
TEM: 30.23
PRE: 999.85
HUM: 42.31
TEM: 30.24
PRE: 999.84
HUM: 42.31
TEM: 30.24
PRE: 999.84
HUM: 42.33
TEM: 30.25
PRE: 999.83
HUM: 42.33
TEM: 30.25
PRE: 999.83
HUM: 42.37
TEM: 30.25
PRE: 999.82
HUM: 42.37
TEM: 30.25
PRE: 999.83
HUM: 42.43
TEM: 30.26
PRE: 999.82
HUM: 42.39
TEM: 30.26
PRE: 999.82
HUM: 42.44
TEM: 30.26
PRE: 999.82
HUM: 42.45
TEM: 30.26
PRE: 999.83
HUM: 42.43
TEM: 30.26
PRE: 999.84
HUM: 42.45
TEM: 30.26
PRE: 999.84
HUM: 42.48
TEM: 30.26
PRE: 999.84
HUM: 42.50
TEM: 30.26
PRE: 999.84
HUM: 42.50
TEM: 30.26
PRE: 999.84
HUM: 42.51
TEM: 30.26
PRE: 999.85
HUM: 42.51
TEM: 30.26
PRE: 999.85
HUM: 42.57
TEM: 30.26
PRE: 999.85
HUM: 42.52
TEM: 30.26
PRE: 999.85
HUM: 42.54
TEM: 30.26
PRE: 999.85
HUM: 42.52
TEM: 30.26
PRE: 999.84
HUM: 42.55
TEM: 30.26
PRE: 999.83
HUM: 42.58
TEM: 30.25
PRE: 999.84
HUM: 42.58
TEM: 30.25
PRE: 999.83
HUM: 42.63
TEM: 30.25
PRE: 999.83
HUM: 42.63
TEM: 30.25
PRE: 999.83
HUM: 42.68
TEM: 30.24
PRE: 999.82
HUM: 42.74
TEM: 30.24
PRE: 999.82
HUM: 42.77
TEM: 30.23
PRE: 999.82
HUM: 42.75
TEM: 30.23
PRE: 999.82
HUM: 42.80
TEM: 30.22
PRE: 999.82
HUM: 42.81
TEM: 30.22
PRE: 999.82
HUM: 42.80
TEM: 30.21
PRE: 999.81
HUM: 42.80
TEM: 30.21
PRE: 999.80
HUM: 42.78
TEM: 30.20
PRE: 999.80
HUM: 42.81
TEM: 30.20
PRE: 999.80
HUM: 42.83
TEM: 30.19
PRE: 999.80
HUM: 42.85
TEM: 30.19
PRE: 999.79
HUM: 42.87
TEM: 30.19
PRE: 999.79
HUM: 42.88
TEM: 30.18
PRE: 999.78
HUM: 42.90
TEM: 30.18
PRE: 999.78
HUM: 42.91
TEM: 30.18
PRE: 999.77
HUM: 42.94
TEM: 30.18
PRE: 999.76
HUM: 43.00
TEM: 30.17
PRE: 999.76
HUM: 43.00
TEM: 30.17
PRE: 999.76
HUM: 43.00
TEM: 30.17
PRE: 999.76
HUM: 43.01
TEM: 30.17
PRE: 999.76
HUM: 43.02
TEM: 30.17
PRE: 999.76
HUM: 43.01
TEM: 30.16
PRE: 999.76
HUM: 43.02
TEM: 30.16
PRE: 999.75
HUM: 43.07
TEM: 30.16
PRE: 999.75
HUM: 43.01
TEM: 30.16
PRE: 999.75
HUM: 43.05
TEM: 30.16
PRE: 999.75
HUM: 43.08
TEM: 30.16
PRE: 999.74
HUM: 43.07
TEM: 30.16
PRE: 999.74
HUM: 43.08
TEM: 30.16
PRE: 999.74
HUM: 43.09
TEM: 30.16
PRE: 999.73
HUM: 43.10
TEM: 30.16
PRE: 999.73
HUM: 43.09
TEM: 30.16
PRE: 999.72
HUM: 43.10
TEM: 30.16
PRE: 999.73
HUM: 43.11
TEM: 30.16
PRE: 999.72
HUM: 43.14
TEM: 30.16
PRE: 999.72
HUM: 43.17
TEM: 30.16
PRE: 999.72
HUM: 43.16
TEM: 30.16
PRE: 999.72
HUM: 43.16
TEM: 30.16
PRE: 999.72
HUM: 43.20
TEM: 30.16
PRE: 999.72
HUM: 43.20
TEM: 30.16
PRE: 999.72
HUM: 43.20
TEM: 30.16
PRE: 999.72
HUM: 43.21
TEM: 30.16
PRE: 999.72
HUM: 43.21
TEM: 30.16
PRE: 999.72
HUM: 43.22
TEM: 30.16
PRE: 999.71
HUM: 43.29
TEM: 30.16
PRE: 999.71
HUM: 43.41
TEM: 30.16
PRE: 999.71
HUM: 43.59
TEM: 30.16
PRE: 999.71
HUM: 43.67
TEM: 30.16
PRE: 999.71
HUM: 43.70
TEM: 30.16
PRE: 999.71
HUM: 43.74
TEM: 30.16
PRE: 999.71
HUM: 43.82
TEM: 30.15
PRE: 999.71
HUM: 43.88
TEM: 30.15
PRE: 999.70
HUM: 43.96
TEM: 30.15
PRE: 999.71
HUM: 44.17
TEM: 30.15
PRE: 999.70
HUM: 44.24
TEM: 30.15
PRE: 999.70
HUM: 44.30
TEM: 30.15
PRE: 999.70
HUM: 44.47
TEM: 30.15
PRE: 999.70
HUM: 44.59
TEM: 30.15
PRE: 999.70
HUM: 44.68
TEM: 30.15
PRE: 999.70
HUM: 44.75
TEM: 30.15
PRE: 999.70
HUM: 44.93
TEM: 30.15
PRE: 999.69
HUM: 45.06
TEM: 30.15
PRE: 999.69
HUM: 45.15
TEM: 30.15
PRE: 999.69
HUM: 45.38
TEM: 30.14
PRE: 999.69
HUM: 45.59
TEM: 30.14
PRE: 999.68
HUM: 45.58
TEM: 30.14
PRE: 999.67
HUM: 45.39
TEM: 30.14
PRE: 999.68
HUM: 45.22
TEM: 30.14
PRE: 999.69
HUM: 45.26
TEM: 30.14
PRE: 999.69
HUM: 45.20
TEM: 30.14
PRE: 999.69
HUM: 45.29
TEM: 30.15
PRE: 999.68
HUM: 45.27
TEM: 30.15
PRE: 999.68
HUM: 45.32
TEM: 30.15
PRE: 999.68
HUM: 45.51
TEM: 30.16
PRE: 999.68
HUM: 45.51
TEM: 30.17
PRE: 999.68
HUM: 45.46
TEM: 30.18
PRE: 999.68
HUM: 45.95
TEM: 30.18
PRE: 999.68
HUM: 45.76
TEM: 30.19
PRE: 999.67
HUM: 45.80
TEM: 30.20
PRE: 999.67
HUM: 45.78
TEM: 30.20
PRE: 999.66
HUM: 45.88
TEM: 30.20
PRE: 999.66
HUM: 45.85
TEM: 30.21
PRE: 999.65
HUM: 45.38
TEM: 30.21
PRE: 999.65
HUM: 45.45
TEM: 30.21
PRE: 999.65
HUM: 45.17
TEM: 30.21
PRE: 999.64
HUM: 45.30
TEM: 30.22
PRE: 999.64
HUM: 45.30
TEM: 30.22
PRE: 999.65
HUM: 45.05
TEM: 30.22
PRE: 999.64
HUM: 44.95
TEM: 30.22
PRE: 999.64
HUM: 44.96
TEM: 30.23
PRE: 999.65
HUM: 44.88
TEM: 30.24
PRE: 999.65
HUM: 44.81
TEM: 30.25
PRE: 999.64
HUM: 44.79
TEM: 30.26
PRE: 999.64
HUM: 44.73
TEM: 30.26
PRE: 999.64
HUM: 44.62
TEM: 30.27
PRE: 999.65
HUM: 44.57
TEM: 30.28
PRE: 999.64
HUM: 44.54
TEM: 30.29
PRE: 999.64
HUM: 46.16
TEM: 30.30
PRE: 999.64
HUM: 46.03
TEM: 30.31
PRE: 999.64
HUM: 45.25
TEM: 30.32
PRE: 999.65
HUM: 44.89
TEM: 30.32
PRE: 999.65
HUM: 44.66
TEM: 30.33
PRE: 999.65
HUM: 44.51
TEM: 30.34
PRE: 999.64
HUM: 44.14
TEM: 30.35
PRE: 999.64
HUM: 44.34
TEM: 30.35
PRE: 999.64
HUM: 44.52
TEM: 30.37
PRE: 999.64
HUM: 44.72
TEM: 30.38
PRE: 999.64
HUM: 44.56
TEM: 30.39
PRE: 999.65
HUM: 44.78
TEM: 30.40
PRE: 999.65
HUM: 44.71
TEM: 30.42
PRE: 999.65
HUM: 44.45
TEM: 30.43
PRE: 999.65
HUM: 43.92
TEM: 30.43
PRE: 999.64
HUM: 44.35
TEM: 30.44
PRE: 999.64
HUM: 44.68
TEM: 30.45
PRE: 999.64
HUM: 44.72
TEM: 30.46
PRE: 999.64
HUM: 44.87
TEM: 30.46
PRE: 999.64
HUM: 44.89
TEM: 30.47
PRE: 999.63
HUM: 44.86
TEM: 30.47
PRE: 999.63
HUM: 44.93
TEM: 30.47
PRE: 999.62
HUM: 44.68
TEM: 30.47
PRE: 999.62
HUM: 44.68
TEM: 30.48
PRE: 999.62
HUM: 44.53
TEM: 30.48
PRE: 999.61
HUM: 44.44
TEM: 30.47
PRE: 999.61
HUM: 44.47
TEM: 30.47
PRE: 999.61
HUM: 44.19
TEM: 30.47
PRE: 999.61
HUM: 44.14
TEM: 30.47
PRE: 999.62
HUM: 44.14
TEM: 30.47
PRE: 999.62
HUM: 44.23
TEM: 30.47
PRE: 999.62
HUM: 44.05
TEM: 30.47
PRE: 999.62
HUM: 44.13
TEM: 30.47
PRE: 999.62
HUM: 44.10
TEM: 30.46
PRE: 999.61
HUM: 44.01
TEM: 30.46
PRE: 999.61
HUM: 43.69
TEM: 30.45
PRE: 999.62
HUM: 43.39
TEM: 30.45
PRE: 999.62
HUM: 43.26
TEM: 30.45
PRE: 999.62
HUM: 43.41
TEM: 30.44
PRE: 999.62
HUM: 43.57
TEM: 30.44
PRE: 999.62
HUM: 43.55
TEM: 30.44
PRE: 999.61
HUM: 43.48
TEM: 30.43
PRE: 999.62
HUM: 43.61
TEM: 30.42
PRE: 999.62
HUM: 43.32
TEM: 30.42
PRE: 999.62
HUM: 43.32
TEM: 30.41
PRE: 999.62
HUM: 42.97
TEM: 30.40
PRE: 999.61
HUM: 42.86
TEM: 30.40
PRE: 999.60
HUM: 42.79
TEM: 30.39
PRE: 999.60
HUM: 42.82
TEM: 30.39
PRE: 999.60
HUM: 42.67
TEM: 30.38
PRE: 999.60
HUM: 42.78
TEM: 30.37
PRE: 999.59
HUM: 42.68
TEM: 30.37
PRE: 999.58
HUM: 42.57
TEM: 30.36
PRE: 999.58
HUM: 42.71
TEM: 30.36
PRE: 999.57
HUM: 42.88
TEM: 30.36
PRE: 999.56
HUM: 43.10
TEM: 30.35
PRE: 999.56
HUM: 43.08
TEM: 30.34
PRE: 999.56
HUM: 43.06
TEM: 30.33
PRE: 999.56
HUM: 42.94
TEM: 30.33
PRE: 999.55
HUM: 42.67
TEM: 30.32
PRE: 999.55
HUM: 42.41
TEM: 30.31
PRE: 999.55
HUM: 42.37
TEM: 30.31
PRE: 999.56
HUM: 42.23
TEM: 30.30
PRE: 999.56
HUM: 41.99
TEM: 30.30
PRE: 999.56
HUM: 42.16
TEM: 30.29
PRE: 999.56
HUM: 42.02
TEM: 30.29
PRE: 999.56
HUM: 41.88
TEM: 30.28
PRE: 999.57
HUM: 41.66
TEM: 30.28
PRE: 999.57
HUM: 41.41
TEM: 30.27
PRE: 999.58
HUM: 41.41
TEM: 30.27
PRE: 999.57
HUM: 41.21
TEM: 30.27
PRE: 999.57
HUM: 40.86
TEM: 30.27
PRE: 999.57
HUM: 40.75
TEM: 30.27
PRE: 999.57
HUM: 40.74
TEM: 30.27
PRE: 999.56
HUM: 40.84
TEM: 30.27
PRE: 999.55
HUM: 40.88
TEM: 30.27
PRE: 999.55
HUM: 40.80
TEM: 30.27
PRE: 999.54
HUM: 40.68
TEM: 30.27
PRE: 999.55
HUM: 40.67
TEM: 30.28
PRE: 999.55
HUM: 40.39
TEM: 30.28
PRE: 999.55
HUM: 40.38
TEM: 30.28
PRE: 999.54
HUM: 40.35
TEM: 30.28
PRE: 999.54
HUM: 40.09
TEM: 30.28
PRE: 999.54
HUM: 40.12
TEM: 30.28
PRE: 999.53
HUM: 40.01
TEM: 30.28
PRE: 999.54
HUM: 39.94
TEM: 30.28
PRE: 999.53
HUM: 39.99
TEM: 30.28
PRE: 999.52
HUM: 39.89
TEM: 30.28
PRE: 999.53
HUM: 39.96
TEM: 30.28
PRE: 999.52
HUM: 39.90
TEM: 30.28
PRE: 999.51
HUM: 39.82
TEM: 30.28
PRE: 999.51
HUM: 39.82
TEM: 30.28
PRE: 999.51
HUM: 39.75
TEM: 30.28
PRE: 999.51
HUM: 39.73
TEM: 30.28
PRE: 999.50
HUM: 39.71
TEM: 30.28
PRE: 999.50
HUM: 39.66
TEM: 30.28
PRE: 999.51
HUM: 39.77
TEM: 30.28
PRE: 999.50
HUM: 39.70
TEM: 30.28
PRE: 999.49
HUM: 39.61
TEM: 30.28
PRE: 999.49
HUM: 39.71
TEM: 30.28
PRE: 999.49
HUM: 39.66
TEM: 30.28
PRE: 999.48
HUM: 39.69
TEM: 30.27
PRE: 999.48
HUM: 39.63
TEM: 30.27
PRE: 999.48
HUM: 39.60
TEM: 30.27
PRE: 999.48
HUM: 39.49
TEM: 30.27
PRE: 999.48
HUM: 39.49
TEM: 30.27
PRE: 999.48
HUM: 39.43
TEM: 30.26
PRE: 999.49
HUM: 39.46
TEM: 30.27
PRE: 999.49
HUM: 39.35
TEM: 30.27
PRE: 999.48
HUM: 39.28
TEM: 30.27
PRE: 999.49
HUM: 39.25
TEM: 30.27
PRE: 999.48
HUM: 39.19
TEM: 30.27
PRE: 999.48
HUM: 39.21
TEM: 30.27
PRE: 999.48
HUM: 39.28
TEM: 30.27
PRE: 999.48
HUM: 39.21
TEM: 30.27
PRE: 999.47
HUM: 39.27
TEM: 30.27
PRE: 999.46
HUM: 39.29
TEM: 30.27
PRE: 999.47
HUM: 39.28
TEM: 30.27
PRE: 999.46
HUM: 39.29
TEM: 30.27
PRE: 999.46
HUM: 39.34
TEM: 30.27
PRE: 999.45
HUM: 39.25
TEM: 30.27
PRE: 999.45
HUM: 39.39
TEM: 30.27
PRE: 999.44
HUM: 39.30
TEM: 30.27
